TN:
SF:/app/kukuri-tauri/src-tauri/src/application/services/auth_service.rs
FN:22,AuthService::new
FN:36,AuthService::create_account
FN:60,AuthService::login_with_nsec
FN:88,AuthService::login_with_npub
FN:104,AuthService::logout
FN:109,AuthService::get_current_user
FN:117,AuthService::is_authenticated
FN:125,AuthService::get_auth_status
FN:136,AuthService::export_private_key
FN:140,AuthService::list_accounts
FN:144,AuthService::switch_account
FNF:11
FNDA:0,AuthService::new
FNDA:0,AuthService::create_account
FNDA:0,AuthService::login_with_nsec
FNDA:0,AuthService::login_with_npub
FNDA:0,AuthService::logout
FNDA:0,AuthService::get_current_user
FNDA:0,AuthService::is_authenticated
FNDA:0,AuthService::get_auth_status
FNDA:0,AuthService::export_private_key
FNDA:0,AuthService::list_accounts
FNDA:0,AuthService::switch_account
DA:22,0
DA:36,0
DA:38,0
DA:41,0
DA:42,0
DA:43,0
DA:44,0
DA:47,0
DA:48,0
DA:50,0
DA:51,0
DA:54,0
DA:55,0
DA:57,0
DA:60,0
DA:62,0
DA:65,0
DA:66,0
DA:67,0
DA:68,0
DA:70,0
DA:72,0
DA:73,0
DA:75,0
DA:76,0
DA:77,0
DA:82,0
DA:83,0
DA:85,0
DA:88,0
DA:90,0
DA:93,0
DA:95,0
DA:96,0
DA:99,0
DA:101,0
DA:104,0
DA:105,0
DA:106,0
DA:109,0
DA:110,0
DA:111,0
DA:113,0
DA:117,0
DA:118,0
DA:120,0
DA:121,0
DA:125,0
DA:126,0
DA:127,0
DA:129,0
DA:130,0
DA:131,0
DA:132,0
DA:136,0
DA:137,0
DA:140,0
DA:141,0
DA:144,0
DA:145,0
LF:60
LH:0
end_of_record
TN:
SF:/app/kukuri-tauri/src-tauri/src/application/services/event_service/core.rs
FN:31,EventService::new
FN:49,EventService::set_subscription_invoker
FN:53,EventService::subscription_invoker
FN:59,EventService::create_event
FN:78,EventService::process_received_event
FN:101,EventService::get_event
FN:105,EventService::get_events_by_kind
FN:113,EventService::get_events_by_author
FN:121,EventService::delete_event
FN:138,EventService::sync_pending_events
FN:179,<impl EventServiceTrait for EventService>::initialize
FN:183,<impl EventServiceTrait for EventService>::publish_text_note
FN:193,<impl EventServiceTrait for EventService>::publish_topic_post
FN:203,<impl EventServiceTrait for EventService>::send_reaction
FN:212,<impl EventServiceTrait for EventService>::update_metadata
FN:217,<impl EventServiceTrait for EventService>::subscribe_to_topic
FN:221,<impl EventServiceTrait for EventService>::subscribe_to_user
FN:225,<impl EventServiceTrait for EventService>::get_public_key
FN:237,<impl EventServiceTrait for EventService>::delete_events
FN:256,<impl EventServiceTrait for EventService>::disconnect
FN:260,<impl EventServiceTrait for EventService>::set_default_p2p_topic
FN:274,<impl EventServiceTrait for EventService>::list_subscriptions
FNF:22
FNDA:0,EventService::new
FNDA:0,EventService::set_subscription_invoker
FNDA:0,EventService::subscription_invoker
FNDA:0,EventService::create_event
FNDA:0,EventService::process_received_event
FNDA:0,EventService::get_event
FNDA:0,EventService::get_events_by_kind
FNDA:0,EventService::get_events_by_author
FNDA:0,EventService::delete_event
FNDA:0,EventService::sync_pending_events
FNDA:0,<impl EventServiceTrait for EventService>::initialize
FNDA:0,<impl EventServiceTrait for EventService>::publish_text_note
FNDA:0,<impl EventServiceTrait for EventService>::publish_topic_post
FNDA:0,<impl EventServiceTrait for EventService>::send_reaction
FNDA:0,<impl EventServiceTrait for EventService>::update_metadata
FNDA:0,<impl EventServiceTrait for EventService>::subscribe_to_topic
FNDA:0,<impl EventServiceTrait for EventService>::subscribe_to_user
FNDA:0,<impl EventServiceTrait for EventService>::get_public_key
FNDA:0,<impl EventServiceTrait for EventService>::delete_events
FNDA:0,<impl EventServiceTrait for EventService>::disconnect
FNDA:0,<impl EventServiceTrait for EventService>::set_default_p2p_topic
FNDA:0,<impl EventServiceTrait for EventService>::list_subscriptions
DA:31,0
DA:49,0
DA:50,0
DA:53,0
DA:54,0
DA:56,0
DA:59,0
DA:66,0
DA:68,0
DA:69,0
DA:70,0
DA:72,0
DA:73,0
DA:75,0
DA:78,0
DA:79,0
DA:80,0
DA:83,0
DA:85,0
DA:86,0
DA:92,0
DA:93,0
DA:94,0
DA:95,0
DA:98,0
DA:101,0
DA:102,0
DA:105,0
DA:110,0
DA:113,0
DA:118,0
DA:121,0
DA:127,0
DA:129,0
DA:130,0
DA:131,0
DA:132,0
DA:133,0
DA:135,0
DA:138,0
DA:139,0
DA:140,0
DA:142,0
DA:143,0
DA:144,0
DA:145,0
DA:148,0
DA:179,0
DA:180,0
DA:183,0
DA:184,0
DA:193,0
DA:194,0
DA:195,0
DA:196,0
DA:197,0
DA:198,0
DA:199,0
DA:200,0
DA:203,0
DA:204,0
DA:205,0
DA:206,0
DA:207,0
DA:208,0
DA:209,0
DA:212,0
DA:213,0
DA:214,0
DA:217,0
DA:218,0
DA:221,0
DA:222,0
DA:225,0
DA:226,0
DA:228,0
DA:229,0
DA:237,0
DA:238,0
DA:239,0
DA:243,0
DA:244,0
DA:246,0
DA:247,0
DA:249,0
DA:250,0
DA:253,0
DA:256,0
DA:257,0
DA:260,0
DA:261,0
DA:262,0
DA:263,0
DA:266,0
DA:267,0
DA:268,0
DA:269,0
DA:270,0
DA:271,0
DA:274,0
DA:275,0
LF:101
LH:0
end_of_record
TN:
SF:/app/kukuri-tauri/src-tauri/src/application/services/event_service/distribution.rs
FN:7,distribute_hybrid
FNF:1
FNDA:0,distribute_hybrid
DA:7,0
DA:11,0
DA:12,0
DA:13,0
DA:14,0
LF:5
LH:0
end_of_record
TN:
SF:/app/kukuri-tauri/src-tauri/src/application/services/event_service/subscription.rs
FN:9,EventService::handle_network_disconnected
FN:13,EventService::handle_network_connected
FN:17,EventService::restore_subscriptions
FN:73,subscribe_to_topic_internal
FN:117,subscribe_to_user_internal
FN:161,list_subscriptions_internal
FNF:6
FNDA:0,EventService::handle_network_disconnected
FNDA:0,EventService::handle_network_connected
FNDA:0,EventService::restore_subscriptions
FNDA:0,subscribe_to_topic_internal
FNDA:0,subscribe_to_user_internal
FNDA:0,list_subscriptions_internal
DA:9,0
DA:10,0
DA:13,0
DA:14,0
DA:17,0
DA:18,0
DA:20,0
DA:21,0
DA:23,0
DA:24,0
DA:25,0
DA:26,0
DA:27,0
DA:28,0
DA:31,0
DA:32,0
DA:33,0
DA:35,0
DA:38,0
DA:40,0
DA:41,0
DA:42,0
DA:44,0
DA:45,0
DA:46,0
DA:48,0
DA:49,0
DA:51,0
DA:56,0
DA:60,0
DA:65,0
DA:66,0
DA:68,0
DA:73,0
DA:77,0
DA:78,0
DA:79,0
DA:83,0
DA:85,0
DA:86,0
DA:88,0
DA:89,0
DA:90,0
DA:92,0
DA:94,0
DA:96,0
DA:97,0
DA:98,0
DA:100,0
DA:101,0
DA:102,0
DA:104,0
DA:105,0
DA:107,0
DA:112,0
DA:117,0
DA:121,0
DA:122,0
DA:123,0
DA:127,0
DA:129,0
DA:130,0
DA:132,0
DA:133,0
DA:134,0
DA:136,0
DA:138,0
DA:140,0
DA:141,0
DA:142,0
DA:144,0
DA:145,0
DA:146,0
DA:148,0
DA:149,0
DA:151,0
DA:156,0
DA:161,0
DA:164,0
LF:79
LH:0
end_of_record
TN:
SF:/app/kukuri-tauri/src-tauri/src/application/services/offline_service.rs
FN:67,OfflineService::new
FN:71,OfflineService::build_action_draft
FN:104,OfflineService::filter_from_query
FN:115,<impl OfflineServiceTrait for OfflineService>::save_action
FN:123,<impl OfflineServiceTrait for OfflineService>::list_actions
FN:127,<impl OfflineServiceTrait for OfflineService>::sync_actions
FN:131,<impl OfflineServiceTrait for OfflineService>::cache_status
FN:135,<impl OfflineServiceTrait for OfflineService>::enqueue_sync
FN:139,<impl OfflineServiceTrait for OfflineService>::upsert_cache_metadata
FN:147,<impl OfflineServiceTrait for OfflineService>::save_optimistic_update
FN:154,<impl OfflineServiceTrait for OfflineService>::confirm_optimistic_update
FN:161,<impl OfflineServiceTrait for OfflineService>::rollback_optimistic_update
FN:164,<impl OfflineServiceTrait for OfflineService>::cleanup_expired_cache
FN:168,<impl OfflineServiceTrait for OfflineService>::update_sync_status
FNF:14
FNDA:4,OfflineService::new
FNDA:3,OfflineService::build_action_draft
FNDA:1,OfflineService::filter_from_query
FNDA:6,<impl OfflineServiceTrait for OfflineService>::save_action
FNDA:2,<impl OfflineServiceTrait for OfflineService>::list_actions
FNDA:4,<impl OfflineServiceTrait for OfflineService>::sync_actions
FNDA:0,<impl OfflineServiceTrait for OfflineService>::cache_status
FNDA:0,<impl OfflineServiceTrait for OfflineService>::enqueue_sync
FNDA:4,<impl OfflineServiceTrait for OfflineService>::upsert_cache_metadata
FNDA:0,<impl OfflineServiceTrait for OfflineService>::save_optimistic_update
FNDA:0,<impl OfflineServiceTrait for OfflineService>::confirm_optimistic_update
FNDA:0,<impl OfflineServiceTrait for OfflineService>::rollback_optimistic_update
FNDA:3,<impl OfflineServiceTrait for OfflineService>::cleanup_expired_cache
FNDA:4,<impl OfflineServiceTrait for OfflineService>::update_sync_status
DA:67,4
DA:71,3
DA:74,3
DA:75,3
DA:76,3
DA:78,0
DA:79,0
DA:84,3
DA:85,6
DA:86,6
DA:88,3
DA:89,3
DA:90,6
DA:93,3
DA:96,6
DA:97,6
DA:98,6
DA:99,6
DA:100,3
DA:104,1
DA:105,1
DA:115,6
DA:116,8
DA:123,2
DA:124,3
DA:127,4
DA:128,3
DA:131,0
DA:132,0
DA:135,0
DA:136,0
DA:139,4
DA:140,3
DA:147,0
DA:154,0
DA:161,0
DA:164,3
DA:165,2
DA:168,4
DA:169,3
LF:40
LH:31
end_of_record
TN:
SF:/app/kukuri-tauri/src-tauri/src/application/services/p2p_service.rs
FN:75,P2PService::new
FN:82,P2PService::with_discovery
FN:94,P2PService::discovery_options
FN:98,P2PService::set_mainline_enabled
FN:103,P2PService::builder
FN:124,P2PServiceBuilder::new
FN:137,P2PServiceBuilder::with_discovery_options
FN:142,P2PServiceBuilder::enable_mainline
FN:147,P2PServiceBuilder::with_event_sender
FN:152,P2PServiceBuilder::discovery_options
FN:156,P2PServiceBuilder::build
FN:191,<impl P2PServiceTrait for P2PService>::initialize
FN:197,<impl P2PServiceTrait for P2PService>::join_topic
FN:204,<impl P2PServiceTrait for P2PService>::leave_topic
FN:211,<impl P2PServiceTrait for P2PService>::broadcast_message
FN:218,<impl P2PServiceTrait for P2PService>::get_status
FN:281,<impl P2PServiceTrait for P2PService>::get_node_addresses
FN:288,<impl P2PServiceTrait for P2PService>::generate_topic_id
FNF:18
FNDA:1,P2PService::new
FNDA:1,P2PService::with_discovery
FNDA:0,P2PService::discovery_options
FNDA:0,P2PService::set_mainline_enabled
FNDA:0,P2PService::builder
FNDA:0,P2PServiceBuilder::new
FNDA:0,P2PServiceBuilder::with_discovery_options
FNDA:0,P2PServiceBuilder::enable_mainline
FNDA:0,P2PServiceBuilder::with_event_sender
FNDA:0,P2PServiceBuilder::discovery_options
FNDA:0,P2PServiceBuilder::build
FNDA:3,<impl P2PServiceTrait for P2PService>::initialize
FNDA:4,<impl P2PServiceTrait for P2PService>::join_topic
FNDA:3,<impl P2PServiceTrait for P2PService>::leave_topic
FNDA:3,<impl P2PServiceTrait for P2PService>::broadcast_message
FNDA:3,<impl P2PServiceTrait for P2PService>::get_status
FNDA:3,<impl P2PServiceTrait for P2PService>::get_node_addresses
FNDA:1,<impl P2PServiceTrait for P2PService>::generate_topic_id
DA:75,1
DA:79,1
DA:82,1
DA:90,4
DA:94,0
DA:95,0
DA:98,0
DA:99,0
DA:100,0
DA:103,0
DA:104,0
DA:105,0
DA:124,0
DA:137,0
DA:138,0
DA:139,0
DA:142,0
DA:143,0
DA:144,0
DA:147,0
DA:148,0
DA:149,0
DA:152,0
DA:153,0
DA:156,0
DA:158,0
DA:159,0
DA:160,0
DA:161,0
DA:164,0
DA:166,0
DA:167,0
DA:168,0
DA:169,0
DA:171,0
DA:173,0
DA:174,0
DA:175,0
DA:176,0
DA:178,0
DA:181,0
DA:182,0
DA:183,0
DA:191,3
DA:194,1
DA:197,4
DA:198,6
DA:199,1
DA:200,3
DA:201,2
DA:204,3
DA:205,5
DA:206,1
DA:207,3
DA:208,0
DA:211,3
DA:212,5
DA:213,1
DA:214,3
DA:215,0
DA:218,3
DA:220,4
DA:223,3
DA:224,0
DA:227,5
DA:230,4
DA:231,0
DA:233,1
DA:234,1
DA:236,7
DA:237,5
DA:239,1
DA:240,4
DA:241,0
DA:243,4
DA:244,1
DA:246,5
DA:248,1
DA:249,4
DA:250,0
DA:251,2
DA:254,1
DA:256,2
DA:257,1
DA:264,1
DA:266,1
DA:267,1
DA:268,1
DA:269,1
DA:272,1
DA:274,1
DA:275,1
DA:276,1
DA:281,3
DA:282,4
DA:284,3
DA:285,0
DA:288,1
DA:291,1
DA:292,1
DA:293,1
LF:101
LH:55
end_of_record
TN:
SF:/app/kukuri-tauri/src-tauri/src/application/services/post_service.rs
FN:20,PostService::new
FN:34,PostService::with_keys
FN:39,PostService::create_post
FN:83,PostService::get_post
FN:100,PostService::get_posts_by_topic
FN:117,PostService::like_post
FN:149,PostService::boost_post
FN:181,PostService::delete_post
FN:207,PostService::get_posts_by_author
FN:217,PostService::get_recent_posts
FN:221,PostService::react_to_post
FN:231,PostService::bookmark_post
FN:243,PostService::unbookmark_post
FN:255,PostService::get_bookmarked_post_ids
FN:269,PostService::sync_pending_posts
FNF:15
FNDA:1,PostService::new
FNDA:0,PostService::with_keys
FNDA:0,PostService::create_post
FNDA:0,PostService::get_post
FNDA:0,PostService::get_posts_by_topic
FNDA:0,PostService::like_post
FNDA:0,PostService::boost_post
FNDA:0,PostService::delete_post
FNDA:0,PostService::get_posts_by_author
FNDA:0,PostService::get_recent_posts
FNDA:0,PostService::react_to_post
FNDA:4,PostService::bookmark_post
FNDA:4,PostService::unbookmark_post
FNDA:1,PostService::get_bookmarked_post_ids
FNDA:0,PostService::sync_pending_posts
DA:20,1
DA:29,2
DA:34,0
DA:35,0
DA:36,0
DA:39,0
DA:45,0
DA:48,0
DA:51,0
DA:53,0
DA:55,0
DA:56,0
DA:57,0
DA:62,0
DA:63,0
DA:65,0
DA:68,0
DA:69,0
DA:70,0
DA:73,0
DA:74,0
DA:78,0
DA:80,0
DA:83,0
DA:85,0
DA:86,0
DA:90,0
DA:93,0
DA:94,0
DA:97,0
DA:100,0
DA:107,0
DA:110,0
DA:111,0
DA:114,0
DA:117,0
DA:118,0
DA:119,0
DA:120,0
DA:123,0
DA:126,0
DA:127,0
DA:129,0
DA:130,0
DA:131,0
DA:136,0
DA:137,0
DA:139,0
DA:141,0
DA:142,0
DA:143,0
DA:146,0
DA:149,0
DA:150,0
DA:151,0
DA:152,0
DA:155,0
DA:158,0
DA:159,0
DA:161,0
DA:162,0
DA:163,0
DA:168,0
DA:169,0
DA:171,0
DA:173,0
DA:174,0
DA:175,0
DA:178,0
DA:181,0
DA:183,0
DA:184,0
DA:186,0
DA:187,0
DA:188,0
DA:193,0
DA:194,0
DA:196,0
DA:198,0
DA:199,0
DA:200,0
DA:204,0
DA:207,0
DA:212,0
DA:214,0
DA:217,0
DA:218,0
DA:221,0
DA:223,0
DA:224,0
DA:227,0
DA:231,4
DA:232,2
DA:233,2
DA:235,5
DA:236,1
DA:237,5
DA:239,1
DA:240,1
DA:243,4
DA:244,2
DA:245,2
DA:247,5
DA:248,1
DA:249,4
DA:251,2
DA:252,1
DA:255,1
DA:259,2
DA:261,3
DA:263,2
DA:265,2
DA:269,0
DA:270,0
DA:271,0
DA:273,0
DA:277,0
DA:278,0
DA:280,0
DA:283,0
DA:285,0
DA:286,0
DA:290,0
DA:291,0
DA:292,0
DA:293,0
DA:297,0
LF:127
LH:23
end_of_record
TN:
SF:/app/kukuri-tauri/src-tauri/src/application/services/subscription_state.rs
FN:36,SubscriptionStateMachine::new
FN:40,SubscriptionStateMachine::load_or_initialize
FN:57,<impl SubscriptionStateStore for SubscriptionStateMachine>::record_request
FN:74,<impl SubscriptionStateStore for SubscriptionStateMachine>::mark_subscribed
FN:80,<impl SubscriptionStateStore for SubscriptionStateMachine>::mark_failure
FN:88,<impl SubscriptionStateStore for SubscriptionStateMachine>::mark_all_need_resync
FN:93,<impl SubscriptionStateStore for SubscriptionStateMachine>::list_for_restore
FN:97,<impl SubscriptionStateStore for SubscriptionStateMachine>::list_all
FNF:8
FNDA:2,SubscriptionStateMachine::new
FNDA:1,SubscriptionStateMachine::load_or_initialize
FNDA:6,<impl SubscriptionStateStore for SubscriptionStateMachine>::record_request
FNDA:2,<impl SubscriptionStateStore for SubscriptionStateMachine>::mark_subscribed
FNDA:3,<impl SubscriptionStateStore for SubscriptionStateMachine>::mark_failure
FNDA:3,<impl SubscriptionStateStore for SubscriptionStateMachine>::mark_all_need_resync
FNDA:3,<impl SubscriptionStateStore for SubscriptionStateMachine>::list_for_restore
FNDA:3,<impl SubscriptionStateStore for SubscriptionStateMachine>::list_all
DA:36,2
DA:40,1
DA:44,3
DA:45,1
DA:46,0
DA:57,6
DA:58,15
DA:60,3
DA:61,8
DA:62,4
DA:64,2
DA:66,7
DA:74,2
DA:75,1
DA:76,2
DA:77,1
DA:80,3
DA:81,1
DA:82,2
DA:83,1
DA:84,2
DA:85,1
DA:88,3
DA:89,1
DA:90,2
DA:93,3
DA:94,2
DA:97,3
DA:98,2
LF:29
LH:28
end_of_record
TN:
SF:/app/kukuri-tauri/src-tauri/src/application/services/sync_service.rs
FN:22,SyncService::new
FN:41,SyncService::start_sync
FN:72,SyncService::stop_sync
FN:78,SyncService::get_status
FN:82,SyncService::reset_sync
FN:90,SyncService::schedule_sync
FN:110,<impl Clone for SyncService>::clone
FNF:7
FNDA:0,SyncService::new
FNDA:0,SyncService::start_sync
FNDA:0,SyncService::stop_sync
FNDA:0,SyncService::get_status
FNDA:0,SyncService::reset_sync
FNDA:0,SyncService::schedule_sync
FNDA:0,<impl Clone for SyncService>::clone
DA:22,0
DA:31,0
DA:41,0
DA:42,0
DA:44,0
DA:45,0
DA:48,0
DA:49,0
DA:52,0
DA:53,0
DA:57,0
DA:60,0
DA:63,0
DA:64,0
DA:65,0
DA:66,0
DA:67,0
DA:69,0
DA:72,0
DA:73,0
DA:74,0
DA:75,0
DA:78,0
DA:79,0
DA:82,0
DA:83,0
DA:84,0
DA:85,0
DA:86,0
DA:87,0
DA:90,0
DA:91,0
DA:92,0
DA:94,0
DA:97,0
DA:99,0
DA:100,0
DA:101,0
DA:102,0
DA:110,0
DA:112,0
DA:113,0
DA:114,0
DA:115,0
LF:44
LH:0
end_of_record
TN:
SF:/app/kukuri-tauri/src-tauri/src/application/services/topic_service.rs
FN:13,TopicService::new
FN:17,TopicService::create_topic
FN:31,TopicService::get_topic
FN:35,TopicService::get_all_topics
FN:39,TopicService::get_joined_topics
FN:43,TopicService::join_topic
FN:49,TopicService::leave_topic
FN:55,TopicService::update_topic
FN:59,TopicService::delete_topic
FN:69,TopicService::get_topic_stats
FN:77,TopicService::ensure_public_topic
FNF:11
FNDA:1,TopicService::new
FNDA:0,TopicService::create_topic
FNDA:0,TopicService::get_topic
FNDA:0,TopicService::get_all_topics
FNDA:4,TopicService::get_joined_topics
FNDA:4,TopicService::join_topic
FNDA:4,TopicService::leave_topic
FNDA:0,TopicService::update_topic
FNDA:0,TopicService::delete_topic
FNDA:0,TopicService::get_topic_stats
FNDA:0,TopicService::ensure_public_topic
DA:13,1
DA:17,0
DA:22,0
DA:23,0
DA:26,0
DA:28,0
DA:31,0
DA:32,0
DA:35,0
DA:36,0
DA:39,4
DA:40,2
DA:43,4
DA:44,2
DA:45,2
DA:46,1
DA:49,4
DA:50,2
DA:51,2
DA:52,1
DA:55,0
DA:56,0
DA:59,0
DA:61,0
DA:62,0
DA:65,0
DA:66,0
DA:69,0
DA:70,0
DA:71,0
DA:73,0
DA:77,0
DA:78,0
DA:79,0
DA:80,0
DA:81,0
DA:83,0
LF:37
LH:11
end_of_record
TN:
SF:/app/kukuri-tauri/src-tauri/src/application/services/user_service.rs
FN:11,UserService::new
FN:15,UserService::create_user
FN:21,UserService::get_user
FN:25,UserService::get_user_by_pubkey
FN:29,UserService::update_profile
FN:37,UserService::update_user
FN:41,UserService::follow_user
FN:50,UserService::unfollow_user
FN:59,UserService::get_followers
FN:63,UserService::get_following
FN:67,UserService::delete_user
FNF:11
FNDA:0,UserService::new
FNDA:0,UserService::create_user
FNDA:0,UserService::get_user
FNDA:0,UserService::get_user_by_pubkey
FNDA:0,UserService::update_profile
FNDA:0,UserService::update_user
FNDA:0,UserService::follow_user
FNDA:0,UserService::unfollow_user
FNDA:0,UserService::get_followers
FNDA:0,UserService::get_following
FNDA:0,UserService::delete_user
DA:11,0
DA:15,0
DA:16,0
DA:17,0
DA:18,0
DA:21,0
DA:22,0
DA:25,0
DA:26,0
DA:29,0
DA:30,0
DA:31,0
DA:32,0
DA:34,0
DA:37,0
DA:38,0
DA:41,0
DA:47,0
DA:50,0
DA:56,0
DA:59,0
DA:60,0
DA:63,0
DA:64,0
DA:67,0
DA:68,0
LF:26
LH:0
end_of_record
TN:
SF:/app/kukuri-tauri/src-tauri/src/application/shared/default_topics.rs
FN:10,DefaultTopicsRegistry::with_topics
FN:26,DefaultTopicsRegistry::replace_with_single
FN:34,DefaultTopicsRegistry::replace_all
FN:48,DefaultTopicsRegistry::add
FN:57,DefaultTopicsRegistry::remove
FN:62,DefaultTopicsRegistry::list
FN:67,DefaultTopicsRegistry::snapshot
FNF:7
FNDA:1,DefaultTopicsRegistry::with_topics
FNDA:0,DefaultTopicsRegistry::replace_with_single
FNDA:2,DefaultTopicsRegistry::replace_all
FNDA:4,DefaultTopicsRegistry::add
FNDA:4,DefaultTopicsRegistry::remove
FNDA:4,DefaultTopicsRegistry::list
FNDA:0,DefaultTopicsRegistry::snapshot
DA:10,1
DA:14,1
DA:15,4
DA:16,2
DA:17,2
DA:18,2
DA:22,1
DA:26,0
DA:27,0
DA:28,0
DA:29,0
DA:30,0
DA:34,2
DA:38,2
DA:39,2
DA:40,3
DA:41,2
DA:42,2
DA:43,2
DA:48,4
DA:49,2
DA:50,1
DA:53,2
DA:54,2
DA:57,4
DA:58,2
DA:59,2
DA:62,4
DA:63,2
DA:64,2
DA:67,0
DA:68,0
DA:69,0
LF:33
LH:25
end_of_record
TN:
SF:/app/kukuri-tauri/src-tauri/src/application/shared/mappers/event/event_id_mapper.rs
FN:4,parse_event_id
FN:9,parse_optional_event_id
FN:16,parse_event_ids
FNF:3
FNDA:0,parse_event_id
FNDA:0,parse_optional_event_id
FNDA:0,parse_event_ids
DA:4,0
DA:5,0
DA:6,0
DA:9,0
DA:10,0
DA:11,0
DA:12,0
DA:16,0
DA:17,0
LF:9
LH:0
end_of_record
TN:
SF:/app/kukuri-tauri/src-tauri/src/application/shared/mappers/event/metadata_mapper.rs
FN:8,dto_to_profile_metadata
FN:22,profile_metadata_to_nostr
FNF:2
FNDA:0,dto_to_profile_metadata
FNDA:0,profile_metadata_to_nostr
DA:8,0
DA:10,0
DA:11,0
DA:12,0
DA:13,0
DA:14,0
DA:15,0
DA:16,0
DA:17,0
DA:19,0
DA:22,0
DA:23,0
DA:24,0
DA:25,0
DA:28,0
DA:29,0
DA:30,0
DA:32,0
DA:33,0
DA:34,0
DA:35,0
DA:38,0
DA:39,0
DA:41,0
DA:42,0
DA:44,0
DA:45,0
DA:47,0
DA:48,0
DA:50,0
DA:51,0
DA:53,0
DA:54,0
DA:57,0
DA:58,0
LF:35
LH:0
end_of_record
TN:
SF:/app/kukuri-tauri/src-tauri/src/application/shared/mappers/event/nostr_to_domain.rs
FN:9,domain_event_from_event
FN:14,domain_event_to_nostr_event
FN:20,nostr_event_to_domain_event
FNF:3
FNDA:0,domain_event_from_event
FNDA:1,domain_event_to_nostr_event
FNDA:1,nostr_event_to_domain_event
DA:9,0
DA:10,0
DA:11,0
DA:14,1
DA:17,1
DA:20,1
DA:21,2
DA:22,0
DA:25,1
DA:26,0
DA:28,2
DA:30,2
DA:31,1
DA:32,2
DA:33,2
DA:34,2
DA:35,1
DA:37,1
LF:18
LH:13
end_of_record
TN:
SF:/app/kukuri-tauri/src-tauri/src/application/shared/mappers/events.rs
FN:7,map_event_row
FN:27,parse_event_tags
FNF:2
FNDA:0,map_event_row
FNDA:0,parse_event_tags
DA:7,0
DA:8,0
DA:9,0
DA:10,0
DA:11,0
DA:13,0
DA:14,0
DA:16,0
DA:17,0
DA:18,0
DA:19,0
DA:21,0
DA:23,0
DA:27,0
DA:28,0
LF:15
LH:0
end_of_record
TN:
SF:/app/kukuri-tauri/src-tauri/src/application/shared/mappers/posts.rs
FN:6,map_post_row
FN:29,extract_topic_from_tags
FNF:2
FNDA:0,map_post_row
FNDA:0,extract_topic_from_tags
DA:6,0
DA:10,0
DA:11,0
DA:12,0
DA:13,0
DA:14,0
DA:16,0
DA:17,0
DA:18,0
DA:21,0
DA:22,0
DA:24,0
DA:25,0
DA:29,0
DA:30,0
DA:31,0
DA:32,0
DA:33,0
LF:18
LH:0
end_of_record
TN:
SF:/app/kukuri-tauri/src-tauri/src/application/shared/mappers/topics.rs
FN:6,map_topic_row
FN:10,map_joined_topic_row
FN:16,base_topic_from_row
FNF:3
FNDA:0,map_topic_row
FNDA:0,map_joined_topic_row
FNDA:0,base_topic_from_row
DA:6,0
DA:7,0
DA:10,0
DA:11,0
DA:12,0
DA:13,0
DA:16,0
DA:17,0
DA:19,0
DA:23,0
DA:24,0
DA:25,0
DA:28,0
DA:29,0
DA:30,0
DA:31,0
DA:32,0
LF:17
LH:0
end_of_record
TN:
SF:/app/kukuri-tauri/src-tauri/src/application/shared/mappers/users.rs
FN:5,map_user_row
FNF:1
FNDA:0,map_user_row
DA:5,0
DA:7,0
DA:8,0
DA:9,0
DA:12,0
DA:13,0
LF:6
LH:0
end_of_record
TN:
SF:/app/kukuri-tauri/src-tauri/src/application/shared/nostr/factory.rs
FN:6,build_deletion_event
FN:12,to_nostr_event
FNF:2
FNDA:0,build_deletion_event
FNDA:1,to_nostr_event
DA:6,0
DA:7,0
DA:8,0
DA:9,0
DA:12,1
DA:13,2
DA:16,2
DA:23,2
DA:24,0
LF:9
LH:4
end_of_record
TN:
SF:/app/kukuri-tauri/src-tauri/src/application/shared/nostr/publisher.rs
FN:13,EventPublisher::new
FN:18,EventPublisher::set_keys
FN:23,EventPublisher::create_text_note
FN:38,EventPublisher::create_metadata
FN:51,EventPublisher::create_reaction
FN:69,EventPublisher::create_deletion
FN:89,EventPublisher::create_topic_post
FN:122,EventPublisher::get_public_key
FNF:8
FNDA:1,EventPublisher::new
FNDA:1,EventPublisher::set_keys
FNDA:1,EventPublisher::create_text_note
FNDA:1,EventPublisher::create_metadata
FNDA:1,EventPublisher::create_reaction
FNDA:1,EventPublisher::create_deletion
FNDA:1,EventPublisher::create_topic_post
FNDA:1,EventPublisher::get_public_key
DA:13,1
DA:14,1
DA:18,1
DA:19,5
DA:23,1
DA:24,4
DA:27,3
DA:29,2
DA:30,1
DA:31,0
DA:33,8
DA:34,2
DA:38,1
DA:39,4
DA:42,3
DA:44,2
DA:46,5
DA:47,1
DA:51,1
DA:52,2
DA:55,3
DA:58,1
DA:60,2
DA:61,1
DA:62,0
DA:64,5
DA:65,1
DA:69,1
DA:70,4
DA:73,3
DA:76,4
DA:78,2
DA:80,2
DA:81,1
DA:82,0
DA:84,5
DA:85,1
DA:89,1
DA:95,3
DA:98,3
DA:100,6
DA:101,3
DA:102,6
DA:105,4
DA:106,2
DA:107,2
DA:108,1
DA:109,2
DA:113,4
DA:114,2
DA:115,0
DA:117,8
DA:118,2
DA:122,1
DA:123,3
LF:55
LH:51
end_of_record
TN:
SF:/app/kukuri-tauri/src-tauri/src/application/shared/tests/event/fixtures.rs
FN:3,sample_signed_event
FNF:1
FNDA:0,sample_signed_event
DA:3,0
DA:4,0
DA:5,0
DA:6,0
LF:4
LH:0
end_of_record
TN:
SF:/app/kukuri-tauri/src-tauri/src/application/shared/tests/event/mocks.rs
FN:18,TestGossipService::new
FN:25,TestGossipService::joined_topics
FN:29,TestGossipService::broadcasted_topics
FN:40,<impl Default for TestGossipService>::default
FN:47,<impl GossipService for TestGossipService>::join_topic
FN:53,<impl GossipService for TestGossipService>::leave_topic
FN:57,<impl GossipService for TestGossipService>::broadcast
FN:67,<impl GossipService for TestGossipService>::subscribe
FN:71,<impl GossipService for TestGossipService>::get_joined_topics
FN:75,<impl GossipService for TestGossipService>::get_topic_peers
FN:79,<impl GossipService for TestGossipService>::get_topic_stats
FN:83,<impl GossipService for TestGossipService>::broadcast_message
FNF:12
FNDA:1,TestGossipService::new
FNDA:4,TestGossipService::joined_topics
FNDA:4,TestGossipService::broadcasted_topics
FNDA:0,<impl Default for TestGossipService>::default
FNDA:4,<impl GossipService for TestGossipService>::join_topic
FNDA:0,<impl GossipService for TestGossipService>::leave_topic
FNDA:3,<impl GossipService for TestGossipService>::broadcast
FNDA:0,<impl GossipService for TestGossipService>::subscribe
FNDA:0,<impl GossipService for TestGossipService>::get_joined_topics
FNDA:0,<impl GossipService for TestGossipService>::get_topic_peers
FNDA:0,<impl GossipService for TestGossipService>::get_topic_stats
FNDA:0,<impl GossipService for TestGossipService>::broadcast_message
DA:18,1
DA:20,1
DA:21,2
DA:25,4
DA:26,2
DA:29,4
DA:30,6
DA:32,3
DA:34,2
DA:40,0
DA:41,0
DA:47,4
DA:48,2
DA:49,2
DA:50,1
DA:53,0
DA:54,0
DA:57,3
DA:58,1
DA:59,2
DA:60,1
DA:67,0
DA:68,0
DA:71,0
DA:72,0
DA:75,0
DA:76,0
DA:79,0
DA:80,0
DA:83,0
DA:84,0
LF:31
LH:17
end_of_record
TN:
SF:/app/kukuri-tauri/src-tauri/src/application/shared/tests/p2p/bootstrap.rs
FN:20,create_service
FN:49,build_peer_hints
FN:68,wait_for_topic_membership
FN:93,wait_for_peer_join_event
FNF:4
FNDA:0,create_service
FNDA:0,build_peer_hints
FNDA:0,wait_for_topic_membership
FNDA:0,wait_for_peer_join_event
DA:20,0
DA:21,0
DA:22,0
DA:28,0
DA:30,0
DA:32,0
DA:35,0
DA:36,0
DA:38,0
DA:39,0
DA:41,0
DA:45,0
DA:46,0
DA:49,0
DA:54,0
DA:55,0
DA:56,0
DA:59,0
DA:60,0
DA:61,0
DA:65,0
DA:68,0
DA:73,0
DA:74,0
DA:75,0
DA:76,0
DA:82,0
DA:84,0
DA:85,0
DA:88,0
DA:90,0
DA:93,0
DA:97,0
DA:102,0
DA:103,0
DA:104,0
DA:105,0
DA:108,0
DA:109,0
DA:110,0
DA:119,0
LF:41
LH:0
end_of_record
TN:
SF:/app/kukuri-tauri/src-tauri/src/application/shared/tests/p2p/config.rs
FN:6,load_bootstrap_context
FNF:1
FNDA:4,load_bootstrap_context
DA:6,4
DA:7,8
DA:9,4
DA:12,0
DA:13,0
DA:15,0
DA:18,0
DA:19,0
DA:21,0
DA:22,0
DA:23,0
DA:26,0
DA:27,0
DA:28,0
DA:29,0
DA:30,0
DA:35,0
DA:37,0
DA:42,0
DA:47,0
DA:50,0
DA:56,0
DA:57,0
DA:58,0
LF:24
LH:3
end_of_record
TN:
SF:/app/kukuri-tauri/src-tauri/src/application/shared/tests/p2p/fixtures.rs
FN:3,nostr_to_domain
FNF:1
FNDA:0,nostr_to_domain
DA:3,0
DA:4,0
DA:8,0
DA:9,0
DA:11,0
DA:12,0
DA:13,0
DA:14,0
LF:8
LH:0
end_of_record
TN:
SF:/app/kukuri-tauri/src-tauri/src/application/shared/tests/p2p/logging.rs
FN:6,init_tracing
FNF:1
FNDA:1,init_tracing
DA:6,1
DA:7,4
DA:8,1
DA:9,1
DA:10,2
DA:11,1
DA:15,1
DA:21,8
LF:8
LH:8
end_of_record
TN:
SF:/app/kukuri-tauri/src-tauri/src/contract_testing.rs
FN:3,validate_nip10_tags
FNF:1
FNDA:1,validate_nip10_tags
DA:3,1
DA:4,2
DA:5,2
DA:6,1
DA:7,1
DA:8,1
DA:9,1
LF:7
LH:7
end_of_record
TN:
SF:/app/kukuri-tauri/src-tauri/src/domain/entities/account/mod.rs
FN:17,AccountMetadata::mark_used
FN:41,AccountRegistration::into_metadata
FNF:2
FNDA:0,AccountMetadata::mark_used
FNDA:0,AccountRegistration::into_metadata
DA:17,0
DA:18,0
DA:41,0
DA:42,0
DA:43,0
DA:44,0
DA:45,0
DA:46,0
DA:47,0
DA:48,0
DA:52,0
DA:57,0
DA:60,0
LF:13
LH:0
end_of_record
TN:
SF:/app/kukuri-tauri/src-tauri/src/domain/entities/bookmark.rs
FN:16,Bookmark::new
FN:26,Bookmark::from_parts
FN:40,Bookmark::id
FN:44,Bookmark::user_pubkey
FN:48,Bookmark::post_id
FN:52,Bookmark::created_at
FNF:6
FNDA:1,Bookmark::new
FNDA:1,Bookmark::from_parts
FNDA:1,Bookmark::id
FNDA:1,Bookmark::user_pubkey
FNDA:1,Bookmark::post_id
FNDA:1,Bookmark::created_at
DA:16,1
DA:18,1
DA:21,1
DA:26,1
DA:40,1
DA:44,1
DA:45,1
DA:48,1
DA:49,1
DA:52,1
DA:53,1
LF:11
LH:11
end_of_record
TN:
SF:/app/kukuri-tauri/src-tauri/src/domain/entities/event.rs
FN:31,<impl From for EventKind>::from
FN:53,<impl From for u32>::from
FN:86,Event::new
FN:98,Event::with_tags
FN:103,Event::add_tag
FN:107,Event::add_p_tag
FN:111,Event::add_e_tag
FN:115,Event::add_t_tag
FN:119,Event::get_referenced_event_ids
FN:127,Event::get_referenced_pubkeys
FN:135,Event::get_hashtags
FN:143,Event::new_with_id
FN:167,Event::validate_nip01
FN:205,Event::validate_nip10_19
FN:270,is_hex_n
FN:274,is_valid_event_ref
FN:285,is_valid_pubkey_ref
FN:296,is_ws_url
FN:301,is_valid_nprofile_tlv
FN:336,is_valid_nevent_tlv
FN:388,EventKind::as_u32
FN:392,EventKind::from_u32
FN:416,parse_tlv
FN:432,validate_tlv_relay
FNF:24
FNDA:0,<impl From for EventKind>::from
FNDA:1,<impl From for u32>::from
FNDA:1,Event::new
FNDA:0,Event::with_tags
FNDA:0,Event::add_tag
FNDA:0,Event::add_p_tag
FNDA:0,Event::add_e_tag
FNDA:0,Event::add_t_tag
FNDA:0,Event::get_referenced_event_ids
FNDA:0,Event::get_referenced_pubkeys
FNDA:0,Event::get_hashtags
FNDA:1,Event::new_with_id
FNDA:1,Event::validate_nip01
FNDA:2,Event::validate_nip10_19
FNDA:3,is_hex_n
FNDA:2,is_valid_event_ref
FNDA:2,is_valid_pubkey_ref
FNDA:2,is_ws_url
FNDA:2,is_valid_nprofile_tlv
FNDA:2,is_valid_nevent_tlv
FNDA:0,EventKind::as_u32
FNDA:0,EventKind::from_u32
FNDA:4,parse_tlv
FNDA:2,validate_tlv_relay
DA:31,0
DA:32,0
DA:33,0
DA:34,0
DA:35,0
DA:36,0
DA:37,0
DA:38,0
DA:39,0
DA:40,0
DA:41,0
DA:42,0
DA:43,0
DA:44,0
DA:45,0
DA:46,0
DA:47,0
DA:53,1
DA:54,1
DA:55,0
DA:56,1
DA:57,0
DA:58,0
DA:59,0
DA:60,0
DA:61,0
DA:62,0
DA:63,0
DA:64,0
DA:65,0
DA:66,0
DA:67,0
DA:68,0
DA:69,0
DA:86,1
DA:88,1
DA:90,1
DA:92,1
DA:94,1
DA:98,0
DA:99,0
DA:100,0
DA:103,0
DA:104,0
DA:107,0
DA:108,0
DA:111,0
DA:112,0
DA:115,0
DA:116,0
DA:119,0
DA:120,0
DA:122,0
DA:123,0
DA:127,0
DA:128,0
DA:130,0
DA:131,0
DA:135,0
DA:136,0
DA:138,0
DA:139,0
DA:143,1
DA:153,1
DA:167,1
DA:169,4
DA:170,1
DA:171,0
DA:173,1
DA:174,0
DA:176,1
DA:177,0
DA:182,1
DA:184,1
DA:192,3
DA:194,1
DA:195,1
DA:196,2
DA:197,2
DA:199,1
DA:205,2
DA:206,3
DA:207,3
DA:209,6
DA:210,3
DA:213,3
DA:214,3
DA:215,3
DA:216,0
DA:218,3
DA:219,5
DA:220,1
DA:223,2
DA:224,2
DA:225,3
DA:226,1
DA:230,3
DA:231,3
DA:233,4
DA:234,6
DA:235,2
DA:236,2
DA:240,2
DA:241,2
DA:242,0
DA:244,2
DA:245,4
DA:246,1
DA:249,2
DA:250,1
DA:251,1
DA:252,1
DA:260,2
DA:261,0
DA:263,2
DA:264,1
DA:266,2
DA:270,3
DA:271,7
DA:274,2
DA:276,2
DA:277,2
DA:279,1
DA:280,1
DA:282,0
DA:285,2
DA:287,2
DA:288,2
DA:290,1
DA:291,1
DA:293,0
DA:296,2
DA:297,2
DA:298,6
DA:301,2
DA:302,2
DA:303,4
DA:304,0
DA:306,4
DA:307,2
DA:308,2
DA:309,8
DA:311,4
DA:312,0
DA:314,2
DA:315,2
DA:318,4
DA:319,4
DA:320,2
DA:322,2
DA:324,0
DA:328,2
DA:330,2
DA:333,0
DA:336,2
DA:337,2
DA:338,5
DA:339,0
DA:341,4
DA:342,2
DA:343,2
DA:344,2
DA:345,2
DA:346,10
DA:348,6
DA:349,0
DA:351,3
DA:352,3
DA:355,4
DA:356,4
DA:357,0
DA:359,2
DA:362,4
DA:363,1
DA:365,2
DA:366,2
DA:369,4
DA:370,0
DA:372,2
DA:373,2
DA:375,0
DA:379,1
DA:381,2
DA:384,1
DA:388,0
DA:389,0
DA:392,0
DA:393,0
DA:394,0
DA:395,0
DA:396,0
DA:397,0
DA:398,0
DA:399,0
DA:400,0
DA:401,0
DA:402,0
DA:403,0
DA:404,0
DA:405,0
DA:406,0
DA:407,0
DA:408,0
DA:416,4
DA:417,4
DA:418,9
DA:419,8
DA:420,8
DA:421,8
DA:422,10
DA:423,0
DA:425,10
DA:426,11
DA:427,10
DA:429,4
DA:432,2
DA:433,2
DA:434,0
DA:436,2
DA:437,0
DA:439,2
DA:440,2
DA:441,1
LF:223
LH:130
end_of_record
TN:
SF:/app/kukuri-tauri/src-tauri/src/domain/entities/event_gateway/domain_event.rs
FN:15,EventTag::new
FN:23,EventTag::name
FN:27,EventTag::values
FN:31,EventTag::to_raw
FN:37,EventTag::into_raw
FN:45,<impl TryFrom for EventTag>::try_from
FN:56,<impl From for Vec<String>>::from
FN:77,DomainEvent::new
FN:98,DomainEvent::with_tags
FN:103,DomainEvent::signature
FN:107,DomainEvent::kind
FN:111,DomainEvent::to_event
FN:123,DomainEvent::validate_signature
FN:161,<impl TryFrom for DomainEvent>::try_from
FN:184,<impl From for Event>::from
FNF:15
FNDA:1,EventTag::new
FNDA:0,EventTag::name
FNDA:0,EventTag::values
FNDA:1,EventTag::to_raw
FNDA:0,EventTag::into_raw
FNDA:0,<impl TryFrom for EventTag>::try_from
FNDA:0,<impl From for Vec<String>>::from
FNDA:1,DomainEvent::new
FNDA:0,DomainEvent::with_tags
FNDA:0,DomainEvent::signature
FNDA:0,DomainEvent::kind
FNDA:1,DomainEvent::to_event
FNDA:1,DomainEvent::validate_signature
FNDA:0,<impl TryFrom for DomainEvent>::try_from
FNDA:0,<impl From for Event>::from
DA:15,1
DA:16,1
DA:17,2
DA:18,0
DA:20,1
DA:23,0
DA:24,0
DA:27,0
DA:28,0
DA:31,1
DA:32,3
DA:33,2
DA:37,0
DA:38,0
DA:45,0
DA:46,0
DA:47,0
DA:49,0
DA:50,0
DA:51,0
DA:56,0
DA:57,0
DA:77,1
DA:86,2
DA:87,1
DA:88,1
DA:89,1
DA:92,1
DA:93,1
DA:94,1
DA:98,0
DA:99,0
DA:100,0
DA:103,0
DA:104,0
DA:107,0
DA:108,0
DA:111,1
DA:113,1
DA:114,2
DA:115,1
DA:116,1
DA:117,1
DA:118,1
DA:119,1
DA:123,1
DA:124,1
DA:125,0
DA:127,3
DA:128,0
DA:130,1
DA:137,0
DA:138,0
DA:139,0
DA:140,0
DA:141,0
DA:147,0
DA:148,0
DA:150,0
DA:151,0
DA:152,0
DA:153,0
DA:161,0
DA:162,0
DA:163,0
DA:164,0
DA:165,0
DA:172,0
DA:173,0
DA:175,0
DA:176,0
DA:177,0
DA:178,0
DA:184,0
DA:185,0
LF:75
LH:27
end_of_record
TN:
SF:/app/kukuri-tauri/src-tauri/src/domain/entities/event_gateway/profile_metadata.rs
FN:23,ProfileMetadata::new
FN:47,ProfileMetadata::validate
FN:90,ProfileMetadata::validate_url_length
FN:101,ProfileMetadata::is_empty
FNF:4
FNDA:0,ProfileMetadata::new
FNDA:0,ProfileMetadata::validate
FNDA:0,ProfileMetadata::validate_url_length
FNDA:0,ProfileMetadata::is_empty
DA:23,0
DA:43,0
DA:44,0
DA:47,0
DA:48,0
DA:49,0
DA:50,0
DA:57,0
DA:58,0
DA:59,0
DA:66,0
DA:67,0
DA:68,0
DA:75,0
DA:76,0
DA:79,0
DA:80,0
DA:83,0
DA:84,0
DA:87,0
DA:90,0
DA:91,0
DA:92,0
DA:98,0
DA:101,0
DA:102,0
DA:103,0
DA:104,0
DA:105,0
DA:106,0
DA:107,0
DA:108,0
DA:109,0
LF:33
LH:0
end_of_record
TN:
SF:/app/kukuri-tauri/src-tauri/src/domain/entities/offline/cache_status.rs
FN:15,CacheTypeStatus::new
FN:38,CacheStatusSnapshot::new
FNF:2
FNDA:1,CacheTypeStatus::new
FNDA:1,CacheStatusSnapshot::new
DA:15,1
DA:38,1
LF:2
LH:2
end_of_record
TN:
SF:/app/kukuri-tauri/src-tauri/src/domain/entities/offline/commands.rs
FN:18,OfflineActionDraft::new
FN:42,OfflineActionFilter::new
FN:64,SyncQueueItemDraft::new
FN:87,OptimisticUpdateDraft::new
FN:113,SyncStatusUpdate::new
FNF:5
FNDA:4,OfflineActionDraft::new
FNDA:2,OfflineActionFilter::new
FNDA:3,SyncQueueItemDraft::new
FNDA:1,OptimisticUpdateDraft::new
FNDA:2,SyncStatusUpdate::new
DA:18,4
DA:42,2
DA:64,3
DA:87,1
DA:113,2
LF:5
LH:5
end_of_record
TN:
SF:/app/kukuri-tauri/src-tauri/src/domain/entities/offline/offline_action.rs
FN:25,OfflineActionRecord::new
FN:52,OfflineActionRecord::with_error_message
FN:57,OfflineActionRecord::mark_synced
FNF:3
FNDA:3,OfflineActionRecord::new
FNDA:0,OfflineActionRecord::with_error_message
FNDA:0,OfflineActionRecord::mark_synced
DA:25,3
DA:52,0
DA:53,0
DA:54,0
DA:57,0
DA:63,0
DA:64,0
DA:65,0
LF:8
LH:1
end_of_record
TN:
SF:/app/kukuri-tauri/src-tauri/src/domain/entities/offline/saved_action.rs
FN:12,SavedOfflineAction::new
FNF:1
FNDA:3,SavedOfflineAction::new
DA:12,3
LF:1
LH:1
end_of_record
TN:
SF:/app/kukuri-tauri/src-tauri/src/domain/entities/offline/sync_queue_item.rs
FN:23,SyncQueueItem::new
FNF:1
FNDA:2,SyncQueueItem::new
DA:23,2
LF:1
LH:1
end_of_record
TN:
SF:/app/kukuri-tauri/src-tauri/src/domain/entities/offline/sync_result.rs
FN:11,SyncResult::new
FNF:1
FNDA:1,SyncResult::new
DA:11,1
LF:1
LH:1
end_of_record
TN:
SF:/app/kukuri-tauri/src-tauri/src/domain/entities/post.rs
FN:24,Post::new
FN:46,Post::with_tags
FN:51,Post::mark_as_synced
FN:56,Post::add_reply
FN:60,Post::increment_likes
FN:64,Post::decrement_likes
FN:70,Post::increment_boosts
FN:75,Post::toggle_bookmark
FN:79,Post::new_with_id
FN:104,Post::mark_as_unsynced
FN:120,PostDraft::new
FN:132,PostDraft::update_content
FN:137,PostDraft::into_post
FNF:13
FNDA:0,Post::new
FNDA:0,Post::with_tags
FNDA:0,Post::mark_as_synced
FNDA:0,Post::add_reply
FNDA:0,Post::increment_likes
FNDA:0,Post::decrement_likes
FNDA:0,Post::increment_boosts
FNDA:0,Post::toggle_bookmark
FNDA:0,Post::new_with_id
FNDA:0,Post::mark_as_unsynced
FNDA:0,PostDraft::new
FNDA:0,PostDraft::update_content
FNDA:0,PostDraft::into_post
DA:24,0
DA:25,0
DA:26,0
DA:33,0
DA:34,0
DA:37,0
DA:41,0
DA:46,0
DA:47,0
DA:48,0
DA:51,0
DA:52,0
DA:53,0
DA:56,0
DA:57,0
DA:60,0
DA:61,0
DA:64,0
DA:65,0
DA:66,0
DA:70,0
DA:71,0
DA:72,0
DA:75,0
DA:76,0
DA:79,0
DA:92,0
DA:95,0
DA:104,0
DA:105,0
DA:120,0
DA:121,0
DA:123,0
DA:126,0
DA:132,0
DA:133,0
DA:134,0
DA:137,0
DA:138,0
LF:39
LH:0
end_of_record
TN:
SF:/app/kukuri-tauri/src-tauri/src/domain/entities/topic.rs
FN:20,Topic::new
FN:37,Topic::public_topic
FN:54,Topic::join
FN:60,Topic::leave
FN:68,Topic::increment_post_count
FN:73,Topic::decrement_post_count
FN:80,Topic::update_description
FN:85,Topic::set_owner
FN:90,Topic::new_with_id
FN:123,TopicStats::new
FNF:10
FNDA:0,Topic::new
FNDA:0,Topic::public_topic
FNDA:0,Topic::join
FNDA:0,Topic::leave
FNDA:0,Topic::increment_post_count
FNDA:0,Topic::decrement_post_count
FNDA:0,Topic::update_description
FNDA:0,Topic::set_owner
FNDA:0,Topic::new_with_id
FNDA:0,TopicStats::new
DA:20,0
DA:21,0
DA:23,0
DA:37,0
DA:38,0
DA:40,0
DA:41,0
DA:42,0
DA:54,0
DA:55,0
DA:56,0
DA:57,0
DA:60,0
DA:61,0
DA:62,0
DA:63,0
DA:65,0
DA:68,0
DA:69,0
DA:70,0
DA:73,0
DA:74,0
DA:75,0
DA:76,0
DA:80,0
DA:81,0
DA:82,0
DA:85,0
DA:86,0
DA:87,0
DA:90,0
DA:99,0
DA:123,0
LF:33
LH:0
end_of_record
TN:
SF:/app/kukuri-tauri/src-tauri/src/domain/entities/user.rs
FN:25,User::new
FN:43,User::with_profile
FN:56,User::update_metadata
FN:78,User::pubkey
FN:82,User::npub
FN:86,User::from_pubkey
FN:97,User::new_with_profile
FNF:7
FNDA:0,User::new
FNDA:0,User::with_profile
FNDA:0,User::update_metadata
FNDA:0,User::pubkey
FNDA:0,User::npub
FNDA:0,User::from_pubkey
FNDA:0,User::new_with_profile
DA:25,0
DA:26,0
DA:30,0
DA:43,0
DA:49,0
DA:50,0
DA:51,0
DA:52,0
DA:53,0
DA:56,0
DA:57,0
DA:58,0
DA:60,0
DA:61,0
DA:63,0
DA:64,0
DA:66,0
DA:67,0
DA:69,0
DA:70,0
DA:72,0
DA:73,0
DA:75,0
DA:78,0
DA:79,0
DA:82,0
DA:83,0
DA:86,0
DA:89,0
DA:91,0
DA:92,0
DA:94,0
DA:97,0
DA:98,0
DA:99,0
DA:100,0
LF:36
LH:0
end_of_record
TN:
SF:/app/kukuri-tauri/src-tauri/src/domain/p2p/error.rs
FN:41,<impl From for P2PError>::from
FNF:1
FNDA:1,<impl From for P2PError>::from
DA:35,1
DA:36,2
DA:41,1
DA:42,2
LF:4
LH:4
end_of_record
TN:
SF:/app/kukuri-tauri/src-tauri/src/domain/p2p/message.rs
FN:49,GossipMessage::new
FN:65,GossipMessage::generate_message_id
FN:75,GossipMessage::to_signing_bytes
FN:86,GossipMessage::from_bytes
FN:93,GossipMessage::to_bytes
FN:99,GossipMessage::sign
FN:123,GossipMessage::verify_signature
FN:158,generate_topic_id
FN:166,user_topic_id
FN:170,generate_message_id
FNF:10
FNDA:1,GossipMessage::new
FNDA:0,GossipMessage::generate_message_id
FNDA:1,GossipMessage::to_signing_bytes
FNDA:1,GossipMessage::from_bytes
FNDA:1,GossipMessage::to_bytes
FNDA:1,GossipMessage::sign
FNDA:1,GossipMessage::verify_signature
FNDA:1,generate_topic_id
FNDA:1,user_topic_id
FNDA:1,generate_message_id
DA:49,1
DA:50,1
DA:51,2
DA:59,2
DA:65,0
DA:66,0
DA:67,0
DA:68,0
DA:69,0
DA:70,0
DA:71,0
DA:75,1
DA:76,1
DA:77,1
DA:78,1
DA:79,1
DA:80,1
DA:82,1
DA:86,1
DA:87,1
DA:88,2
DA:89,0
DA:93,1
DA:94,1
DA:95,0
DA:99,1
DA:100,1
DA:103,1
DA:104,1
DA:105,1
DA:108,1
DA:109,0
DA:112,2
DA:113,1
DA:116,1
DA:117,1
DA:119,1
DA:123,1
DA:124,1
DA:125,0
DA:129,1
DA:133,2
DA:134,0
DA:137,1
DA:138,2
DA:139,1
DA:142,1
DA:143,1
DA:144,1
DA:147,1
DA:148,0
DA:151,2
DA:158,1
DA:159,1
DA:166,1
DA:167,1
DA:170,1
DA:171,1
DA:172,2
DA:173,2
DA:174,2
DA:175,2
DA:176,2
DA:177,2
DA:178,2
LF:65
LH:52
end_of_record
TN:
SF:/app/kukuri-tauri/src-tauri/src/domain/p2p/topic_mesh.rs
FN:28,TopicMesh::new
FN:39,TopicMesh::handle_message
FN:57,TopicMesh::update_peer_status
FN:67,TopicMesh::is_duplicate
FN:73,TopicMesh::get_stats
FN:92,TopicMesh::get_peers
FN:99,TopicMesh::get_recent_messages
FN:109,TopicMesh::clear_cache
FNF:8
FNDA:2,TopicMesh::new
FNDA:6,TopicMesh::handle_message
FNDA:8,TopicMesh::update_peer_status
FNDA:6,TopicMesh::is_duplicate
FNDA:4,TopicMesh::get_stats
FNDA:4,TopicMesh::get_peers
FNDA:4,TopicMesh::get_recent_messages
FNDA:4,TopicMesh::clear_cache
DA:28,2
DA:29,4
DA:33,3
DA:34,5
DA:39,6
DA:41,4
DA:42,1
DA:46,4
DA:47,3
DA:50,5
DA:51,4
DA:53,4
DA:57,8
DA:58,4
DA:59,5
DA:60,4
DA:62,2
DA:67,6
DA:68,5
DA:69,3
DA:73,4
DA:74,2
DA:75,2
DA:77,3
DA:79,2
DA:84,4
DA:85,4
DA:92,4
DA:93,3
DA:94,3
DA:99,4
DA:100,2
DA:101,4
DA:103,6
DA:104,1
DA:109,4
DA:110,2
DA:111,2
LF:38
LH:38
end_of_record
TN:
SF:/app/kukuri-tauri/src-tauri/src/domain/value_objects/bookmark/bookmark_id.rs
FN:10,BookmarkId::new
FN:19,BookmarkId::random
FN:24,BookmarkId::as_str
FN:30,<impl Display for BookmarkId>::fmt
FN:36,<impl From for String>::from
FNF:5
FNDA:1,BookmarkId::new
FNDA:1,BookmarkId::random
FNDA:1,BookmarkId::as_str
FNDA:0,<impl Display for BookmarkId>::fmt
FNDA:0,<impl From for String>::from
DA:10,1
DA:11,2
DA:12,0
DA:14,2
DA:15,1
DA:19,1
DA:20,1
DA:24,1
DA:25,1
DA:30,0
DA:31,0
DA:36,0
DA:37,0
LF:13
LH:8
end_of_record
TN:
SF:/app/kukuri-tauri/src-tauri/src/domain/value_objects/event_gateway/public_key.rs
FN:10,PublicKey::new
FN:16,PublicKey::from_hex_str
FN:22,PublicKey::as_hex
FN:26,PublicKey::validate
FN:38,<impl Display for PublicKey>::fmt
FN:44,<impl From for String>::from
FN:52,<impl TryFrom for PublicKey>::try_from
FNF:7
FNDA:0,PublicKey::new
FNDA:4,PublicKey::from_hex_str
FNDA:2,PublicKey::as_hex
FNDA:4,PublicKey::validate
FNDA:0,<impl Display for PublicKey>::fmt
FNDA:0,<impl From for String>::from
FNDA:0,<impl TryFrom for PublicKey>::try_from
DA:10,0
DA:11,0
DA:12,0
DA:16,4
DA:17,4
DA:18,4
DA:22,2
DA:23,3
DA:26,4
DA:27,4
DA:28,0
DA:30,12
DA:31,0
DA:33,4
DA:38,0
DA:39,0
DA:44,0
DA:45,0
DA:52,0
DA:53,0
LF:20
LH:9
end_of_record
TN:
SF:/app/kukuri-tauri/src-tauri/src/domain/value_objects/event_gateway/reaction_value.rs
FN:11,ReactionValue::new
FN:16,ReactionValue::parse
FN:21,ReactionValue::as_str
FN:25,ReactionValue::validate
FN:40,<impl Display for ReactionValue>::fmt
FN:46,<impl From for String>::from
FN:54,<impl TryFrom for ReactionValue>::try_from
FN:62,<impl FromStr for ReactionValue>::from_str
FNF:8
FNDA:0,ReactionValue::new
FNDA:0,ReactionValue::parse
FNDA:0,ReactionValue::as_str
FNDA:0,ReactionValue::validate
FNDA:0,<impl Display for ReactionValue>::fmt
FNDA:0,<impl From for String>::from
FNDA:0,<impl TryFrom for ReactionValue>::try_from
FNDA:0,<impl FromStr for ReactionValue>::from_str
DA:11,0
DA:12,0
DA:13,0
DA:16,0
DA:17,0
DA:18,0
DA:21,0
DA:22,0
DA:25,0
DA:26,0
DA:27,0
DA:29,0
DA:30,0
DA:35,0
DA:40,0
DA:41,0
DA:46,0
DA:47,0
DA:54,0
DA:55,0
DA:62,0
DA:63,0
LF:22
LH:0
end_of_record
TN:
SF:/app/kukuri-tauri/src-tauri/src/domain/value_objects/event_gateway/topic_content.rs
FN:11,TopicContent::new
FN:16,TopicContent::parse
FN:21,TopicContent::as_str
FN:25,TopicContent::into_string
FN:29,TopicContent::validate
FN:44,<impl Display for TopicContent>::fmt
FN:50,<impl From for String>::from
FN:58,<impl TryFrom for TopicContent>::try_from
FN:66,<impl FromStr for TopicContent>::from_str
FNF:9
FNDA:0,TopicContent::new
FNDA:0,TopicContent::parse
FNDA:0,TopicContent::as_str
FNDA:0,TopicContent::into_string
FNDA:0,TopicContent::validate
FNDA:0,<impl Display for TopicContent>::fmt
FNDA:0,<impl From for String>::from
FNDA:0,<impl TryFrom for TopicContent>::try_from
FNDA:0,<impl FromStr for TopicContent>::from_str
DA:11,0
DA:12,0
DA:13,0
DA:16,0
DA:17,0
DA:18,0
DA:21,0
DA:22,0
DA:25,0
DA:26,0
DA:29,0
DA:30,0
DA:31,0
DA:33,0
DA:34,0
DA:39,0
DA:44,0
DA:45,0
DA:50,0
DA:51,0
DA:58,0
DA:59,0
DA:66,0
DA:67,0
LF:24
LH:0
end_of_record
TN:
SF:/app/kukuri-tauri/src-tauri/src/domain/value_objects/event_id.rs
FN:8,EventId::new
FN:19,EventId::generate
FN:26,EventId::as_str
FN:30,EventId::from_hex
FN:34,EventId::to_hex
FN:40,<impl Display for EventId>::fmt
FN:46,<impl From for String>::from
FNF:7
FNDA:1,EventId::new
FNDA:1,EventId::generate
FNDA:1,EventId::as_str
FNDA:1,EventId::from_hex
FNDA:1,EventId::to_hex
FNDA:0,<impl Display for EventId>::fmt
FNDA:0,<impl From for String>::from
DA:8,1
DA:9,2
DA:10,0
DA:13,5
DA:14,0
DA:16,1
DA:19,1
DA:21,1
DA:22,1
DA:23,1
DA:26,1
DA:27,1
DA:30,1
DA:31,1
DA:34,1
DA:35,1
DA:40,0
DA:41,0
DA:46,0
DA:47,0
LF:20
LH:14
end_of_record
TN:
SF:/app/kukuri-tauri/src-tauri/src/domain/value_objects/npub.rs
FN:8,Npub::new
FN:18,Npub::as_str
FN:22,Npub::to_pubkey
FN:30,<impl Display for Npub>::fmt
FN:36,<impl From for String>::from
FNF:5
FNDA:0,Npub::new
FNDA:0,Npub::as_str
FNDA:0,Npub::to_pubkey
FNDA:0,<impl Display for Npub>::fmt
FNDA:0,<impl From for String>::from
DA:8,0
DA:9,0
DA:10,0
DA:12,0
DA:13,0
DA:15,0
DA:18,0
DA:19,0
DA:22,0
DA:25,0
DA:30,0
DA:31,0
DA:36,0
DA:37,0
LF:14
LH:0
end_of_record
TN:
SF:/app/kukuri-tauri/src-tauri/src/domain/value_objects/offline/action_id.rs
FN:9,OfflineActionId::new
FN:14,OfflineActionId::parse
FN:19,OfflineActionId::as_str
FN:23,OfflineActionId::validate
FN:32,<impl Display for OfflineActionId>::fmt
FN:38,<impl From for String>::from
FN:46,<impl FromStr for OfflineActionId>::from_str
FNF:7
FNDA:0,OfflineActionId::new
FNDA:5,OfflineActionId::parse
FNDA:0,OfflineActionId::as_str
FNDA:5,OfflineActionId::validate
FNDA:1,<impl Display for OfflineActionId>::fmt
FNDA:0,<impl From for String>::from
FNDA:0,<impl FromStr for OfflineActionId>::from_str
DA:9,0
DA:10,0
DA:11,0
DA:14,5
DA:15,5
DA:16,5
DA:19,0
DA:20,0
DA:23,5
DA:24,5
DA:25,0
DA:27,5
DA:32,1
DA:33,1
DA:38,0
DA:39,0
DA:46,0
DA:47,0
LF:18
LH:8
end_of_record
TN:
SF:/app/kukuri-tauri/src-tauri/src/domain/value_objects/offline/action_type.rs
FN:9,OfflineActionType::new
FN:14,OfflineActionType::as_str
FN:18,OfflineActionType::validate
FN:27,<impl Display for OfflineActionType>::fmt
FN:33,<impl From for String>::from
FNF:5
FNDA:4,OfflineActionType::new
FNDA:2,OfflineActionType::as_str
FNDA:4,OfflineActionType::validate
FNDA:0,<impl Display for OfflineActionType>::fmt
FNDA:0,<impl From for String>::from
DA:9,4
DA:10,8
DA:11,4
DA:14,2
DA:15,3
DA:18,4
DA:19,4
DA:20,0
DA:22,4
DA:27,0
DA:28,0
DA:33,0
DA:34,0
LF:13
LH:8
end_of_record
TN:
SF:/app/kukuri-tauri/src-tauri/src/domain/value_objects/offline/cache_key.rs
FN:8,CacheKey::new
FN:13,CacheKey::as_str
FN:17,CacheKey::validate
FN:26,<impl Display for CacheKey>::fmt
FN:32,<impl From for String>::from
FNF:5
FNDA:2,CacheKey::new
FNDA:2,CacheKey::as_str
FNDA:2,CacheKey::validate
FNDA:0,<impl Display for CacheKey>::fmt
FNDA:0,<impl From for String>::from
DA:8,2
DA:9,4
DA:10,2
DA:13,2
DA:14,2
DA:17,2
DA:18,2
DA:19,0
DA:21,2
DA:26,0
DA:27,0
DA:32,0
DA:33,0
LF:13
LH:8
end_of_record
TN:
SF:/app/kukuri-tauri/src-tauri/src/domain/value_objects/offline/cache_type.rs
FN:8,CacheType::new
FN:13,CacheType::as_str
FN:17,CacheType::validate
FN:26,<impl Display for CacheType>::fmt
FN:32,<impl From for String>::from
FNF:5
FNDA:2,CacheType::new
FNDA:2,CacheType::as_str
FNDA:2,CacheType::validate
FNDA:0,<impl Display for CacheType>::fmt
FNDA:0,<impl From for String>::from
DA:8,2
DA:9,4
DA:10,2
DA:13,2
DA:14,2
DA:17,2
DA:18,2
DA:19,0
DA:21,2
DA:26,0
DA:27,0
DA:32,0
DA:33,0
LF:13
LH:8
end_of_record
TN:
SF:/app/kukuri-tauri/src-tauri/src/domain/value_objects/offline/entity_id.rs
FN:8,EntityId::new
FN:13,EntityId::as_str
FN:17,EntityId::validate
FN:26,<impl Display for EntityId>::fmt
FN:32,<impl From for String>::from
FNF:5
FNDA:4,EntityId::new
FNDA:2,EntityId::as_str
FNDA:4,EntityId::validate
FNDA:4,<impl Display for EntityId>::fmt
FNDA:0,<impl From for String>::from
DA:8,4
DA:9,8
DA:10,4
DA:13,2
DA:14,2
DA:17,4
DA:18,4
DA:19,0
DA:21,4
DA:26,4
DA:27,4
DA:32,0
DA:33,0
LF:13
LH:10
end_of_record
TN:
SF:/app/kukuri-tauri/src-tauri/src/domain/value_objects/offline/entity_type.rs
FN:8,EntityType::new
FN:13,EntityType::as_str
FN:17,EntityType::validate
FN:26,<impl Display for EntityType>::fmt
FN:32,<impl From for String>::from
FNF:5
FNDA:4,EntityType::new
FNDA:2,EntityType::as_str
FNDA:4,EntityType::validate
FNDA:3,<impl Display for EntityType>::fmt
FNDA:0,<impl From for String>::from
DA:8,4
DA:9,8
DA:10,4
DA:13,2
DA:14,2
DA:17,4
DA:18,4
DA:19,0
DA:21,4
DA:26,3
DA:27,3
DA:32,0
DA:33,0
LF:13
LH:10
end_of_record
TN:
SF:/app/kukuri-tauri/src-tauri/src/domain/value_objects/offline/optimistic_update_id.rs
FN:8,OptimisticUpdateId::new
FN:13,OptimisticUpdateId::as_str
FN:17,OptimisticUpdateId::validate
FN:26,<impl Display for OptimisticUpdateId>::fmt
FN:32,<impl From for String>::from
FNF:5
FNDA:1,OptimisticUpdateId::new
FNDA:1,OptimisticUpdateId::as_str
FNDA:1,OptimisticUpdateId::validate
FNDA:0,<impl Display for OptimisticUpdateId>::fmt
FNDA:0,<impl From for String>::from
DA:8,1
DA:9,2
DA:10,1
DA:13,1
DA:14,1
DA:17,1
DA:18,1
DA:19,0
DA:21,1
DA:26,0
DA:27,0
DA:32,0
DA:33,0
LF:13
LH:8
end_of_record
TN:
SF:/app/kukuri-tauri/src-tauri/src/domain/value_objects/offline/payload.rs
FN:8,OfflinePayload::new
FN:13,OfflinePayload::from_json_str
FN:19,OfflinePayload::as_json
FN:23,OfflinePayload::into_inner
FN:27,OfflinePayload::validate
FN:36,<impl From for Value>::from
FNF:6
FNDA:4,OfflinePayload::new
FNDA:4,OfflinePayload::from_json_str
FNDA:3,OfflinePayload::as_json
FNDA:3,OfflinePayload::into_inner
FNDA:4,OfflinePayload::validate
FNDA:0,<impl From for Value>::from
DA:8,4
DA:9,8
DA:10,4
DA:13,4
DA:14,4
DA:16,4
DA:19,3
DA:23,3
DA:24,3
DA:27,4
DA:28,4
DA:29,0
DA:31,4
DA:36,0
DA:37,0
LF:15
LH:12
end_of_record
TN:
SF:/app/kukuri-tauri/src-tauri/src/domain/value_objects/offline/remote_event_id.rs
FN:8,RemoteEventId::new
FN:15,RemoteEventId::as_str
FN:21,<impl Display for RemoteEventId>::fmt
FN:27,<impl From for String>::from
FNF:4
FNDA:0,RemoteEventId::new
FNDA:0,RemoteEventId::as_str
FNDA:0,<impl Display for RemoteEventId>::fmt
FNDA:0,<impl From for String>::from
DA:8,0
DA:9,0
DA:10,0
DA:12,0
DA:15,0
DA:16,0
DA:21,0
DA:22,0
DA:27,0
DA:28,0
LF:10
LH:0
end_of_record
TN:
SF:/app/kukuri-tauri/src-tauri/src/domain/value_objects/offline/sync_queue_id.rs
FN:8,SyncQueueId::new
FN:15,SyncQueueId::value
FN:21,<impl Display for SyncQueueId>::fmt
FN:27,<impl From for i64>::from
FNF:4
FNDA:2,SyncQueueId::new
FNDA:0,SyncQueueId::value
FNDA:0,<impl Display for SyncQueueId>::fmt
FNDA:0,<impl From for i64>::from
DA:8,2
DA:9,3
DA:10,0
DA:12,3
DA:15,0
DA:16,0
DA:21,0
DA:22,0
DA:27,0
LF:9
LH:3
end_of_record
TN:
SF:/app/kukuri-tauri/src-tauri/src/domain/value_objects/offline/sync_queue_status.rs
FN:13,SyncQueueStatus::as_str
FN:25,<impl From for SyncQueueStatus>::from
FNF:2
FNDA:0,SyncQueueStatus::as_str
FNDA:2,<impl From for SyncQueueStatus>::from
DA:13,0
DA:14,0
DA:15,0
DA:16,0
DA:17,0
DA:18,0
DA:19,0
DA:25,2
DA:27,4
DA:28,0
DA:29,0
DA:30,0
DA:31,0
LF:13
LH:2
end_of_record
TN:
SF:/app/kukuri-tauri/src-tauri/src/domain/value_objects/offline/sync_status.rs
FN:16,SyncStatus::as_str
FN:28,SyncStatus::is_terminal
FN:37,<impl Display for SyncStatus>::fmt
FN:43,<impl From for SyncStatus>::from
FNF:4
FNDA:2,SyncStatus::as_str
FNDA:0,SyncStatus::is_terminal
FNDA:0,<impl Display for SyncStatus>::fmt
FNDA:2,<impl From for SyncStatus>::from
DA:16,2
DA:17,4
DA:18,2
DA:19,0
DA:20,0
DA:21,0
DA:22,0
DA:23,0
DA:24,1
DA:28,0
DA:29,0
DA:30,0
DA:37,0
DA:38,0
DA:43,2
DA:45,4
DA:46,1
DA:47,1
DA:48,1
DA:49,1
DA:50,1
DA:51,1
LF:22
LH:12
end_of_record
TN:
SF:/app/kukuri-tauri/src-tauri/src/domain/value_objects/subscription.rs
FN:14,SubscriptionTarget::as_parts
FN:21,SubscriptionTarget::from_parts
FN:40,SubscriptionStatus::as_str
FN:48,SubscriptionStatus::parse
FN:63,<impl FromStr for SubscriptionStatus>::from_str
FN:79,SubscriptionRecord::new
FN:90,SubscriptionRecord::mark_requested
FN:96,SubscriptionRecord::mark_subscribed
FN:103,SubscriptionRecord::mark_failure
FN:110,SubscriptionRecord::since_timestamp
FNF:10
FNDA:3,SubscriptionTarget::as_parts
FNDA:3,SubscriptionTarget::from_parts
FNDA:1,SubscriptionStatus::as_str
FNDA:1,SubscriptionStatus::parse
FNDA:0,<impl FromStr for SubscriptionStatus>::from_str
FNDA:1,SubscriptionRecord::new
FNDA:1,SubscriptionRecord::mark_requested
FNDA:1,SubscriptionRecord::mark_subscribed
FNDA:1,SubscriptionRecord::mark_failure
FNDA:0,SubscriptionRecord::since_timestamp
DA:14,3
DA:15,3
DA:16,3
DA:17,1
DA:21,3
DA:22,3
DA:23,6
DA:24,3
DA:25,0
DA:40,1
DA:41,2
DA:42,1
DA:43,1
DA:44,1
DA:48,1
DA:50,3
DA:51,2
DA:52,2
DA:53,0
DA:63,0
DA:64,0
DA:79,1
DA:90,1
DA:91,2
DA:92,1
DA:93,3
DA:96,1
DA:97,1
DA:98,1
DA:99,1
DA:100,2
DA:103,1
DA:104,1
DA:105,1
DA:106,1
DA:107,2
DA:110,0
DA:111,0
DA:112,0
DA:113,0
LF:40
LH:32
end_of_record
TN:
SF:/app/kukuri-tauri/src-tauri/src/domain/value_objects/topic_id.rs
FN:8,TopicId::new
FN:15,TopicId::generate
FN:19,TopicId::public
FN:23,TopicId::as_str
FN:27,TopicId::is_public
FN:33,<impl Display for TopicId>::fmt
FN:39,<impl From for String>::from
FN:45,<impl Default for TopicId>::default
FNF:8
FNDA:0,TopicId::new
FNDA:0,TopicId::generate
FNDA:0,TopicId::public
FNDA:0,TopicId::as_str
FNDA:0,TopicId::is_public
FNDA:0,<impl Display for TopicId>::fmt
FNDA:0,<impl From for String>::from
FNDA:0,<impl Default for TopicId>::default
DA:8,0
DA:9,0
DA:10,0
DA:12,0
DA:15,0
DA:16,0
DA:19,0
DA:20,0
DA:23,0
DA:24,0
DA:27,0
DA:28,0
DA:33,0
DA:34,0
DA:39,0
DA:40,0
DA:45,0
DA:46,0
LF:18
LH:0
end_of_record
TN:
SF:/app/kukuri-tauri/src-tauri/src/infrastructure/cache/memory_cache.rs
FN:23,MemoryCacheService<T>::new
FN:31,MemoryCacheService<T>::set
FN:36,MemoryCacheService<T>::set_with_ttl
FN:47,MemoryCacheService<T>::get
FN:60,MemoryCacheService<T>::get_many
FN:77,MemoryCacheService<T>::delete
FN:83,MemoryCacheService<T>::delete_pattern
FN:97,MemoryCacheService<T>::clear
FN:103,MemoryCacheService<T>::cleanup_expired
FN:111,MemoryCacheService<T>::size
FN:123,PostCacheService::new
FN:130,PostCacheService::cache_post
FN:135,PostCacheService::get_post
FN:140,PostCacheService::cache_posts_by_topic
FN:151,PostCacheService::invalidate_topic_posts
FN:156,PostCacheService::invalidate_post
FN:168,UserCacheService::new
FN:175,UserCacheService::cache_user
FN:180,UserCacheService::get_user
FN:185,UserCacheService::invalidate_user
FN:197,TopicCacheService::new
FN:204,TopicCacheService::cache_topic
FN:209,TopicCacheService::get_topic
FN:214,TopicCacheService::cache_all_topics
FN:220,TopicCacheService::invalidate_topic
FNF:25
FNDA:0,MemoryCacheService<T>::new
FNDA:0,MemoryCacheService<T>::set
FNDA:0,MemoryCacheService<T>::set_with_ttl
FNDA:0,MemoryCacheService<T>::get
FNDA:0,MemoryCacheService<T>::get_many
FNDA:0,MemoryCacheService<T>::delete
FNDA:0,MemoryCacheService<T>::delete_pattern
FNDA:0,MemoryCacheService<T>::clear
FNDA:0,MemoryCacheService<T>::cleanup_expired
FNDA:0,MemoryCacheService<T>::size
FNDA:0,PostCacheService::new
FNDA:0,PostCacheService::cache_post
FNDA:0,PostCacheService::get_post
FNDA:0,PostCacheService::cache_posts_by_topic
FNDA:0,PostCacheService::invalidate_topic_posts
FNDA:0,PostCacheService::invalidate_post
FNDA:0,UserCacheService::new
FNDA:0,UserCacheService::cache_user
FNDA:0,UserCacheService::get_user
FNDA:0,UserCacheService::invalidate_user
FNDA:0,TopicCacheService::new
FNDA:0,TopicCacheService::cache_topic
FNDA:0,TopicCacheService::get_topic
FNDA:0,TopicCacheService::cache_all_topics
FNDA:0,TopicCacheService::invalidate_topic
DA:23,0
DA:25,0
DA:26,0
DA:31,0
DA:32,0
DA:36,0
DA:39,0
DA:42,0
DA:43,0
DA:47,0
DA:48,0
DA:50,0
DA:51,0
DA:52,0
DA:56,0
DA:60,0
DA:61,0
DA:62,0
DA:64,0
DA:65,0
DA:66,0
DA:67,0
DA:68,0
DA:73,0
DA:77,0
DA:78,0
DA:79,0
DA:83,0
DA:84,0
DA:85,0
DA:87,0
DA:91,0
DA:92,0
DA:97,0
DA:98,0
DA:99,0
DA:103,0
DA:104,0
DA:105,0
DA:107,0
DA:111,0
DA:112,0
DA:113,0
DA:123,0
DA:126,0
DA:130,0
DA:131,0
DA:132,0
DA:135,0
DA:136,0
DA:137,0
DA:140,0
DA:146,0
DA:147,0
DA:151,0
DA:152,0
DA:153,0
DA:156,0
DA:157,0
DA:158,0
DA:168,0
DA:171,0
DA:175,0
DA:176,0
DA:177,0
DA:180,0
DA:181,0
DA:182,0
DA:185,0
DA:186,0
DA:187,0
DA:197,0
DA:200,0
DA:204,0
DA:205,0
DA:206,0
DA:209,0
DA:210,0
DA:211,0
DA:214,0
DA:215,0
DA:216,0
DA:220,0
DA:221,0
DA:222,0
LF:85
LH:0
end_of_record
TN:
SF:/app/kukuri-tauri/src-tauri/src/infrastructure/cache/post_cache.rs
FN:13,PostCacheService::new
FN:20,PostCacheService::add
FN:26,PostCacheService::add_many
FN:34,PostCacheService::get
FN:40,PostCacheService::get_many
FN:46,PostCacheService::get_by_topic
FN:56,PostCacheService::remove
FN:62,PostCacheService::clear
FN:68,PostCacheService::size
FN:75,<impl Default for PostCacheService>::default
FNF:10
FNDA:1,PostCacheService::new
FNDA:4,PostCacheService::add
FNDA:7,PostCacheService::add_many
FNDA:4,PostCacheService::get
FNDA:0,PostCacheService::get_many
FNDA:4,PostCacheService::get_by_topic
FNDA:4,PostCacheService::remove
FNDA:4,PostCacheService::clear
FNDA:8,PostCacheService::size
FNDA:0,<impl Default for PostCacheService>::default
DA:13,1
DA:15,1
DA:20,4
DA:21,2
DA:22,2
DA:26,7
DA:27,4
DA:28,10
DA:29,4
DA:34,4
DA:35,2
DA:36,2
DA:40,0
DA:41,0
DA:42,0
DA:46,4
DA:47,2
DA:48,3
DA:50,3
DA:56,4
DA:57,2
DA:58,2
DA:62,4
DA:63,2
DA:64,2
DA:68,8
DA:69,3
DA:70,2
DA:75,0
DA:76,0
LF:30
LH:25
end_of_record
TN:
SF:/app/kukuri-tauri/src-tauri/src/infrastructure/crypto/default_encryption_service.rs
FNF:0
DA:21,0
DA:22,0
DA:23,0
DA:24,0
DA:25,0
DA:26,0
DA:27,0
DA:30,0
DA:31,0
DA:32,0
DA:33,0
DA:34,0
DA:36,0
DA:38,0
DA:39,0
DA:41,0
DA:44,0
DA:45,0
DA:46,0
DA:47,0
DA:49,0
DA:51,0
DA:52,0
DA:53,0
DA:57,0
DA:58,0
DA:59,0
DA:61,0
DA:62,0
DA:64,0
DA:66,0
DA:77,0
DA:78,0
DA:87,0
DA:88,0
DA:97,0
DA:105,0
LF:37
LH:0
end_of_record
TN:
SF:/app/kukuri-tauri/src-tauri/src/infrastructure/crypto/default_signature_service.rs
FNF:0
DA:16,0
DA:17,0
DA:29,0
DA:30,0
DA:33,0
DA:37,0
DA:39,0
DA:40,0
DA:42,0
DA:47,0
DA:49,0
DA:50,0
DA:54,0
DA:55,0
DA:56,0
DA:58,0
DA:66,0
DA:69,0
DA:72,0
DA:80,2
DA:81,1
DA:84,2
DA:87,2
DA:102,1
LF:24
LH:5
end_of_record
TN:
SF:/app/kukuri-tauri/src-tauri/src/infrastructure/crypto/key_manager.rs
FN:22,DefaultKeyManager::new
FN:32,DefaultKeyManager::generate
FN:46,DefaultKeyManager::login
FN:61,DefaultKeyManager::logout
FN:68,DefaultKeyManager::get_keys
FN:75,<impl Default for DefaultKeyManager>::default
FN:82,<impl KeyManager for DefaultKeyManager>::generate_keypair
FN:110,<impl KeyManager for DefaultKeyManager>::import_private_key
FN:137,<impl KeyManager for DefaultKeyManager>::export_private_key
FN:146,<impl KeyManager for DefaultKeyManager>::get_public_key
FN:155,<impl KeyManager for DefaultKeyManager>::store_keypair
FN:163,<impl KeyManager for DefaultKeyManager>::delete_keypair
FN:180,<impl KeyManager for DefaultKeyManager>::current_keypair
FN:219,<impl KeyManager for DefaultKeyManager>::list_npubs
FNF:14
FNDA:1,DefaultKeyManager::new
FNDA:4,DefaultKeyManager::generate
FNDA:4,DefaultKeyManager::login
FNDA:4,DefaultKeyManager::logout
FNDA:4,DefaultKeyManager::get_keys
FNDA:0,<impl Default for DefaultKeyManager>::default
FNDA:3,<impl KeyManager for DefaultKeyManager>::generate_keypair
FNDA:3,<impl KeyManager for DefaultKeyManager>::import_private_key
FNDA:3,<impl KeyManager for DefaultKeyManager>::export_private_key
FNDA:0,<impl KeyManager for DefaultKeyManager>::get_public_key
FNDA:0,<impl KeyManager for DefaultKeyManager>::store_keypair
FNDA:3,<impl KeyManager for DefaultKeyManager>::delete_keypair
FNDA:3,<impl KeyManager for DefaultKeyManager>::current_keypair
FNDA:3,<impl KeyManager for DefaultKeyManager>::list_npubs
DA:22,1
DA:24,1
DA:32,4
DA:33,1
DA:34,2
DA:35,2
DA:36,2
DA:39,2
DA:40,1
DA:42,1
DA:46,4
DA:47,3
DA:48,0
DA:50,0
DA:51,0
DA:54,0
DA:55,0
DA:57,0
DA:61,4
DA:62,2
DA:63,1
DA:64,1
DA:68,4
DA:69,2
DA:70,4
DA:75,0
DA:76,0
DA:82,3
DA:83,1
DA:84,2
DA:85,4
DA:86,4
DA:89,0
DA:90,4
DA:93,0
DA:98,2
DA:103,5
DA:104,3
DA:105,6
DA:107,3
DA:110,3
DA:111,2
DA:112,0
DA:113,2
DA:115,2
DA:116,2
DA:117,2
DA:120,0
DA:125,1
DA:126,1
DA:130,2
DA:131,1
DA:132,2
DA:134,1
DA:137,3
DA:138,1
DA:139,4
DA:141,1
DA:142,2
DA:143,3
DA:146,0
DA:147,0
DA:148,0
DA:150,0
DA:151,0
DA:152,0
DA:155,0
DA:156,0
DA:157,0
DA:159,0
DA:160,0
DA:163,3
DA:164,1
DA:165,2
DA:167,1
DA:168,5
DA:171,0
DA:172,1
DA:174,1
DA:177,1
DA:180,3
DA:181,1
DA:182,1
DA:183,4
DA:187,3
DA:188,2
DA:191,0
DA:192,2
DA:193,1
DA:196,1
DA:197,1
DA:200,0
DA:201,0
DA:202,0
DA:205,0
DA:210,0
DA:214,0
DA:215,0
DA:216,0
DA:219,3
DA:220,1
DA:221,2
LF:102
LH:69
end_of_record
TN:
SF:/app/kukuri-tauri/src-tauri/src/infrastructure/database/connection_pool.rs
FN:10,ConnectionPool::new
FN:21,ConnectionPool::from_memory
FN:25,ConnectionPool::get_pool
FN:29,ConnectionPool::migrate
FN:33,ConnectionPool::close
FNF:5
FNDA:4,ConnectionPool::new
FNDA:4,ConnectionPool::from_memory
FNDA:1,ConnectionPool::get_pool
FNDA:0,ConnectionPool::migrate
FNDA:0,ConnectionPool::close
DA:10,4
DA:11,10
DA:14,7
DA:16,3
DA:17,1
DA:21,4
DA:22,5
DA:25,1
DA:26,3
DA:29,0
DA:30,0
DA:33,0
DA:34,0
LF:13
LH:9
end_of_record
TN:
SF:/app/kukuri-tauri/src-tauri/src/infrastructure/database/repository.rs
FN:76,EventRepository::add_event_topic
FN:82,EventRepository::get_event_topics
FNF:2
FNDA:0,EventRepository::add_event_topic
FNDA:0,EventRepository::get_event_topics
DA:76,0
DA:78,0
DA:82,0
DA:84,0
LF:4
LH:0
end_of_record
TN:
SF:/app/kukuri-tauri/src-tauri/src/infrastructure/database/sqlite_repository/bookmarks.rs
FN:22,BookmarkRow::into_domain
FN:39,SqliteRepository::fetch_bookmark
FN:64,<impl BookmarkRepository for SqliteRepository>::create_bookmark
FN:86,<impl BookmarkRepository for SqliteRepository>::delete_bookmark
FN:94,<impl BookmarkRepository for SqliteRepository>::list_bookmarks
FNF:5
FNDA:1,BookmarkRow::into_domain
FNDA:1,SqliteRepository::fetch_bookmark
FNDA:1,<impl BookmarkRepository for SqliteRepository>::create_bookmark
FNDA:8,<impl BookmarkRepository for SqliteRepository>::delete_bookmark
FNDA:3,<impl BookmarkRepository for SqliteRepository>::list_bookmarks
DA:22,1
DA:23,2
DA:24,0
DA:25,2
DA:26,0
DA:27,2
DA:28,0
DA:29,2
DA:30,1
DA:32,0
DA:34,2
DA:39,1
DA:44,8
DA:45,2
DA:46,2
DA:47,2
DA:48,4
DA:50,1
DA:51,2
DA:52,0
DA:64,1
DA:66,10
DA:67,2
DA:68,2
DA:69,2
DA:70,2
DA:71,2
DA:72,4
DA:74,2
DA:75,3
DA:78,1
DA:86,8
DA:87,2
DA:88,2
DA:89,2
DA:90,4
DA:91,1
DA:94,3
DA:95,7
DA:96,2
DA:97,2
DA:98,4
DA:100,2
LF:43
LH:38
end_of_record
TN:
SF:/app/kukuri-tauri/src-tauri/src/infrastructure/database/sqlite_repository/events.rs
FN:16,<impl EventRepository for SqliteRepository>::create_event
FN:42,<impl EventRepository for SqliteRepository>::get_event
FN:54,<impl EventRepository for SqliteRepository>::get_events_by_kind
FN:75,<impl EventRepository for SqliteRepository>::get_events_by_author
FN:90,<impl EventRepository for SqliteRepository>::delete_event
FN:100,<impl EventRepository for SqliteRepository>::get_unsync_events
FN:114,<impl EventRepository for SqliteRepository>::mark_event_synced
FN:124,<impl EventRepository for SqliteRepository>::add_event_topic
FN:134,<impl EventRepository for SqliteRepository>::get_event_topics
FNF:9
FNDA:0,<impl EventRepository for SqliteRepository>::create_event
FNDA:0,<impl EventRepository for SqliteRepository>::get_event
FNDA:0,<impl EventRepository for SqliteRepository>::get_events_by_kind
FNDA:0,<impl EventRepository for SqliteRepository>::get_events_by_author
FNDA:0,<impl EventRepository for SqliteRepository>::delete_event
FNDA:0,<impl EventRepository for SqliteRepository>::get_unsync_events
FNDA:0,<impl EventRepository for SqliteRepository>::mark_event_synced
FNDA:0,<impl EventRepository for SqliteRepository>::add_event_topic
FNDA:0,<impl EventRepository for SqliteRepository>::get_event_topics
DA:16,0
DA:17,0
DA:19,0
DA:20,0
DA:21,0
DA:22,0
DA:23,0
DA:24,0
DA:25,0
DA:26,0
DA:27,0
DA:28,0
DA:30,0
DA:31,0
DA:32,0
DA:33,0
DA:34,0
DA:39,0
DA:42,0
DA:43,0
DA:44,0
DA:45,0
DA:46,0
DA:48,0
DA:49,0
DA:50,0
DA:54,0
DA:55,0
DA:56,0
DA:57,0
DA:58,0
DA:59,0
DA:61,0
DA:62,0
DA:63,0
DA:64,0
DA:67,0
DA:75,0
DA:76,0
DA:77,0
DA:78,0
DA:79,0
DA:81,0
DA:82,0
DA:83,0
DA:84,0
DA:87,0
DA:90,0
DA:91,0
DA:92,0
DA:93,0
DA:94,0
DA:95,0
DA:97,0
DA:100,0
DA:101,0
DA:102,0
DA:103,0
DA:105,0
DA:106,0
DA:107,0
DA:108,0
DA:111,0
DA:114,0
DA:115,0
DA:116,0
DA:117,0
DA:118,0
DA:119,0
DA:121,0
DA:124,0
DA:125,0
DA:126,0
DA:127,0
DA:128,0
DA:129,0
DA:130,0
DA:131,0
DA:134,0
DA:135,0
DA:136,0
DA:137,0
DA:138,0
DA:140,0
DA:141,0
DA:142,0
DA:145,0
LF:87
LH:0
end_of_record
TN:
SF:/app/kukuri-tauri/src-tauri/src/infrastructure/database/sqlite_repository/mod.rs
FN:19,SqliteRepository::new
FN:26,<impl Repository for SqliteRepository>::initialize
FN:31,<impl Repository for SqliteRepository>::health_check
FNF:3
FNDA:1,SqliteRepository::new
FNDA:0,<impl Repository for SqliteRepository>::initialize
FNDA:0,<impl Repository for SqliteRepository>::health_check
DA:19,1
DA:26,0
DA:27,0
DA:28,0
DA:31,0
DA:32,0
DA:33,0
DA:34,0
DA:35,0
LF:9
LH:1
end_of_record
TN:
SF:/app/kukuri-tauri/src-tauri/src/infrastructure/database/sqlite_repository/posts.rs
FN:14,serialize_topic_tags
FN:19,topic_tag_like
FN:25,<impl PostRepository for SqliteRepository>::create_post
FN:41,<impl PostRepository for SqliteRepository>::get_post
FN:58,<impl PostRepository for SqliteRepository>::get_posts_by_topic
FN:73,<impl PostRepository for SqliteRepository>::update_post
FN:84,<impl PostRepository for SqliteRepository>::delete_post
FN:94,<impl PostRepository for SqliteRepository>::get_unsync_posts
FN:109,<impl PostRepository for SqliteRepository>::mark_post_synced
FN:125,<impl PostRepository for SqliteRepository>::get_posts_by_author
FN:140,<impl PostRepository for SqliteRepository>::get_recent_posts
FNF:11
FNDA:0,serialize_topic_tags
FNDA:0,topic_tag_like
FNDA:0,<impl PostRepository for SqliteRepository>::create_post
FNDA:0,<impl PostRepository for SqliteRepository>::get_post
FNDA:0,<impl PostRepository for SqliteRepository>::get_posts_by_topic
FNDA:0,<impl PostRepository for SqliteRepository>::update_post
FNDA:0,<impl PostRepository for SqliteRepository>::delete_post
FNDA:0,<impl PostRepository for SqliteRepository>::get_unsync_posts
FNDA:0,<impl PostRepository for SqliteRepository>::mark_post_synced
FNDA:0,<impl PostRepository for SqliteRepository>::get_posts_by_author
FNDA:0,<impl PostRepository for SqliteRepository>::get_recent_posts
DA:14,0
DA:15,0
DA:16,0
DA:19,0
DA:20,0
DA:25,0
DA:26,0
DA:28,0
DA:29,0
DA:30,0
DA:31,0
DA:33,0
DA:34,0
DA:35,0
DA:36,0
DA:38,0
DA:41,0
DA:42,0
DA:43,0
DA:44,0
DA:45,0
DA:47,0
DA:48,0
DA:49,0
DA:58,0
DA:59,0
DA:60,0
DA:61,0
DA:62,0
DA:64,0
DA:65,0
DA:66,0
DA:67,0
DA:70,0
DA:73,0
DA:74,0
DA:75,0
DA:76,0
DA:77,0
DA:78,0
DA:79,0
DA:81,0
DA:84,0
DA:85,0
DA:86,0
DA:87,0
DA:88,0
DA:89,0
DA:91,0
DA:94,0
DA:95,0
DA:96,0
DA:97,0
DA:99,0
DA:100,0
DA:101,0
DA:102,0
DA:103,0
DA:106,0
DA:109,0
DA:110,0
DA:111,0
DA:112,0
DA:113,0
DA:114,0
DA:115,0
DA:117,0
DA:125,0
DA:126,0
DA:127,0
DA:128,0
DA:129,0
DA:131,0
DA:132,0
DA:133,0
DA:134,0
DA:137,0
DA:140,0
DA:141,0
DA:142,0
DA:143,0
DA:144,0
DA:146,0
DA:147,0
DA:148,0
DA:149,0
DA:152,0
LF:87
LH:0
end_of_record
TN:
SF:/app/kukuri-tauri/src-tauri/src/infrastructure/database/sqlite_repository/topics.rs
FN:17,<impl TopicRepository for SqliteRepository>::create_topic
FN:30,<impl TopicRepository for SqliteRepository>::get_topic
FN:42,<impl TopicRepository for SqliteRepository>::get_all_topics
FN:56,<impl TopicRepository for SqliteRepository>::get_joined_topics
FN:71,<impl TopicRepository for SqliteRepository>::update_topic
FN:83,<impl TopicRepository for SqliteRepository>::delete_topic
FN:101,<impl TopicRepository for SqliteRepository>::join_topic
FN:129,<impl TopicRepository for SqliteRepository>::leave_topic
FN:167,<impl TopicRepository for SqliteRepository>::update_topic_stats
FNF:9
FNDA:0,<impl TopicRepository for SqliteRepository>::create_topic
FNDA:0,<impl TopicRepository for SqliteRepository>::get_topic
FNDA:0,<impl TopicRepository for SqliteRepository>::get_all_topics
FNDA:0,<impl TopicRepository for SqliteRepository>::get_joined_topics
FNDA:0,<impl TopicRepository for SqliteRepository>::update_topic
FNDA:0,<impl TopicRepository for SqliteRepository>::delete_topic
FNDA:0,<impl TopicRepository for SqliteRepository>::join_topic
FNDA:0,<impl TopicRepository for SqliteRepository>::leave_topic
FNDA:0,<impl TopicRepository for SqliteRepository>::update_topic_stats
DA:17,0
DA:18,0
DA:19,0
DA:20,0
DA:21,0
DA:22,0
DA:23,0
DA:24,0
DA:25,0
DA:27,0
DA:30,0
DA:31,0
DA:32,0
DA:33,0
DA:34,0
DA:36,0
DA:37,0
DA:38,0
DA:42,0
DA:43,0
DA:44,0
DA:45,0
DA:47,0
DA:48,0
DA:49,0
DA:50,0
DA:53,0
DA:56,0
DA:57,0
DA:58,0
DA:59,0
DA:60,0
DA:62,0
DA:63,0
DA:64,0
DA:65,0
DA:68,0
DA:71,0
DA:72,0
DA:73,0
DA:74,0
DA:75,0
DA:76,0
DA:77,0
DA:78,0
DA:80,0
DA:83,0
DA:84,0
DA:85,0
DA:88,0
DA:89,0
DA:90,0
DA:91,0
DA:93,0
DA:94,0
DA:95,0
DA:96,0
DA:98,0
DA:101,0
DA:102,0
DA:103,0
DA:105,0
DA:106,0
DA:107,0
DA:108,0
DA:109,0
DA:110,0
DA:112,0
DA:113,0
DA:114,0
DA:115,0
DA:118,0
DA:120,0
DA:121,0
DA:122,0
DA:123,0
DA:125,0
DA:126,0
DA:129,0
DA:130,0
DA:131,0
DA:134,0
DA:135,0
DA:137,0
DA:138,0
DA:139,0
DA:140,0
DA:141,0
DA:142,0
DA:144,0
DA:145,0
DA:146,0
DA:147,0
DA:150,0
DA:152,0
DA:153,0
DA:154,0
DA:155,0
DA:157,0
DA:158,0
DA:167,0
DA:168,0
DA:169,0
DA:170,0
DA:171,0
DA:172,0
DA:173,0
DA:175,0
LF:108
LH:0
end_of_record
TN:
SF:/app/kukuri-tauri/src-tauri/src/infrastructure/database/sqlite_repository/users.rs
FN:14,<impl UserRepository for SqliteRepository>::create_user
FN:29,<impl UserRepository for SqliteRepository>::get_user
FN:41,<impl UserRepository for SqliteRepository>::get_user_by_pubkey
FN:53,<impl UserRepository for SqliteRepository>::update_user
FN:66,<impl UserRepository for SqliteRepository>::delete_user
FN:75,<impl UserRepository for SqliteRepository>::get_followers
FN:90,<impl UserRepository for SqliteRepository>::get_following
FNF:7
FNDA:0,<impl UserRepository for SqliteRepository>::create_user
FNDA:0,<impl UserRepository for SqliteRepository>::get_user
FNDA:0,<impl UserRepository for SqliteRepository>::get_user_by_pubkey
FNDA:0,<impl UserRepository for SqliteRepository>::update_user
FNDA:0,<impl UserRepository for SqliteRepository>::delete_user
FNDA:0,<impl UserRepository for SqliteRepository>::get_followers
FNDA:0,<impl UserRepository for SqliteRepository>::get_following
DA:14,0
DA:15,0
DA:16,0
DA:17,0
DA:18,0
DA:19,0
DA:20,0
DA:21,0
DA:22,0
DA:23,0
DA:24,0
DA:26,0
DA:29,0
DA:30,0
DA:31,0
DA:32,0
DA:33,0
DA:35,0
DA:36,0
DA:37,0
DA:41,0
DA:42,0
DA:43,0
DA:44,0
DA:45,0
DA:47,0
DA:48,0
DA:49,0
DA:53,0
DA:54,0
DA:55,0
DA:56,0
DA:57,0
DA:58,0
DA:59,0
DA:60,0
DA:61,0
DA:63,0
DA:66,0
DA:67,0
DA:68,0
DA:69,0
DA:70,0
DA:72,0
DA:75,0
DA:76,0
DA:77,0
DA:78,0
DA:79,0
DA:81,0
DA:82,0
DA:83,0
DA:84,0
DA:87,0
DA:90,0
DA:91,0
DA:92,0
DA:93,0
DA:94,0
DA:96,0
DA:97,0
DA:98,0
DA:99,0
DA:102,0
LF:64
LH:0
end_of_record
TN:
SF:/app/kukuri-tauri/src-tauri/src/infrastructure/database/subscription_state_repository.rs
FN:17,SqliteSubscriptionStateRepository::new
FN:21,SqliteSubscriptionStateRepository::pool
FN:25,SqliteSubscriptionStateRepository::row_to_record
FN:50,<impl SubscriptionStateRepository for SqliteSubscriptionStateRepository>::upsert
FN:96,<impl SubscriptionStateRepository for SqliteSubscriptionStateRepository>::find
FN:116,<impl SubscriptionStateRepository for SqliteSubscriptionStateRepository>::mark_all_need_resync
FN:133,<impl SubscriptionStateRepository for SqliteSubscriptionStateRepository>::list_for_restore
FN:148,<impl SubscriptionStateRepository for SqliteSubscriptionStateRepository>::list_all
FNF:8
FNDA:1,SqliteSubscriptionStateRepository::new
FNDA:3,SqliteSubscriptionStateRepository::pool
FNDA:3,SqliteSubscriptionStateRepository::row_to_record
FNDA:4,<impl SubscriptionStateRepository for SqliteSubscriptionStateRepository>::upsert
FNDA:3,<impl SubscriptionStateRepository for SqliteSubscriptionStateRepository>::find
FNDA:3,<impl SubscriptionStateRepository for SqliteSubscriptionStateRepository>::mark_all_need_resync
FNDA:3,<impl SubscriptionStateRepository for SqliteSubscriptionStateRepository>::list_for_restore
FNDA:3,<impl SubscriptionStateRepository for SqliteSubscriptionStateRepository>::list_all
DA:17,1
DA:21,3
DA:22,3
DA:25,3
DA:26,6
DA:27,3
DA:28,3
DA:29,6
DA:30,3
DA:31,3
DA:32,3
DA:34,6
DA:35,3
DA:37,2
DA:38,2
DA:43,1
DA:50,4
DA:51,1
DA:52,2
DA:77,1
DA:78,4
DA:79,1
DA:80,2
DA:81,3
DA:82,3
DA:83,1
DA:84,3
DA:85,6
DA:87,8
DA:88,9
DA:89,0
DA:96,3
DA:106,3
DA:107,6
DA:108,9
DA:110,2
DA:111,2
DA:112,1
DA:116,3
DA:126,1
DA:127,2
DA:128,4
DA:130,1
DA:133,3
DA:142,2
DA:143,4
DA:145,2
DA:148,3
DA:156,2
DA:157,4
DA:159,2
LF:51
LH:50
end_of_record
TN:
SF:/app/kukuri-tauri/src-tauri/src/infrastructure/event/event_manager_gateway.rs
FN:33,<impl From for FrontendEventPayload>::from
FN:267,LegacyEventManagerGateway::new
FN:274,LegacyEventManagerGateway::to_nostr_event_id
FN:279,LegacyEventManagerGateway::to_domain_event_id
FN:284,LegacyEventManagerGateway::to_domain_public_key
FN:289,LegacyEventManagerGateway::set_app_handle
FN:295,LegacyEventManagerGateway::clear_app_handle
FN:300,LegacyEventManagerGateway::emit_frontend_event
FN:314,<impl EventGateway for LegacyEventManagerGateway>::handle_incoming_event
FN:330,<impl EventGateway for LegacyEventManagerGateway>::publish_text_note
FN:352,<impl EventGateway for LegacyEventManagerGateway>::publish_topic_post
FN:377,<impl EventGateway for LegacyEventManagerGateway>::send_reaction
FN:396,<impl EventGateway for LegacyEventManagerGateway>::update_profile_metadata
FN:416,<impl EventGateway for LegacyEventManagerGateway>::delete_events
FN:433,<impl EventGateway for LegacyEventManagerGateway>::disconnect
FN:443,<impl EventGateway for LegacyEventManagerGateway>::get_public_key
FN:448,<impl EventGateway for LegacyEventManagerGateway>::set_default_topics
FN:457,<impl EventGateway for LegacyEventManagerGateway>::list_default_topics
FNF:18
FNDA:1,<impl From for FrontendEventPayload>::from
FNDA:1,LegacyEventManagerGateway::new
FNDA:0,LegacyEventManagerGateway::to_nostr_event_id
FNDA:0,LegacyEventManagerGateway::to_domain_event_id
FNDA:0,LegacyEventManagerGateway::to_domain_public_key
FNDA:0,LegacyEventManagerGateway::set_app_handle
FNDA:0,LegacyEventManagerGateway::clear_app_handle
FNDA:4,LegacyEventManagerGateway::emit_frontend_event
FNDA:4,<impl EventGateway for LegacyEventManagerGateway>::handle_incoming_event
FNDA:3,<impl EventGateway for LegacyEventManagerGateway>::publish_text_note
FNDA:0,<impl EventGateway for LegacyEventManagerGateway>::publish_topic_post
FNDA:0,<impl EventGateway for LegacyEventManagerGateway>::send_reaction
FNDA:0,<impl EventGateway for LegacyEventManagerGateway>::update_profile_metadata
FNDA:0,<impl EventGateway for LegacyEventManagerGateway>::delete_events
FNDA:0,<impl EventGateway for LegacyEventManagerGateway>::disconnect
FNDA:0,<impl EventGateway for LegacyEventManagerGateway>::get_public_key
FNDA:0,<impl EventGateway for LegacyEventManagerGateway>::set_default_topics
FNDA:0,<impl EventGateway for LegacyEventManagerGateway>::list_default_topics
DA:33,1
DA:35,1
DA:36,1
DA:37,1
DA:38,1
DA:39,1
DA:40,3
DA:267,1
DA:270,2
DA:274,0
DA:275,0
DA:276,0
DA:279,0
DA:280,0
DA:281,0
DA:284,0
DA:285,0
DA:286,0
DA:289,0
DA:290,0
DA:291,0
DA:295,0
DA:296,0
DA:297,0
DA:300,4
DA:301,2
DA:302,2
DA:303,0
DA:305,0
DA:306,0
DA:314,4
DA:316,5
DA:317,2
DA:318,6
DA:319,1
DA:320,3
DA:321,3
DA:322,2
DA:323,1
DA:325,3
DA:326,1
DA:330,3
DA:332,5
DA:333,7
DA:335,1
DA:336,3
DA:337,3
DA:338,0
DA:340,3
DA:341,1
DA:352,0
DA:353,0
DA:354,0
DA:356,0
DA:359,0
DA:361,0
DA:362,0
DA:363,0
DA:364,0
DA:366,0
DA:367,0
DA:377,0
DA:378,0
DA:379,0
DA:381,0
DA:382,0
DA:383,0
DA:384,0
DA:386,0
DA:387,0
DA:396,0
DA:397,0
DA:398,0
DA:400,0
DA:401,0
DA:402,0
DA:403,0
DA:405,0
DA:406,0
DA:416,0
DA:417,0
DA:420,0
DA:421,0
DA:423,0
DA:424,0
DA:425,0
DA:426,0
DA:428,0
DA:429,0
DA:433,0
DA:435,0
DA:437,0
DA:438,0
DA:439,0
DA:443,0
DA:444,0
DA:445,0
DA:448,0
DA:449,0
DA:451,0
DA:453,0
DA:454,0
DA:457,0
DA:458,0
DA:459,0
DA:461,0
DA:462,0
DA:463,0
LF:108
LH:31
end_of_record
TN:
SF:/app/kukuri-tauri/src-tauri/src/infrastructure/event/manager_handle.rs
FN:47,LegacyEventManagerHandle::new
FN:53,LegacyEventManagerHandle::new_with_connection_pool
FN:60,LegacyEventManagerHandle::from_arc
FN:65,LegacyEventManagerHandle::into_trait_arc
FN:70,LegacyEventManagerHandle::as_event_manager
FN:77,<impl EventManagerHandle for LegacyEventManagerHandle>::set_gossip_service
FN:81,<impl EventManagerHandle for LegacyEventManagerHandle>::set_event_repository
FN:85,<impl EventManagerHandle for LegacyEventManagerHandle>::set_default_p2p_topic_id
FN:89,<impl EventManagerHandle for LegacyEventManagerHandle>::set_default_p2p_topics
FN:93,<impl EventManagerHandle for LegacyEventManagerHandle>::list_default_p2p_topics
FN:97,<impl EventManagerHandle for LegacyEventManagerHandle>::handle_p2p_event
FN:101,<impl EventManagerHandle for LegacyEventManagerHandle>::publish_text_note
FN:111,<impl EventManagerHandle for LegacyEventManagerHandle>::publish_topic_post
FN:116,<impl EventManagerHandle for LegacyEventManagerHandle>::send_reaction
FN:120,<impl EventManagerHandle for LegacyEventManagerHandle>::update_metadata
FN:129,<impl EventManagerHandle for LegacyEventManagerHandle>::delete_events
FN:132,<impl EventManagerHandle for LegacyEventManagerHandle>::disconnect
FN:136,<impl EventManagerHandle for LegacyEventManagerHandle>::get_public_key
FN:140,<impl EventManagerHandle for LegacyEventManagerHandle>::subscribe_to_topic
FN:144,<impl EventManagerHandle for LegacyEventManagerHandle>::subscribe_to_user
FNF:20
FNDA:1,LegacyEventManagerHandle::new
FNDA:0,LegacyEventManagerHandle::new_with_connection_pool
FNDA:0,LegacyEventManagerHandle::from_arc
FNDA:0,LegacyEventManagerHandle::into_trait_arc
FNDA:0,LegacyEventManagerHandle::as_event_manager
FNDA:0,<impl EventManagerHandle for LegacyEventManagerHandle>::set_gossip_service
FNDA:0,<impl EventManagerHandle for LegacyEventManagerHandle>::set_event_repository
FNDA:0,<impl EventManagerHandle for LegacyEventManagerHandle>::set_default_p2p_topic_id
FNDA:0,<impl EventManagerHandle for LegacyEventManagerHandle>::set_default_p2p_topics
FNDA:0,<impl EventManagerHandle for LegacyEventManagerHandle>::list_default_p2p_topics
FNDA:4,<impl EventManagerHandle for LegacyEventManagerHandle>::handle_p2p_event
FNDA:0,<impl EventManagerHandle for LegacyEventManagerHandle>::publish_text_note
FNDA:0,<impl EventManagerHandle for LegacyEventManagerHandle>::publish_topic_post
FNDA:0,<impl EventManagerHandle for LegacyEventManagerHandle>::send_reaction
FNDA:0,<impl EventManagerHandle for LegacyEventManagerHandle>::update_metadata
FNDA:0,<impl EventManagerHandle for LegacyEventManagerHandle>::delete_events
FNDA:0,<impl EventManagerHandle for LegacyEventManagerHandle>::disconnect
FNDA:0,<impl EventManagerHandle for LegacyEventManagerHandle>::get_public_key
FNDA:0,<impl EventManagerHandle for LegacyEventManagerHandle>::subscribe_to_topic
FNDA:0,<impl EventManagerHandle for LegacyEventManagerHandle>::subscribe_to_user
DA:47,1
DA:49,1
DA:53,0
DA:55,0
DA:60,0
DA:65,0
DA:66,0
DA:70,0
DA:71,0
DA:77,0
DA:78,0
DA:81,0
DA:82,0
DA:85,0
DA:86,0
DA:89,0
DA:90,0
DA:93,0
DA:94,0
DA:97,4
DA:98,2
DA:101,0
DA:102,0
DA:111,0
DA:112,0
DA:113,0
DA:116,0
DA:117,0
DA:120,0
DA:121,0
DA:129,0
DA:132,0
DA:133,0
DA:136,0
DA:137,0
DA:140,0
DA:141,0
DA:144,0
DA:145,0
LF:39
LH:4
end_of_record
TN:
SF:/app/kukuri-tauri/src-tauri/src/infrastructure/event/metrics.rs
FN:21,AtomicMetric::new
FN:30,AtomicMetric::record_success
FN:36,AtomicMetric::record_failure
FN:42,AtomicMetric::snapshot
FN:51,AtomicMetric::reset
FNF:5
FNDA:0,AtomicMetric::new
FNDA:1,AtomicMetric::record_success
FNDA:1,AtomicMetric::record_failure
FNDA:1,AtomicMetric::snapshot
FNDA:1,AtomicMetric::reset
DA:21,0
DA:23,0
DA:24,0
DA:25,0
DA:26,0
DA:30,1
DA:31,1
DA:32,2
DA:33,1
DA:36,1
DA:37,1
DA:38,2
DA:39,1
DA:42,1
DA:44,1
DA:45,1
DA:46,1
DA:47,1
DA:51,1
DA:52,1
DA:53,1
DA:54,1
DA:55,1
DA:71,1
DA:90,1
DA:91,2
DA:92,1
DA:93,1
DA:94,2
DA:95,1
DA:96,1
DA:97,1
DA:98,2
DA:104,1
DA:118,1
DA:119,1
DA:133,1
DA:134,2
DA:135,1
DA:136,1
DA:137,0
DA:138,0
DA:139,0
DA:140,0
DA:141,0
DA:164,1
DA:165,1
DA:167,2
DA:171,1
DA:172,1
DA:175,1
DA:176,1
DA:177,2
DA:180,1
DA:181,1
DA:182,2
DA:185,2
DA:189,2
DA:190,0
DA:191,1
DA:192,1
DA:194,2
DA:195,2
DA:196,2
DA:201,1
DA:202,1
DA:204,1
DA:205,1
DA:206,1
DA:207,1
DA:208,1
DA:209,1
DA:210,1
DA:215,1
DA:216,1
DA:217,1
DA:218,1
DA:219,1
DA:220,1
DA:221,1
DA:222,1
DA:223,1
LF:82
LH:71
end_of_record
TN:
SF:/app/kukuri-tauri/src-tauri/src/infrastructure/event/subscription_invoker.rs
FN:13,EventManagerSubscriptionInvoker::new
FN:25,<impl SubscriptionInvoker for EventManagerSubscriptionInvoker>::subscribe_topic
FN:31,<impl SubscriptionInvoker for EventManagerSubscriptionInvoker>::subscribe_user
FNF:3
FNDA:0,EventManagerSubscriptionInvoker::new
FNDA:0,<impl SubscriptionInvoker for EventManagerSubscriptionInvoker>::subscribe_topic
FNDA:0,<impl SubscriptionInvoker for EventManagerSubscriptionInvoker>::subscribe_user
DA:13,0
DA:25,0
DA:26,0
DA:27,0
DA:28,0
DA:31,0
DA:32,0
DA:33,0
DA:35,0
DA:36,0
LF:10
LH:0
end_of_record
TN:
SF:/app/kukuri-tauri/src-tauri/src/infrastructure/offline/mappers.rs
FN:27,offline_action_from_row
FN:66,cache_status_from_aggregates
FN:92,sync_result_from_counts
FN:104,sync_queue_item_from_row
FN:129,cache_metadata_from_row
FN:154,optimistic_update_from_row
FN:181,sync_status_from_row
FN:205,sync_queue_id_from_i64
FN:209,optimistic_update_id_from_string
FN:213,payload_from_optional_json_str
FN:219,payload_from_json_str
FN:223,payload_to_string
FN:228,timestamp_to_datetime
FN:234,try_i32_to_u32
[...]
FNDA:0,<impl Validate for BroadcastRequest>::validate
FNDA:0,<impl Validate for JoinTopicByNameRequest>::validate
DA:28,0
DA:29,0
DA:30,0
DA:33,0
DA:43,0
DA:44,0
DA:45,0
DA:47,0
DA:58,0
DA:59,0
DA:60,0
DA:62,0
DA:63,0
DA:65,0
DA:66,0
DA:68,0
DA:145,0
DA:146,0
DA:147,0
DA:149,0
DA:150,0
DA:152,0
LF:22
LH:0
end_of_record
TN:
SF:/app/kukuri-tauri/src-tauri/src/presentation/dto/post_dto.rs
FN:28,<impl Validate for CreatePostRequest>::validate
FN:56,<impl Validate for DeletePostRequest>::validate
FN:71,<impl Validate for ReactToPostRequest>::validate
FN:88,<impl Validate for BookmarkPostRequest>::validate
FN:103,<impl Validate for BatchGetPostsRequest>::validate
FN:120,<impl Validate for BatchReactRequest>::validate
FN:148,<impl Validate for BatchBookmarkRequest>::validate
FNF:7
FNDA:0,<impl Validate for CreatePostRequest>::validate
FNDA:0,<impl Validate for DeletePostRequest>::validate
FNDA:0,<impl Validate for ReactToPostRequest>::validate
FNDA:0,<impl Validate for BookmarkPostRequest>::validate
FNDA:0,<impl Validate for BatchGetPostsRequest>::validate
FNDA:0,<impl Validate for BatchReactRequest>::validate
FNDA:0,<impl Validate for BatchBookmarkRequest>::validate
DA:28,0
DA:29,0
DA:30,0
DA:32,0
DA:33,0
DA:35,0
DA:36,0
DA:38,0
DA:56,0
DA:57,0
DA:58,0
DA:60,0
DA:71,0
DA:72,0
DA:73,0
DA:75,0
DA:76,0
DA:78,0
DA:88,0
DA:89,0
DA:90,0
DA:92,0
DA:103,0
DA:104,0
DA:105,0
DA:107,0
DA:108,0
DA:110,0
DA:120,0
DA:121,0
DA:122,0
DA:124,0
DA:125,0
DA:128,0
DA:129,0
DA:131,0
DA:148,0
DA:149,0
DA:150,0
DA:152,0
DA:153,0
DA:155,0
LF:42
LH:0
end_of_record
TN:
SF:/app/kukuri-tauri/src-tauri/src/presentation/dto/topic_dto.rs
FN:27,<impl Validate for CreateTopicRequest>::validate
FN:58,<impl Validate for UpdateTopicRequest>::validate
FN:85,<impl Validate for JoinTopicRequest>::validate
FN:99,<impl Validate for GetTopicStatsRequest>::validate
FN:113,<impl Validate for DeleteTopicRequest>::validate
FNF:5
FNDA:0,<impl Validate for CreateTopicRequest>::validate
FNDA:0,<impl Validate for UpdateTopicRequest>::validate
FNDA:0,<impl Validate for JoinTopicRequest>::validate
FNDA:0,<impl Validate for GetTopicStatsRequest>::validate
FNDA:0,<impl Validate for DeleteTopicRequest>::validate
DA:27,0
DA:28,0
DA:29,0
DA:31,0
DA:32,0
DA:34,0
DA:35,0
DA:39,0
DA:40,0
DA:41,0
DA:45,0
DA:58,0
DA:59,0
DA:60,0
DA:63,0
DA:64,0
DA:65,0
DA:69,0
DA:70,0
DA:71,0
DA:75,0
DA:85,0
DA:86,0
DA:87,0
DA:89,0
DA:99,0
DA:100,0
DA:101,0
DA:103,0
DA:113,0
DA:114,0
DA:115,0
DA:117,0
LF:33
LH:0
end_of_record
TN:
SF:/app/kukuri-tauri/src-tauri/src/presentation/handlers/auth_handler.rs
FN:16,AuthHandler::new
FN:20,AuthHandler::create_account
FN:33,AuthHandler::login_with_nsec
FN:48,AuthHandler::login_with_npub
FN:58,AuthHandler::logout
FN:65,AuthHandler::get_current_user
FNF:6
FNDA:0,AuthHandler::new
FNDA:0,AuthHandler::create_account
FNDA:0,AuthHandler::login_with_nsec
FNDA:0,AuthHandler::login_with_npub
FNDA:0,AuthHandler::logout
FNDA:0,AuthHandler::get_current_user
DA:16,0
DA:20,0
DA:21,0
DA:24,0
DA:26,0
DA:27,0
DA:29,0
DA:33,0
DA:37,0
DA:39,0
DA:41,0
DA:43,0
DA:44,0
DA:48,0
DA:49,0
DA:51,0
DA:53,0
DA:54,0
DA:58,0
DA:61,0
DA:62,0
DA:65,0
DA:66,0
DA:67,0
DA:69,0
DA:70,0
DA:72,0
LF:27
LH:0
end_of_record
TN:
SF:/app/kukuri-tauri/src-tauri/src/presentation/handlers/event_handler.rs
FN:17,EventHandler::new
FN:22,EventHandler::initialize_nostr
FN:28,EventHandler::publish_text_note
FN:47,EventHandler::publish_topic_post
FN:70,EventHandler::send_reaction
FN:89,EventHandler::update_metadata
FN:116,EventHandler::subscribe_to_topic
FN:130,EventHandler::subscribe_to_user
FN:143,EventHandler::get_nostr_pubkey
FN:152,EventHandler::delete_events
FN:171,EventHandler::disconnect_nostr
FN:178,EventHandler::set_default_p2p_topic
FN:190,EventHandler::list_subscriptions
FNF:13
FNDA:0,EventHandler::new
FNDA:0,EventHandler::initialize_nostr
FNDA:0,EventHandler::publish_text_note
FNDA:0,EventHandler::publish_topic_post
FNDA:0,EventHandler::send_reaction
FNDA:0,EventHandler::update_metadata
FNDA:0,EventHandler::subscribe_to_topic
FNDA:0,EventHandler::subscribe_to_user
FNDA:0,EventHandler::get_nostr_pubkey
FNDA:0,EventHandler::delete_events
FNDA:0,EventHandler::disconnect_nostr
FNDA:0,EventHandler::set_default_p2p_topic
FNDA:0,EventHandler::list_subscriptions
DA:17,0
DA:22,0
DA:23,0
DA:24,0
DA:28,0
DA:32,0
DA:34,0
DA:36,0
DA:37,0
DA:39,0
DA:40,0
DA:42,0
DA:47,0
DA:51,0
DA:53,0
DA:56,0
DA:57,0
DA:58,0
DA:60,0
DA:62,0
DA:63,0
DA:65,0
DA:70,0
DA:74,0
DA:76,0
DA:78,0
DA:79,0
DA:81,0
DA:82,0
DA:84,0
DA:89,0
DA:93,0
DA:96,0
DA:97,0
DA:98,0
DA:99,0
DA:100,0
DA:101,0
DA:102,0
DA:103,0
DA:106,0
DA:108,0
DA:109,0
DA:111,0
DA:116,0
DA:120,0
DA:122,0
DA:123,0
DA:124,0
DA:126,0
DA:130,0
DA:131,0
DA:132,0
DA:133,0
DA:137,0
DA:139,0
DA:143,0
DA:144,0
DA:146,0
DA:152,0
DA:156,0
DA:158,0
DA:160,0
DA:161,0
DA:163,0
DA:164,0
DA:166,0
DA:171,0
DA:172,0
DA:174,0
DA:178,0
DA:182,0
DA:183,0
DA:184,0
DA:185,0
DA:186,0
DA:190,0
DA:191,0
DA:192,0
DA:194,0
LF:80
LH:0
end_of_record
TN:
SF:/app/kukuri-tauri/src-tauri/src/presentation/handlers/mod.rs
FN:24,handle_error
FN:29,validate_input
FNF:2
FNDA:0,handle_error
FNDA:0,validate_input
DA:24,0
DA:25,0
DA:29,0
DA:30,0
LF:4
LH:0
end_of_record
TN:
SF:/app/kukuri-tauri/src-tauri/src/presentation/handlers/offline_handler.rs
FN:31,OfflineHandler::new
FN:34,OfflineHandler::save_offline_action
FN:57,OfflineHandler::get_offline_actions
FN:79,OfflineHandler::sync_offline_actions
FN:98,OfflineHandler::get_cache_status
FN:103,OfflineHandler::add_to_sync_queue
FN:121,OfflineHandler::update_cache_metadata
FN:148,OfflineHandler::save_optimistic_update
FN:168,OfflineHandler::confirm_optimistic_update
FN:181,OfflineHandler::rollback_optimistic_update
FN:202,OfflineHandler::cleanup_expired_cache
FN:209,OfflineHandler::update_sync_status
FN:228,parse_public_key
FN:232,parse_action_type
FN:236,parse_entity_type
FN:240,parse_entity_id
FN:244,parse_payload
FN:248,parse_optional_payload
FN:261,map_action_record
FN:278,map_cache_status
FN:307,map_sync_status
FNF:21
FNDA:0,OfflineHandler::new
FNDA:0,OfflineHandler::save_offline_action
FNDA:0,OfflineHandler::get_offline_actions
FNDA:0,OfflineHandler::sync_offline_actions
FNDA:0,OfflineHandler::get_cache_status
FNDA:0,OfflineHandler::add_to_sync_queue
FNDA:0,OfflineHandler::update_cache_metadata
FNDA:0,OfflineHandler::save_optimistic_update
FNDA:0,OfflineHandler::confirm_optimistic_update
FNDA:0,OfflineHandler::rollback_optimistic_update
FNDA:0,OfflineHandler::cleanup_expired_cache
FNDA:0,OfflineHandler::update_sync_status
FNDA:0,parse_public_key
FNDA:0,parse_action_type
FNDA:0,parse_entity_type
FNDA:0,parse_entity_id
FNDA:0,parse_payload
FNDA:0,parse_optional_payload
FNDA:0,map_action_record
FNDA:0,map_cache_status
FNDA:0,map_sync_status
DA:31,0
DA:34,0
DA:38,0
DA:41,0
DA:42,0
DA:43,0
DA:44,0
DA:45,0
DA:48,0
DA:49,0
DA:51,0
DA:52,0
DA:53,0
DA:57,0
DA:61,0
DA:64,0
DA:68,0
DA:69,0
DA:72,0
DA:73,0
DA:79,0
DA:83,0
DA:85,0
DA:86,0
DA:88,0
DA:89,0
DA:90,0
DA:91,0
DA:92,0
DA:93,0
DA:94,0
DA:98,0
DA:99,0
DA:100,0
DA:103,0
DA:104,0
DA:107,0
DA:108,0
DA:109,0
DA:111,0
DA:112,0
DA:113,0
DA:115,0
DA:117,0
DA:118,0
DA:121,0
DA:125,0
DA:128,0
DA:129,0
DA:130,0
DA:131,0
DA:144,0
DA:145,0
DA:148,0
DA:152,0
DA:155,0
DA:156,0
DA:157,0
DA:158,0
DA:159,0
DA:161,0
DA:164,0
DA:165,0
DA:168,0
DA:169,0
DA:170,0
DA:171,0
DA:175,0
DA:176,0
DA:178,0
DA:181,0
DA:185,0
DA:186,0
DA:187,0
DA:191,0
DA:192,0
DA:194,0
DA:195,0
DA:197,0
DA:199,0
DA:202,0
DA:203,0
DA:204,0
DA:206,0
DA:209,0
DA:213,0
DA:216,0
DA:217,0
DA:218,0
DA:219,0
DA:220,0
DA:223,0
DA:224,0
DA:228,0
DA:229,0
DA:232,0
DA:233,0
DA:236,0
DA:237,0
DA:240,0
DA:241,0
DA:244,0
DA:245,0
DA:248,0
DA:249,0
DA:250,0
DA:251,0
DA:253,0
DA:257,0
DA:261,0
DA:262,0
DA:263,0
DA:264,0
DA:265,0
DA:266,0
DA:267,0
DA:268,0
DA:269,0
DA:270,0
DA:271,0
DA:272,0
DA:273,0
DA:274,0
DA:278,0
DA:279,0
DA:282,0
DA:283,0
DA:284,0
DA:285,0
DA:286,0
DA:288,0
DA:289,0
DA:294,0
DA:295,0
DA:298,0
DA:299,0
DA:302,0
DA:303,0
DA:307,0
DA:309,0
DA:310,0
DA:311,0
DA:312,0
DA:313,0
DA:314,0
LF:145
LH:0
end_of_record
TN:
SF:/app/kukuri-tauri/src-tauri/src/presentation/handlers/p2p_handler.rs
FN:16,P2PHandler::new
FN:21,P2PHandler::initialize_p2p
FN:26,P2PHandler::join_topic
FN:35,P2PHandler::leave_topic
FN:42,P2PHandler::broadcast_to_topic
FN:51,P2PHandler::get_p2p_status
FN:87,P2PHandler::get_node_address
FN:94,P2PHandler::join_topic_by_name
FNF:8
FNDA:0,P2PHandler::new
FNDA:0,P2PHandler::initialize_p2p
FNDA:0,P2PHandler::join_topic
FNDA:0,P2PHandler::leave_topic
FNDA:0,P2PHandler::broadcast_to_topic
FNDA:0,P2PHandler::get_p2p_status
FNDA:0,P2PHandler::get_node_address
FNDA:0,P2PHandler::join_topic_by_name
DA:16,0
DA:21,0
DA:22,0
DA:26,0
DA:27,0
DA:29,0
DA:30,0
DA:31,0
DA:35,0
DA:36,0
DA:38,0
DA:42,0
DA:43,0
DA:45,0
DA:46,0
DA:47,0
DA:51,0
DA:52,0
DA:54,0
DA:55,0
DA:56,0
DA:57,0
DA:58,0
DA:62,0
DA:64,0
DA:65,0
DA:66,0
DA:67,0
DA:68,0
DA:72,0
DA:74,0
DA:77,0
DA:78,0
DA:79,0
DA:80,0
DA:81,0
DA:87,0
DA:88,0
DA:90,0
DA:94,0
DA:98,0
DA:100,0
DA:102,0
DA:103,0
DA:104,0
DA:106,0
LF:46
LH:0
end_of_record
TN:
SF:/app/kukuri-tauri/src-tauri/src/presentation/handlers/post_handler.rs
FN:22,PostHandler::new
FN:29,PostHandler::create_post
FN:66,PostHandler::get_posts
FN:120,PostHandler::delete_post
FN:127,PostHandler::react_to_post
FN:136,PostHandler::bookmark_post
FN:149,PostHandler::unbookmark_post
FN:163,PostHandler::get_bookmarked_post_ids
FN:175,PostHandler::batch_get_posts
FN:227,PostHandler::batch_react
FN:249,PostHandler::batch_bookmark
FNF:11
FNDA:0,PostHandler::new
FNDA:0,PostHandler::create_post
FNDA:0,PostHandler::get_posts
FNDA:0,PostHandler::delete_post
FNDA:0,PostHandler::react_to_post
FNDA:0,PostHandler::bookmark_post
FNDA:0,PostHandler::unbookmark_post
FNDA:0,PostHandler::get_bookmarked_post_ids
FNDA:0,PostHandler::batch_get_posts
FNDA:0,PostHandler::batch_react
FNDA:0,PostHandler::batch_bookmark
DA:22,0
DA:29,0
DA:31,0
DA:34,0
DA:36,0
DA:40,0
DA:42,0
DA:43,0
DA:46,0
DA:47,0
DA:48,0
DA:49,0
DA:52,0
DA:54,0
DA:55,0
DA:57,0
DA:58,0
DA:59,0
DA:60,0
DA:61,0
DA:62,0
DA:66,0
DA:67,0
DA:69,0
DA:70,0
DA:71,0
DA:72,0
DA:73,0
DA:74,0
DA:75,0
DA:76,0
DA:78,0
DA:79,0
DA:80,0
DA:84,0
DA:85,0
DA:87,0
DA:88,0
DA:89,0
DA:91,0
DA:93,0
DA:94,0
DA:97,0
DA:98,0
DA:100,0
DA:101,0
DA:102,0
DA:103,0
DA:104,0
DA:105,0
DA:106,0
DA:107,0
DA:108,0
DA:109,0
DA:110,0
DA:116,0
DA:117,0
DA:120,0
DA:121,0
DA:123,0
DA:124,0
DA:127,0
DA:128,0
DA:130,0
DA:131,0
DA:132,0
DA:133,0
DA:136,0
DA:141,0
DA:143,0
DA:144,0
DA:145,0
DA:146,0
DA:149,0
DA:154,0
DA:156,0
DA:157,0
DA:158,0
DA:159,0
DA:163,0
DA:167,0
DA:170,0
DA:171,0
DA:175,0
DA:179,0
DA:182,0
DA:183,0
DA:184,0
DA:185,0
DA:188,0
DA:190,0
DA:191,0
DA:193,0
DA:196,0
DA:197,0
DA:198,0
DA:199,0
DA:201,0
DA:203,0
DA:204,0
DA:207,0
DA:208,0
DA:210,0
DA:211,0
DA:212,0
DA:213,0
DA:214,0
DA:215,0
DA:216,0
DA:217,0
DA:218,0
DA:219,0
DA:220,0
DA:224,0
DA:227,0
DA:231,0
DA:234,0
DA:235,0
DA:236,0
DA:237,0
DA:238,0
DA:239,0
DA:240,0
DA:241,0
DA:245,0
DA:246,0
DA:249,0
DA:254,0
DA:257,0
DA:258,0
DA:259,0
DA:260,0
DA:261,0
DA:263,0
DA:264,0
DA:265,0
DA:266,0
DA:267,0
DA:268,0
DA:269,0
DA:270,0
DA:271,0
DA:272,0
DA:277,0
DA:278,0
LF:145
LH:0
end_of_record
TN:
SF:/app/kukuri-tauri/src-tauri/src/presentation/handlers/secure_storage_handler.rs
FN:20,<impl Validate for AddAccountRequest>::validate
FN:60,SecureStorageHandler::new
FN:67,SecureStorageHandler::add_account
FN:99,SecureStorageHandler::list_accounts
FN:103,SecureStorageHandler::switch_account
FN:122,SecureStorageHandler::remove_account
FN:126,SecureStorageHandler::get_current_account
FN:141,SecureStorageHandler::secure_login
FNF:8
FNDA:0,<impl Validate for AddAccountRequest>::validate
FNDA:0,SecureStorageHandler::new
FNDA:0,SecureStorageHandler::add_account
FNDA:0,SecureStorageHandler::list_accounts
FNDA:0,SecureStorageHandler::switch_account
FNDA:0,SecureStorageHandler::remove_account
FNDA:0,SecureStorageHandler::get_current_account
FNDA:0,SecureStorageHandler::secure_login
DA:20,0
DA:21,0
DA:22,0
DA:24,0
DA:25,0
DA:27,0
DA:28,0
DA:30,0
DA:60,0
DA:67,0
DA:71,0
DA:73,0
DA:74,0
DA:75,0
DA:76,0
DA:80,0
DA:84,0
DA:86,0
DA:91,0
DA:93,0
DA:94,0
DA:95,0
DA:99,0
DA:100,0
DA:103,0
DA:105,0
DA:108,0
DA:110,0
DA:111,0
DA:112,0
DA:114,0
DA:116,0
DA:117,0
DA:118,0
DA:122,0
DA:123,0
DA:126,0
DA:127,0
DA:128,0
DA:130,0
DA:131,0
DA:132,0
DA:133,0
DA:134,0
DA:137,0
DA:141,0
DA:143,0
DA:145,0
DA:146,0
DA:147,0
DA:150,0
DA:153,0
DA:155,0
DA:157,0
DA:158,0
LF:55
LH:0
end_of_record
TN:
SF:/app/kukuri-tauri/src-tauri/src/presentation/handlers/topic_handler.rs
FN:20,TopicHandler::new
FN:24,TopicHandler::create_topic
FN:48,TopicHandler::get_topic
FN:64,TopicHandler::update_topic
FN:106,TopicHandler::delete_topic
FN:113,TopicHandler::get_all_topics
FN:132,TopicHandler::get_joined_topics
FN:154,TopicHandler::join_topic
FN:167,TopicHandler::leave_topic
FN:180,TopicHandler::get_topic_stats
FNF:10
FNDA:0,TopicHandler::new
FNDA:0,TopicHandler::create_topic
FNDA:0,TopicHandler::get_topic
FNDA:0,TopicHandler::update_topic
FNDA:0,TopicHandler::delete_topic
FNDA:0,TopicHandler::get_all_topics
FNDA:0,TopicHandler::get_joined_topics
FNDA:0,TopicHandler::join_topic
FNDA:0,TopicHandler::leave_topic
FNDA:0,TopicHandler::get_topic_stats
DA:20,0
DA:24,0
DA:28,0
DA:30,0
DA:32,0
DA:33,0
DA:35,0
DA:36,0
DA:37,0
DA:38,0
DA:39,0
DA:40,0
DA:41,0
DA:42,0
DA:43,0
DA:44,0
DA:48,0
DA:49,0
DA:51,0
DA:52,0
DA:53,0
DA:54,0
DA:55,0
DA:56,0
DA:57,0
DA:58,0
DA:59,0
DA:60,0
DA:64,0
DA:68,0
DA:70,0
DA:72,0
DA:73,0
DA:74,0
DA:76,0
DA:77,0
DA:79,0
DA:80,0
DA:82,0
DA:83,0
DA:84,0
DA:86,0
DA:89,0
DA:91,0
DA:93,0
DA:94,0
DA:95,0
DA:96,0
DA:97,0
DA:98,0
DA:99,0
DA:100,0
DA:101,0
DA:102,0
DA:106,0
DA:107,0
DA:109,0
DA:110,0
DA:113,0
DA:114,0
DA:116,0
DA:118,0
DA:119,0
DA:120,0
DA:121,0
DA:122,0
DA:123,0
DA:124,0
DA:125,0
DA:126,0
DA:127,0
DA:132,0
DA:136,0
DA:138,0
DA:140,0
DA:141,0
DA:142,0
DA:143,0
DA:144,0
DA:145,0
DA:146,0
DA:148,0
DA:149,0
DA:154,0
DA:159,0
DA:161,0
DA:162,0
DA:163,0
DA:164,0
DA:167,0
DA:172,0
DA:174,0
DA:175,0
DA:176,0
DA:177,0
DA:180,0
DA:184,0
DA:186,0
DA:188,0
DA:189,0
DA:191,0
DA:192,0
DA:193,0
DA:195,0
DA:198,0
DA:199,0
DA:203,0
LF:107
LH:0
end_of_record
TN:
SF:/app/kukuri-tauri/src-tauri/src/presentation/handlers/user_handler.rs
FN:12,UserHandler::new
FN:16,UserHandler::get_user_profile
FN:36,UserHandler::update_user_profile
FN:56,UserHandler::get_followers
FN:75,UserHandler::get_following
FNF:5
FNDA:0,UserHandler::new
FNDA:0,UserHandler::get_user_profile
FNDA:0,UserHandler::update_user_profile
FNDA:0,UserHandler::get_followers
FNDA:0,UserHandler::get_following
DA:12,0
DA:16,0
DA:17,0
DA:19,0
DA:20,0
DA:21,0
DA:23,0
DA:24,0
DA:25,0
DA:26,0
DA:27,0
DA:28,0
DA:29,0
DA:30,0
DA:31,0
DA:32,0
DA:36,0
DA:38,0
DA:39,0
DA:40,0
DA:45,0
DA:46,0
DA:48,0
DA:49,0
DA:52,0
DA:53,0
DA:56,0
DA:57,0
DA:59,0
DA:61,0
DA:62,0
DA:63,0
DA:64,0
DA:65,0
DA:66,0
DA:67,0
DA:68,0
DA:69,0
DA:70,0
DA:75,0
DA:76,0
DA:78,0
DA:80,0
DA:81,0
DA:82,0
DA:83,0
DA:84,0
DA:85,0
DA:86,0
DA:87,0
DA:88,0
DA:89,0
LF:52
LH:0
end_of_record
TN:
SF:/app/kukuri-tauri/src-tauri/src/shared/config.rs
FN:46,<impl Default for AppConfig>::default
FN:78,AppConfig::from_env
FN:107,AppConfig::validate
FN:118,parse_bool
FNF:4
FNDA:1,<impl Default for AppConfig>::default
FNDA:0,AppConfig::from_env
FNDA:0,AppConfig::validate
FNDA:0,parse_bool
DA:46,1
DA:48,1
DA:53,1
DA:62,1
DA:68,1
DA:78,0
DA:80,0
DA:83,0
DA:84,0
DA:86,0
DA:87,0
DA:89,0
DA:90,0
DA:93,0
DA:94,0
DA:96,0
DA:97,0
DA:99,0
DA:100,0
DA:104,0
DA:107,0
DA:108,0
DA:109,0
DA:111,0
DA:112,0
DA:114,0
DA:118,0
DA:119,0
DA:120,0
DA:121,0
DA:122,0
LF:31
LH:5
end_of_record
TN:
SF:/app/kukuri-tauri/src-tauri/src/shared/error.rs
FN:41,AppError::code
FN:62,AppError::user_message
FN:170,<impl From for AppError>::from
FNF:3
FNDA:0,AppError::code
FNDA:0,AppError::user_message
FNDA:0,<impl From for AppError>::from
DA:41,0
DA:42,0
DA:43,0
DA:44,0
DA:45,0
DA:46,0
DA:47,0
DA:48,0
DA:49,0
DA:50,0
DA:51,0
DA:52,0
DA:53,0
DA:54,0
DA:55,0
DA:56,0
DA:57,0
DA:58,0
DA:62,0
DA:63,0
DA:64,0
DA:65,0
DA:66,0
DA:67,0
DA:68,0
DA:69,0
DA:70,0
DA:71,0
DA:72,0
DA:73,0
DA:74,0
DA:75,0
DA:76,0
DA:77,0
DA:78,0
DA:79,0
DA:86,0
DA:87,0
DA:92,0
DA:93,0
DA:98,0
DA:99,0
DA:104,0
DA:105,0
DA:110,0
DA:111,0
DA:116,0
DA:117,0
DA:122,0
DA:123,0
DA:128,0
DA:129,0
DA:134,0
DA:135,0
DA:140,0
DA:141,0
DA:146,0
DA:147,0
DA:152,0
DA:153,0
DA:158,0
DA:159,0
DA:164,0
DA:165,0
DA:170,0
DA:171,0
LF:66
LH:0
end_of_record
TN:
SF:/app/kukuri-tauri/src-tauri/src/state/application_container.rs
FN:22,ApplicationContainer::new
FN:55,ApplicationContainer::app_data_dir
FN:60,ApplicationContainer::config
FN:64,ApplicationContainer::node_key_path
FN:69,ApplicationContainer::build_p2p_stack
FN:83,ApplicationContainer::ensure_iroh_secret_key
FN:119,ApplicationContainer::generate_and_store_secret
FN:139,ApplicationContainer::from_parts
FNF:8
FNDA:0,ApplicationContainer::new
FNDA:0,ApplicationContainer::app_data_dir
FNDA:0,ApplicationContainer::config
FNDA:1,ApplicationContainer::node_key_path
FNDA:0,ApplicationContainer::build_p2p_stack
FNDA:4,ApplicationContainer::ensure_iroh_secret_key
FNDA:6,ApplicationContainer::generate_and_store_secret
FNDA:1,ApplicationContainer::from_parts
DA:22,0
DA:23,0
DA:26,0
DA:28,0
DA:30,0
DA:31,0
DA:32,0
DA:33,0
DA:34,0
DA:35,0
DA:37,0
DA:40,0
DA:41,0
DA:42,0
DA:48,0
DA:49,0
DA:50,0
DA:55,0
DA:56,0
DA:60,0
DA:61,0
DA:64,1
DA:65,1
DA:69,0
DA:73,0
DA:74,0
DA:75,0
DA:77,0
DA:79,0
DA:80,0
DA:83,4
DA:84,1
DA:85,4
DA:86,1
DA:87,2
DA:88,1
DA:89,0
DA:93,0
DA:96,2
DA:97,0
DA:99,2
DA:101,0
DA:102,3
DA:103,2
DA:105,6
DA:106,6
DA:108,0
DA:109,0
DA:114,0
DA:119,6
DA:120,1
DA:121,2
DA:122,1
DA:123,0
DA:124,2
DA:126,4
DA:127,4
DA:130,8
DA:131,8
DA:132,2
DA:134,6
DA:135,4
DA:139,1
LF:63
LH:27
end_of_record
TN:
SF:/app/kukuri-tauri/src-tauri/src/state.rs
FN:98,AppState::new
FN:342,AppState::initialize_p2p
FN:351,AppState::ensure_ui_subscription
FN:474,AppState::ensure_default_and_user_subscriptions
FN:489,AppState::stop_ui_subscription
FNF:5
FNDA:0,AppState::new
FNDA:0,AppState::initialize_p2p
FNDA:0,AppState::ensure_ui_subscription
FNDA:0,AppState::ensure_default_and_user_subscriptions
FNDA:0,AppState::stop_ui_subscription
DA:97,0
DA:98,0
DA:99,0
DA:100,0
DA:103,0
DA:106,0
DA:109,0
DA:111,0
DA:117,0
DA:118,0
DA:120,0
DA:123,0
DA:126,0
DA:127,0
DA:129,0
DA:133,0
DA:135,0
DA:137,0
DA:140,0
DA:142,0
DA:145,0
DA:146,0
DA:148,0
DA:151,0
DA:152,0
DA:153,0
DA:154,0
DA:155,0
DA:156,0
DA:159,0
DA:160,0
DA:162,0
DA:163,0
DA:164,0
DA:165,0
DA:167,0
DA:168,0
DA:169,0
DA:171,0
DA:172,0
DA:173,0
DA:176,0
DA:177,0
DA:181,0
DA:182,0
DA:183,0
DA:186,0
DA:188,0
DA:189,0
DA:190,0
DA:193,0
DA:194,0
DA:195,0
DA:196,0
DA:197,0
DA:201,0
DA:202,0
DA:203,0
DA:204,0
DA:207,0
DA:208,0
DA:212,0
DA:214,0
DA:217,0
DA:218,0
DA:219,0
DA:220,0
DA:221,0
DA:224,0
DA:225,0
DA:227,0
DA:228,0
DA:229,0
DA:230,0
DA:233,0
DA:234,0
DA:235,0
DA:236,0
DA:240,0
DA:241,0
DA:244,0
DA:245,0
DA:246,0
DA:247,0
DA:249,0
DA:250,0
DA:251,0
DA:252,0
DA:253,0
DA:254,0
DA:258,0
DA:259,0
DA:260,0
DA:261,0
DA:262,0
DA:263,0
DA:270,0
DA:271,0
DA:272,0
DA:273,0
DA:274,0
DA:276,0
DA:278,0
DA:282,0
DA:283,0
DA:295,0
DA:296,0
DA:297,0
DA:298,0
DA:299,0
DA:300,0
DA:305,0
DA:330,0
DA:331,0
DA:332,0
DA:333,0
DA:338,0
DA:342,0
DA:345,0
DA:351,0
DA:354,0
DA:355,0
DA:356,0
DA:357,0
DA:362,0
DA:363,0
DA:365,0
DA:366,0
DA:367,0
DA:368,0
DA:369,0
DA:376,0
DA:377,0
DA:379,0
DA:380,0
DA:383,0
DA:384,0
DA:385,0
DA:386,0
DA:387,0
DA:389,0
DA:390,0
DA:391,0
DA:393,0
DA:394,0
DA:398,0
DA:399,0
DA:402,0
DA:405,0
DA:406,0
DA:407,0
DA:408,0
DA:409,0
DA:410,0
DA:416,0
DA:418,0
DA:419,0
DA:420,0
DA:421,0
DA:422,0
DA:424,0
DA:425,0
DA:426,0
DA:427,0
DA:430,0
DA:431,0
DA:432,0
DA:433,0
DA:434,0
DA:435,0
DA:436,0
DA:437,0
DA:440,0
DA:441,0
DA:447,0
DA:450,0
DA:451,0
DA:452,0
DA:454,0
DA:455,0
DA:456,0
DA:458,0
DA:459,0
DA:460,0
DA:461,0
DA:462,0
DA:464,0
DA:465,0
DA:470,0
DA:474,0
DA:475,0
DA:476,0
DA:477,0
DA:478,0
DA:480,0
DA:481,0
DA:482,0
DA:485,0
DA:489,0
DA:492,0
DA:493,0
DA:495,0
DA:496,0
DA:497,0
LF:204
LH:0
end_of_record
