TN:
SF:/app/kukuri-tauri/src-tauri/src/application/ports/auth_lifecycle.rs
FN:13,AuthAccountContext::new
FN:22,<impl From for AuthAccountContext>::from
FN:43,AuthLifecycleEvent::new
FN:47,AuthLifecycleEvent::account_created
FN:51,AuthLifecycleEvent::login
FNF:5
FNDA:1,AuthAccountContext::new
FNDA:2,<impl From for AuthAccountContext>::from
FNDA:2,AuthLifecycleEvent::new
FNDA:2,AuthLifecycleEvent::account_created
FNDA:2,AuthLifecycleEvent::login
DA:13,1
DA:15,1
DA:16,1
DA:22,2
DA:24,2
DA:25,2
DA:43,2
DA:47,2
DA:48,2
DA:51,2
DA:52,2
LF:11
LH:11
end_of_record
TN:
SF:/app/kukuri-tauri/src-tauri/src/application/ports/repositories.rs
FN:29,FollowListSort::as_str
FN:42,<impl TryFrom for FollowListSort>::try_from
FN:84,PostFeedCursor::parse
FN:99,<impl Display for PostFeedCursor>::fmt
FN:212,EventRepository::add_event_topic
FN:218,EventRepository::get_event_topics
FN:248,DirectMessageCursor::parse
FN:263,<impl Display for DirectMessageCursor>::fmt
FN:276,DirectMessageConversationCursor::new
FN:283,DirectMessageConversationCursor::parse
FN:300,DirectMessageConversationCursor::bucket
FN:310,<impl Display for DirectMessageConversationCursor>::fmt
FNF:12
FNDA:0,FollowListSort::as_str
FNDA:0,<impl TryFrom for FollowListSort>::try_from
FNDA:1,PostFeedCursor::parse
FNDA:1,<impl Display for PostFeedCursor>::fmt
FNDA:0,EventRepository::add_event_topic
FNDA:0,EventRepository::get_event_topics
FNDA:0,DirectMessageCursor::parse
FNDA:0,<impl Display for DirectMessageCursor>::fmt
FNDA:1,DirectMessageConversationCursor::new
FNDA:0,DirectMessageConversationCursor::parse
FNDA:1,DirectMessageConversationCursor::bucket
FNDA:1,<impl Display for DirectMessageConversationCursor>::fmt
DA:29,0
DA:30,0
DA:31,0
DA:32,0
DA:33,0
DA:34,0
DA:42,0
DA:44,0
DA:45,0
DA:46,0
DA:47,0
DA:48,0
DA:84,1
DA:85,1
DA:86,1
DA:87,2
DA:88,2
DA:89,0
DA:91,1
DA:93,1
DA:99,1
DA:100,1
DA:212,0
DA:214,0
DA:218,0
DA:220,0
DA:248,0
DA:249,0
DA:250,0
DA:251,0
DA:253,0
DA:254,0
DA:255,0
DA:263,0
DA:264,0
DA:265,0
DA:276,1
DA:283,0
DA:284,0
DA:285,0
DA:286,0
DA:287,0
DA:289,0
DA:290,0
DA:291,0
DA:292,0
DA:293,0
DA:294,0
DA:295,0
DA:300,1
DA:301,1
DA:302,1
DA:304,0
DA:310,1
DA:311,1
DA:312,2
DA:313,1
LF:57
LH:17
end_of_record
TN:
SF:/app/kukuri-tauri/src-tauri/src/application/services/access_control_service.rs
FN:69,AccessControlService::new
FN:91,AccessControlService::issue_invite
FN:142,AccessControlService::request_join
FN:221,AccessControlService::list_pending_join_requests
FN:228,AccessControlService::approve_join_request
FN:279,AccessControlService::reject_join_request
FN:293,AccessControlService::handle_incoming_event
FN:302,AccessControlService::handle_join_request
FN:360,AccessControlService::validate_join_request_event
FN:478,AccessControlService::handle_key_envelope
FN:543,AccessControlService::ensure_group_key
FN:568,AccessControlService::build_key_envelope_event
FN:616,AccessControlService::build_signed_event
FN:631,AccessControlService::broadcast_event
FN:647,AccessControlService::collect_mutual_follow_pubkeys
FN:663,AccessControlService::is_friend_of_friend
FN:687,AccessControlService::consume_invite_usage
FN:727,AccessControlService::resolve_join_request_input
FN:771,AccessControlService::current_keypair
FN:817,validate_invite_event
FN:951,validate_kip_tags
FN:969,tag_value
FN:976,require_tag_value
FNF:23
FNDA:2,AccessControlService::new
FNDA:1,AccessControlService::issue_invite
FNDA:1,AccessControlService::request_join
FNDA:0,AccessControlService::list_pending_join_requests
FNDA:1,AccessControlService::approve_join_request
FNDA:0,AccessControlService::reject_join_request
FNDA:5,AccessControlService::handle_incoming_event
FNDA:12,AccessControlService::handle_join_request
FNDA:3,AccessControlService::validate_join_request_event
FNDA:0,AccessControlService::handle_key_envelope
FNDA:1,AccessControlService::ensure_group_key
FNDA:1,AccessControlService::build_key_envelope_event
FNDA:1,AccessControlService::build_signed_event
FNDA:4,AccessControlService::broadcast_event
FNDA:3,AccessControlService::collect_mutual_follow_pubkeys
FNDA:3,AccessControlService::is_friend_of_friend
FNDA:1,AccessControlService::consume_invite_usage
FNDA:1,AccessControlService::resolve_join_request_input
FNDA:1,AccessControlService::current_keypair
FNDA:1,validate_invite_event
FNDA:3,validate_kip_tags
FNDA:3,tag_value
FNDA:3,require_tag_value
DA:69,2
DA:84,2
DA:91,1
DA:98,2
DA:99,0
DA:100,0
DA:105,2
DA:106,2
DA:107,1
DA:108,1
DA:109,1
DA:110,1
DA:112,2
DA:114,3
DA:121,2
DA:125,1
DA:126,2
DA:127,2
DA:128,2
DA:129,2
DA:130,2
DA:131,2
DA:134,5
DA:135,1
DA:136,3
DA:137,2
DA:138,2
DA:139,0
DA:142,1
DA:146,2
DA:147,1
DA:148,2
DA:149,1
DA:151,1
DA:153,3
DA:154,2
DA:155,0
DA:156,0
DA:157,0
DA:162,2
DA:163,2
DA:164,2
DA:165,3
DA:166,1
DA:167,2
DA:169,2
DA:170,2
DA:173,2
DA:174,4
DA:175,1
DA:178,2
DA:179,2
DA:182,3
DA:186,2
DA:189,2
DA:190,1
DA:193,5
DA:194,2
DA:195,3
DA:197,1
DA:198,1
DA:199,2
DA:201,1
DA:202,0
DA:205,2
DA:206,0
DA:207,0
DA:212,2
DA:213,2
DA:215,1
DA:216,1
DA:217,1
DA:221,0
DA:222,0
DA:223,0
DA:224,0
DA:225,0
DA:228,1
DA:232,2
DA:233,2
DA:234,0
DA:235,0
DA:240,5
DA:242,1
DA:243,3
DA:245,0
DA:248,5
DA:249,1
DA:250,3
DA:252,0
DA:253,0
DA:257,5
DA:258,2
DA:259,3
DA:260,5
DA:261,2
DA:262,3
DA:263,2
DA:264,2
DA:266,5
DA:267,1
DA:268,3
DA:270,1
DA:271,1
DA:272,1
DA:273,1
DA:274,1
DA:275,1
DA:279,0
DA:280,0
DA:281,0
DA:282,0
DA:283,0
DA:287,0
DA:288,0
DA:289,0
DA:290,0
DA:293,5
DA:294,3
DA:295,5
DA:296,0
DA:299,1
DA:302,12
DA:303,6
DA:304,3
DA:305,0
DA:307,13
DA:308,3
DA:309,8
DA:311,0
DA:314,6
DA:316,2
DA:317,3
DA:320,0
DA:323,1
DA:327,5
DA:329,1
DA:332,3
DA:334,3
DA:335,1
DA:336,0
DA:338,2
DA:339,6
DA:340,4
DA:344,1
DA:345,1
DA:346,1
DA:347,1
DA:348,1
DA:349,1
DA:350,2
DA:351,1
DA:354,5
DA:355,1
DA:356,3
DA:357,1
DA:360,3
DA:365,6
DA:366,0
DA:368,6
DA:369,6
DA:370,0
DA:374,2
DA:375,6
DA:376,6
DA:377,6
DA:378,3
DA:379,6
DA:380,5
DA:381,0
DA:383,0
DA:384,0
DA:385,0
DA:389,3
DA:390,3
DA:391,2
DA:392,0
DA:396,3
DA:397,0
DA:398,6
DA:399,0
DA:400,0
DA:404,6
DA:405,6
DA:406,0
DA:407,0
DA:412,6
DA:413,6
DA:414,0
DA:415,0
DA:420,6
DA:421,6
DA:422,3
DA:423,0
DA:424,0
DA:430,6
DA:431,3
DA:432,1
DA:433,1
DA:439,2
DA:440,2
DA:441,4
DA:442,1
DA:443,0
DA:445,2
DA:446,2
DA:447,1
DA:448,1
DA:449,2
DA:450,0
DA:454,4
DA:455,0
DA:456,0
DA:457,0
DA:458,0
DA:459,0
DA:460,0
DA:466,1
DA:467,2
DA:468,2
DA:469,2
DA:470,2
DA:471,2
DA:472,1
DA:473,1
DA:474,1
DA:478,0
DA:479,0
DA:480,0
DA:481,0
DA:483,0
DA:484,0
DA:485,0
DA:489,0
DA:490,0
DA:491,0
DA:492,0
DA:493,0
DA:495,0
DA:496,0
DA:497,0
DA:499,0
DA:500,0
DA:502,0
DA:503,0
DA:504,0
DA:509,0
DA:510,0
DA:511,0
DA:512,0
DA:513,0
DA:514,0
DA:515,0
DA:516,0
DA:518,0
DA:519,0
DA:520,0
DA:524,0
DA:525,0
DA:526,0
DA:531,0
DA:533,0
DA:534,0
DA:535,0
DA:536,0
DA:539,0
DA:540,0
DA:543,1
DA:548,2
DA:549,0
DA:552,1
DA:553,1
DA:554,1
DA:555,0
DA:556,2
DA:558,1
DA:559,1
DA:562,2
DA:564,2
DA:565,1
DA:568,1
DA:573,2
DA:574,2
DA:575,0
DA:576,2
DA:577,0
DA:579,3
DA:581,1
DA:582,1
DA:584,1
DA:585,2
DA:588,1
DA:589,1
DA:590,1
DA:591,1
DA:593,0
DA:595,2
DA:597,2
DA:598,1
DA:602,2
DA:603,2
DA:604,2
DA:605,2
DA:606,2
DA:607,2
DA:608,2
DA:609,2
DA:612,3
DA:613,3
DA:616,1
DA:622,2
DA:623,1
DA:624,5
DA:625,1
DA:626,3
DA:627,0
DA:628,1
DA:631,4
DA:632,1
DA:633,3
DA:634,2
DA:635,1
DA:636,1
DA:640,4
DA:641,3
DA:642,4
DA:644,1
DA:647,3
DA:651,6
DA:652,6
DA:653,5
DA:654,1
DA:655,13
DA:656,4
DA:657,2
DA:660,1
DA:663,3
DA:668,6
DA:669,0
DA:671,6
DA:672,2
DA:673,1
DA:675,10
DA:676,2
DA:677,6
DA:678,4
DA:679,0
DA:681,4
DA:687,1
DA:693,2
DA:694,1
DA:695,5
DA:697,1
DA:698,3
DA:700,1
DA:702,1
DA:709,2
DA:710,1
DA:711,1
DA:712,2
DA:713,1
DA:718,2
DA:719,1
DA:720,1
DA:721,5
DA:722,1
DA:723,3
DA:724,1
DA:727,1
DA:731,1
DA:732,2
DA:733,1
DA:734,1
DA:735,1
DA:736,1
DA:739,0
DA:740,0
DA:742,0
DA:743,0
DA:744,0
DA:745,0
DA:749,0
DA:750,0
DA:751,0
DA:752,0
DA:756,0
DA:759,0
DA:760,0
DA:761,0
DA:762,0
DA:763,0
DA:768,0
DA:771,1
DA:774,2
DA:817,1
DA:821,1
DA:822,0
DA:824,2
DA:825,0
DA:826,0
DA:830,2
DA:833,2
DA:835,3
DA:836,4
DA:837,3
DA:838,2
DA:839,0
DA:840,0
DA:845,2
DA:846,3
DA:847,0
DA:848,0
DA:852,4
DA:853,4
DA:854,0
DA:855,0
DA:859,4
DA:860,0
DA:861,0
DA:866,1
DA:867,0
DA:868,2
DA:869,0
DA:870,0
DA:874,2
DA:875,3
DA:876,0
DA:877,0
DA:882,2
DA:883,2
DA:884,0
DA:885,0
DA:890,3
DA:891,3
DA:892,0
DA:893,0
DA:898,3
DA:899,2
DA:900,0
DA:901,0
DA:905,3
DA:906,3
DA:907,0
DA:908,0
DA:912,3
DA:913,3
DA:914,1
DA:915,1
DA:921,2
DA:922,2
DA:923,1
DA:924,0
DA:925,0
DA:932,1
DA:933,1
DA:934,1
DA:935,1
DA:951,3
DA:952,3
DA:953,6
DA:954,0
DA:955,0
DA:959,6
DA:960,6
DA:961,0
DA:962,0
DA:966,3
DA:969,3
DA:970,3
DA:971,12
DA:972,6
DA:976,3
DA:977,3
DA:978,0
DA:979,0
DA:980,0
LF:476
LH:320
end_of_record
TN:
SF:/app/kukuri-tauri/src-tauri/src/application/services/auth_lifecycle.rs
FN:19,DefaultAuthLifecycle::new
FN:27,DefaultAuthLifecycle::with_default_topics
FN:35,DefaultAuthLifecycle::ensure_topics_ready
FN:39,DefaultAuthLifecycle::join_default_topics
FN:52,DefaultAuthLifecycle::provision_account
FN:62,DefaultAuthLifecycle::handle_login
FN:79,<impl AuthLifecyclePort for DefaultAuthLifecycle>::handle
FN:86,<impl AuthLifecyclePort for DefaultAuthLifecycle>::get_user
FNF:8
FNDA:0,DefaultAuthLifecycle::new
FNDA:0,DefaultAuthLifecycle::with_default_topics
FNDA:0,DefaultAuthLifecycle::ensure_topics_ready
FNDA:0,DefaultAuthLifecycle::join_default_topics
FNDA:0,DefaultAuthLifecycle::provision_account
FNDA:0,DefaultAuthLifecycle::handle_login
FNDA:0,<impl AuthLifecyclePort for DefaultAuthLifecycle>::handle
FNDA:0,<impl AuthLifecyclePort for DefaultAuthLifecycle>::get_user
DA:19,0
DA:23,0
DA:27,0
DA:28,0
DA:29,0
DA:31,0
DA:32,0
DA:35,0
DA:36,0
DA:39,0
DA:40,0
DA:41,0
DA:42,0
DA:52,0
DA:53,0
DA:54,0
DA:56,0
DA:57,0
DA:58,0
DA:59,0
DA:62,0
DA:63,0
DA:64,0
DA:65,0
DA:67,0
DA:68,0
DA:69,0
DA:72,0
DA:73,0
DA:79,0
DA:80,0
DA:81,0
DA:82,0
DA:86,0
DA:87,0
LF:35
LH:0
end_of_record
TN:
SF:/app/kukuri-tauri/src-tauri/src/application/services/auth_service.rs
FN:161,AuthService::new
FN:173,AuthService::create_account_with_keys
FN:190,AuthService::create_account
FN:195,AuthService::login_with_nsec
FN:211,AuthService::login_with_npub
FN:227,AuthService::logout
FN:232,AuthService::get_current_user
FN:240,AuthService::is_authenticated
FN:248,AuthService::get_auth_status
FN:259,AuthService::current_keypair
FN:263,AuthService::export_private_key
FN:267,AuthService::list_accounts
FN:271,AuthService::switch_account
FNF:13
FNDA:2,AuthService::new
FNDA:8,AuthService::create_account_with_keys
FNDA:8,AuthService::create_account
FNDA:4,AuthService::login_with_nsec
FNDA:4,AuthService::login_with_npub
FNDA:4,AuthService::logout
FNDA:0,AuthService::get_current_user
FNDA:0,AuthService::is_authenticated
FNDA:0,AuthService::get_auth_status
FNDA:0,AuthService::current_keypair
FNDA:4,AuthService::export_private_key
FNDA:0,AuthService::list_accounts
FNDA:0,AuthService::switch_account
DA:161,2
DA:173,8
DA:174,4
DA:176,4
DA:177,10
DA:178,2
DA:179,6
DA:181,4
DA:182,10
DA:184,2
DA:185,6
DA:187,2
DA:190,8
DA:191,4
DA:192,2
DA:195,4
DA:197,2
DA:200,2
DA:201,5
DA:202,1
DA:203,3
DA:205,2
DA:206,4
DA:207,1
DA:208,3
DA:211,4
DA:213,2
DA:215,2
DA:216,2
DA:217,5
DA:219,1
DA:220,3
DA:222,2
DA:224,1
DA:227,4
DA:228,2
DA:229,1
DA:232,0
DA:233,0
DA:234,0
DA:236,0
DA:240,0
DA:241,0
DA:243,0
DA:244,0
DA:248,0
DA:249,0
DA:250,0
DA:252,0
DA:253,0
DA:254,0
DA:255,0
DA:259,0
DA:260,0
DA:263,4
DA:264,2
DA:267,0
DA:268,0
DA:271,0
DA:272,0
LF:60
LH:39
end_of_record
TN:
SF:/app/kukuri-tauri/src-tauri/src/application/services/direct_message_service/tests.rs
FNF:0
DA:14,455
DA:17,15
DA:19,5
DA:20,1
DA:21,2
DA:24,4
DA:25,1
DA:26,2
DA:27,2
DA:28,4
DA:29,1
DA:30,2
DA:33,0
DA:34,0
DA:35,0
DA:36,0
DA:37,0
DA:38,0
DA:41,5
DA:42,1
DA:43,2
DA:44,2
DA:45,1
DA:46,1
DA:49,5
DA:50,1
DA:51,2
DA:52,2
DA:53,1
DA:56,4
DA:57,1
DA:58,2
DA:59,4
DA:60,1
DA:65,226
DA:68,8
DA:70,8
DA:71,2
DA:72,4
DA:73,4
DA:74,4
DA:77,0
DA:78,0
DA:79,0
DA:80,0
DA:81,0
DA:84,5
DA:85,1
DA:86,2
DA:87,2
DA:88,2
DA:93,83
DA:96,3
DA:98,5
DA:99,1
DA:100,2
DA:101,2
LF:57
LH:46
end_of_record
TN:
SF:/app/kukuri-tauri/src-tauri/src/application/services/direct_message_service.rs
FN:62,<impl From for DirectMessageListDirection>::from
FN:71,DirectMessageService::new
FN:83,DirectMessageService::send_direct_message
FN:140,DirectMessageService::list_direct_messages
FN:182,DirectMessageService::list_direct_message_conversations
FN:234,DirectMessageService::mark_conversation_as_read
FN:246,DirectMessageService::ingest_incoming_message
FN:296,DirectMessageService::seed_incoming_message_for_e2e
FN:390,DirectMessageService::dispatch_notification
FN:403,DirectMessageService::persist_conversation_snapshot
FN:419,parse_cursor
FN:433,parse_conversation_cursor
FN:449,millis_to_datetime
FN:453,is_unique_violation
FNF:14
FNDA:1,<impl From for DirectMessageListDirection>::from
FNDA:1,DirectMessageService::new
FNDA:2,DirectMessageService::send_direct_message
FNDA:1,DirectMessageService::list_direct_messages
FNDA:1,DirectMessageService::list_direct_message_conversations
FNDA:1,DirectMessageService::mark_conversation_as_read
FNDA:1,DirectMessageService::ingest_incoming_message
FNDA:0,DirectMessageService::seed_incoming_message_for_e2e
FNDA:4,DirectMessageService::dispatch_notification
FNDA:1,DirectMessageService::persist_conversation_snapshot
FNDA:1,parse_cursor
FNDA:1,parse_conversation_cursor
FNDA:1,millis_to_datetime
FNDA:1,is_unique_violation
DA:62,1
DA:63,1
DA:64,1
DA:65,0
DA:71,1
DA:83,2
DA:90,4
DA:91,2
DA:92,2
DA:93,1
DA:98,12
DA:100,2
DA:101,7
DA:103,2
DA:106,1
DA:107,2
DA:108,2
DA:111,1
DA:112,1
DA:113,1
DA:114,1
DA:115,1
DA:116,2
DA:117,1
DA:119,1
DA:123,6
DA:125,1
DA:126,3
DA:127,2
DA:129,4
DA:130,3
DA:131,3
DA:133,2
DA:134,2
DA:135,2
DA:136,2
DA:140,1
DA:148,2
DA:149,2
DA:151,5
DA:154,1
DA:156,1
DA:158,1
DA:160,3
DA:162,2
DA:163,5
DA:164,5
DA:167,1
DA:168,1
DA:169,1
DA:171,4
DA:172,2
DA:175,1
DA:176,1
DA:177,1
DA:178,1
DA:182,1
DA:188,2
DA:189,2
DA:190,5
DA:192,1
DA:193,3
DA:195,2
DA:196,4
DA:198,1
DA:199,1
DA:200,1
DA:201,1
DA:205,2
DA:206,5
DA:209,1
DA:210,1
DA:211,1
DA:213,4
DA:214,2
DA:216,0
DA:219,2
DA:220,1
DA:221,1
DA:222,1
DA:223,1
DA:227,1
DA:228,1
DA:229,1
DA:230,1
DA:234,1
DA:240,2
DA:241,3
DA:243,3
DA:246,1
DA:254,5
DA:256,1
DA:257,3
DA:259,2
DA:262,1
DA:263,1
DA:264,1
DA:265,1
DA:266,1
DA:268,1
DA:274,2
DA:275,1
DA:276,1
DA:277,4
DA:278,3
DA:279,2
DA:280,1
DA:282,1
DA:283,3
DA:284,0
DA:288,1
DA:290,0
DA:296,0
DA:303,0
DA:304,0
DA:306,0
DA:307,0
DA:309,0
DA:311,0
DA:314,0
DA:315,0
DA:317,0
DA:318,0
DA:319,0
DA:324,0
DA:325,0
DA:326,0
DA:328,0
DA:330,0
DA:332,0
DA:333,0
DA:335,0
DA:336,0
DA:338,0
DA:344,0
DA:345,0
DA:346,0
DA:347,0
DA:350,0
DA:351,0
DA:356,0
DA:357,0
DA:358,0
DA:359,0
DA:360,0
DA:361,0
DA:362,0
DA:364,0
DA:365,0
DA:366,0
DA:371,0
DA:372,0
DA:375,0
DA:380,0
DA:381,0
DA:382,0
DA:383,0
DA:384,0
DA:390,4
DA:391,4
DA:392,3
DA:393,0
DA:403,1
DA:408,4
DA:411,1
DA:412,1
DA:413,1
DA:415,3
DA:419,1
DA:420,1
DA:421,1
DA:422,0
DA:423,0
DA:424,0
DA:425,0
DA:426,0
DA:433,1
DA:436,1
DA:437,1
DA:438,0
DA:439,0
DA:440,0
DA:441,0
DA:442,0
DA:449,1
DA:450,1
DA:453,1
DA:454,1
DA:455,1
DA:456,2
DA:457,0
DA:461,0
LF:192
LH:129
end_of_record
TN:
SF:/app/kukuri-tauri/src-tauri/src/application/services/event_service/core.rs
FN:31,EventService::new
FN:49,EventService::set_subscription_invoker
FN:53,EventService::subscription_invoker
FN:59,EventService::create_event
FN:78,EventService::process_received_event
FN:101,EventService::get_event
FN:105,EventService::get_events_by_kind
FN:113,EventService::get_events_by_author
FN:121,EventService::delete_event
FN:138,EventService::sync_pending_events
FN:182,<impl EventServiceTrait for EventService>::initialize
FN:186,<impl EventServiceTrait for EventService>::publish_text_note
FN:190,<impl EventServiceTrait for EventService>::publish_topic_post
FN:216,<impl EventServiceTrait for EventService>::send_reaction
FN:229,<impl EventServiceTrait for EventService>::update_metadata
FN:234,<impl EventServiceTrait for EventService>::subscribe_to_topic
FN:238,<impl EventServiceTrait for EventService>::subscribe_to_user
FN:242,<impl EventServiceTrait for EventService>::get_public_key
FN:249,<impl EventServiceTrait for EventService>::boost_post
FN:254,<impl EventServiceTrait for EventService>::delete_events
FN:279,<impl EventServiceTrait for EventService>::disconnect
FN:283,<impl EventServiceTrait for EventService>::set_default_p2p_topic
FN:302,<impl EventServiceTrait for EventService>::list_subscriptions
FN:309,<impl SyncParticipant for EventService>::sync_pending
FNF:24
FNDA:0,EventService::new
FNDA:0,EventService::set_subscription_invoker
FNDA:0,EventService::subscription_invoker
FNDA:0,EventService::create_event
FNDA:0,EventService::process_received_event
FNDA:0,EventService::get_event
FNDA:0,EventService::get_events_by_kind
FNDA:0,EventService::get_events_by_author
FNDA:0,EventService::delete_event
FNDA:0,EventService::sync_pending_events
FNDA:0,<impl EventServiceTrait for EventService>::initialize
FNDA:0,<impl EventServiceTrait for EventService>::publish_text_note
FNDA:0,<impl EventServiceTrait for EventService>::publish_topic_post
FNDA:0,<impl EventServiceTrait for EventService>::send_reaction
FNDA:0,<impl EventServiceTrait for EventService>::update_metadata
FNDA:0,<impl EventServiceTrait for EventService>::subscribe_to_topic
FNDA:0,<impl EventServiceTrait for EventService>::subscribe_to_user
FNDA:0,<impl EventServiceTrait for EventService>::get_public_key
FNDA:0,<impl EventServiceTrait for EventService>::boost_post
FNDA:0,<impl EventServiceTrait for EventService>::delete_events
FNDA:0,<impl EventServiceTrait for EventService>::disconnect
FNDA:0,<impl EventServiceTrait for EventService>::set_default_p2p_topic
FNDA:0,<impl EventServiceTrait for EventService>::list_subscriptions
FNDA:0,<impl SyncParticipant for EventService>::sync_pending
DA:31,0
DA:49,0
DA:50,0
DA:53,0
DA:54,0
DA:56,0
DA:59,0
DA:66,0
DA:68,0
DA:69,0
DA:70,0
DA:72,0
DA:73,0
DA:75,0
DA:78,0
DA:79,0
DA:80,0
DA:83,0
DA:85,0
DA:86,0
DA:92,0
DA:93,0
DA:94,0
DA:95,0
DA:98,0
DA:101,0
DA:102,0
DA:105,0
DA:110,0
DA:113,0
DA:118,0
DA:121,0
DA:127,0
DA:129,0
DA:130,0
DA:131,0
DA:132,0
DA:133,0
DA:135,0
DA:138,0
DA:139,0
DA:140,0
DA:142,0
DA:143,0
DA:144,0
DA:145,0
DA:148,0
DA:182,0
DA:183,0
DA:186,0
DA:187,0
DA:190,0
DA:198,0
DA:199,0
DA:200,0
DA:201,0
DA:204,0
DA:205,0
DA:206,0
DA:207,0
DA:210,0
DA:211,0
DA:212,0
DA:213,0
DA:216,0
DA:217,0
DA:218,0
DA:219,0
DA:220,0
DA:221,0
DA:224,0
DA:225,0
DA:226,0
DA:229,0
DA:230,0
DA:231,0
DA:234,0
DA:235,0
DA:238,0
DA:239,0
DA:242,0
DA:243,0
DA:245,0
DA:246,0
DA:249,0
DA:250,0
DA:251,0
DA:254,0
DA:259,0
DA:260,0
DA:261,0
DA:266,0
DA:267,0
DA:269,0
DA:270,0
DA:272,0
DA:273,0
DA:276,0
DA:279,0
DA:280,0
DA:283,0
DA:284,0
DA:285,0
DA:286,0
DA:290,0
DA:291,0
DA:292,0
DA:293,0
DA:296,0
DA:297,0
DA:298,0
DA:299,0
DA:302,0
DA:303,0
DA:309,0
DA:310,0
LF:116
LH:0
end_of_record
TN:
SF:/app/kukuri-tauri/src-tauri/src/application/services/event_service/distribution.rs
FN:7,distribute_hybrid
FNF:1
FNDA:0,distribute_hybrid
DA:7,0
DA:11,0
DA:12,0
DA:13,0
DA:14,0
LF:5
LH:0
end_of_record
TN:
SF:/app/kukuri-tauri/src-tauri/src/application/services/event_service/subscription.rs
FN:9,EventService::handle_network_disconnected
FN:13,EventService::handle_network_connected
FN:17,EventService::restore_subscriptions
FN:73,subscribe_to_topic_internal
FN:118,subscribe_to_user_internal
FN:163,list_subscriptions_internal
FNF:6
FNDA:0,EventService::handle_network_disconnected
FNDA:0,EventService::handle_network_connected
FNDA:0,EventService::restore_subscriptions
FNDA:0,subscribe_to_topic_internal
FNDA:0,subscribe_to_user_internal
FNDA:0,list_subscriptions_internal
DA:9,0
DA:10,0
DA:13,0
DA:14,0
DA:17,0
DA:18,0
DA:20,0
DA:21,0
DA:23,0
DA:24,0
DA:25,0
DA:26,0
DA:27,0
DA:28,0
DA:31,0
DA:32,0
DA:33,0
DA:35,0
DA:38,0
DA:40,0
DA:41,0
DA:42,0
DA:44,0
DA:45,0
DA:46,0
DA:48,0
DA:49,0
DA:51,0
DA:56,0
DA:60,0
DA:65,0
DA:66,0
DA:68,0
DA:73,0
DA:77,0
DA:78,0
DA:79,0
DA:80,0
DA:84,0
DA:86,0
DA:87,0
DA:89,0
DA:90,0
DA:91,0
DA:93,0
DA:95,0
DA:97,0
DA:98,0
DA:99,0
DA:101,0
DA:102,0
DA:103,0
DA:105,0
DA:106,0
DA:108,0
DA:113,0
DA:118,0
DA:122,0
DA:123,0
DA:124,0
DA:125,0
DA:129,0
DA:131,0
DA:132,0
DA:134,0
DA:135,0
DA:136,0
DA:138,0
DA:140,0
DA:142,0
DA:143,0
DA:144,0
DA:146,0
DA:147,0
DA:148,0
DA:150,0
DA:151,0
DA:153,0
DA:158,0
DA:163,0
DA:166,0
LF:81
LH:0
end_of_record
TN:
SF:/app/kukuri-tauri/src-tauri/src/application/services/offline_service.rs
FN:71,OfflineService::new
FN:75,OfflineService::build_action_draft
FN:109,OfflineService::filter_from_query
FN:116,<impl OfflineServiceTrait for OfflineService>::save_action
FN:124,<impl OfflineServiceTrait for OfflineService>::list_actions
FN:132,<impl OfflineServiceTrait for OfflineService>::sync_actions
FN:136,<impl OfflineServiceTrait for OfflineService>::cache_status
FN:140,<impl OfflineServiceTrait for OfflineService>::enqueue_sync
FN:144,<impl OfflineServiceTrait for OfflineService>::recent_sync_queue_items
FN:151,<impl OfflineServiceTrait for OfflineService>::upsert_cache_metadata
FN:155,<impl OfflineServiceTrait for OfflineService>::save_optimistic_update
FN:162,<impl OfflineServiceTrait for OfflineService>::confirm_optimistic_update
FN:169,<impl OfflineServiceTrait for OfflineService>::rollback_optimistic_update
FN:176,<impl OfflineServiceTrait for OfflineService>::cleanup_expired_cache
FN:180,<impl OfflineServiceTrait for OfflineService>::update_sync_status
FNF:15
FNDA:5,OfflineService::new
FNDA:1,OfflineService::build_action_draft
FNDA:1,OfflineService::filter_from_query
FNDA:5,<impl OfflineServiceTrait for OfflineService>::save_action
FNDA:4,<impl OfflineServiceTrait for OfflineService>::list_actions
FNDA:4,<impl OfflineServiceTrait for OfflineService>::sync_actions
FNDA:10,<impl OfflineServiceTrait for OfflineService>::cache_status
FNDA:4,<impl OfflineServiceTrait for OfflineService>::enqueue_sync
FNDA:5,<impl OfflineServiceTrait for OfflineService>::recent_sync_queue_items
FNDA:12,<impl OfflineServiceTrait for OfflineService>::upsert_cache_metadata
FNDA:0,<impl OfflineServiceTrait for OfflineService>::save_optimistic_update
FNDA:0,<impl OfflineServiceTrait for OfflineService>::confirm_optimistic_update
FNDA:0,<impl OfflineServiceTrait for OfflineService>::rollback_optimistic_update
FNDA:5,<impl OfflineServiceTrait for OfflineService>::cleanup_expired_cache
FNDA:4,<impl OfflineServiceTrait for OfflineService>::update_sync_status
DA:71,5
DA:75,1
DA:78,1
DA:79,1
DA:80,1
DA:82,0
DA:83,0
DA:89,1
DA:90,2
DA:91,2
DA:93,1
DA:94,1
DA:95,2
DA:98,1
DA:99,0
DA:101,2
DA:102,2
DA:103,2
DA:104,2
DA:105,1
DA:109,1
DA:110,1
DA:116,5
DA:120,2
DA:121,3
DA:124,4
DA:128,2
DA:129,3
DA:132,4
DA:133,3
DA:136,10
DA:137,4
DA:140,4
DA:141,3
DA:144,5
DA:148,2
DA:151,12
DA:152,7
DA:155,0
DA:159,0
DA:162,0
DA:166,0
DA:169,0
DA:173,0
DA:176,5
DA:177,2
DA:180,4
DA:181,3
LF:48
LH:39
end_of_record
TN:
SF:/app/kukuri-tauri/src-tauri/src/application/services/p2p_service/bootstrap.rs
FN:27,P2PServiceBuilder::new
FN:40,P2PServiceBuilder::with_discovery_options
FN:45,P2PServiceBuilder::enable_mainline
FN:50,P2PServiceBuilder::with_event_sender
FN:55,P2PServiceBuilder::discovery_options
FN:59,P2PServiceBuilder::build
FNF:6
FNDA:0,P2PServiceBuilder::new
FNDA:0,P2PServiceBuilder::with_discovery_options
FNDA:0,P2PServiceBuilder::enable_mainline
FNDA:0,P2PServiceBuilder::with_event_sender
FNDA:0,P2PServiceBuilder::discovery_options
FNDA:0,P2PServiceBuilder::build
DA:27,0
DA:40,0
DA:41,0
DA:42,0
DA:45,0
DA:46,0
DA:47,0
DA:50,0
DA:51,0
DA:52,0
DA:55,0
DA:56,0
DA:59,0
DA:61,0
DA:62,0
DA:63,0
DA:64,0
DA:67,0
DA:68,0
DA:69,0
DA:73,0
DA:74,0
DA:75,0
DA:76,0
DA:77,0
DA:79,0
DA:81,0
DA:82,0
DA:83,0
DA:84,0
DA:85,0
DA:87,0
DA:89,0
DA:90,0
DA:91,0
DA:92,0
DA:93,0
DA:94,0
DA:97,0
DA:98,0
DA:99,0
LF:41
LH:0
end_of_record
TN:
SF:/app/kukuri-tauri/src-tauri/src/application/services/p2p_service/core.rs
FN:35,P2PService::new
FN:42,P2PService::with_discovery
FN:54,P2PService::discovery_options
FN:58,P2PService::set_mainline_enabled
FN:63,P2PService::mainline_enabled
FN:67,P2PService::ensure_topic_joined
FN:88,P2PService::builder
FN:96,<impl P2PServiceTrait for P2PService>::initialize
FN:100,<impl P2PServiceTrait for P2PService>::join_topic
FN:113,<impl P2PServiceTrait for P2PService>::leave_topic
FN:126,<impl P2PServiceTrait for P2PService>::broadcast_message
FN:143,<impl P2PServiceTrait for P2PService>::get_status
FN:222,<impl P2PServiceTrait for P2PService>::get_node_addresses
FN:229,<impl P2PServiceTrait for P2PService>::generate_topic_id
FN:233,<impl P2PServiceTrait for P2PService>::apply_bootstrap_nodes
FNF:15
FNDA:2,P2PService::new
FNDA:2,P2PService::with_discovery
FNDA:0,P2PService::discovery_options
FNDA:0,P2PService::set_mainline_enabled
FNDA:4,P2PService::mainline_enabled
FNDA:4,P2PService::ensure_topic_joined
FNDA:0,P2PService::builder
FNDA:5,<impl P2PServiceTrait for P2PService>::initialize
FNDA:7,<impl P2PServiceTrait for P2PService>::join_topic
FNDA:7,<impl P2PServiceTrait for P2PService>::leave_topic
FNDA:7,<impl P2PServiceTrait for P2PService>::broadcast_message
FNDA:7,<impl P2PServiceTrait for P2PService>::get_status
FNDA:5,<impl P2PServiceTrait for P2PService>::get_node_addresses
FNDA:1,<impl P2PServiceTrait for P2PService>::generate_topic_id
FNDA:4,<impl P2PServiceTrait for P2PService>::apply_bootstrap_nodes
DA:35,2
DA:39,2
DA:42,2
DA:50,4
DA:54,0
DA:55,0
DA:58,0
DA:59,0
DA:60,0
DA:63,4
DA:64,2
DA:67,4
DA:68,5
DA:71,3
DA:72,0
DA:74,5
DA:75,5
DA:76,1
DA:77,3
DA:78,0
DA:81,4
DA:82,2
DA:85,2
DA:88,0
DA:89,0
DA:90,0
DA:96,5
DA:97,1
DA:100,7
DA:101,10
DA:102,1
DA:103,6
DA:104,3
DA:106,3
DA:107,1
DA:110,1
DA:113,7
DA:114,12
DA:115,2
DA:116,6
DA:117,3
DA:119,3
DA:120,1
DA:123,1
DA:126,7
DA:127,1
DA:129,10
DA:130,2
DA:131,6
DA:132,0
DA:134,6
DA:135,10
DA:136,2
DA:137,6
DA:140,2
DA:143,7
DA:144,4
DA:147,3
DA:148,0
DA:150,5
DA:153,3
DA:154,0
DA:156,1
DA:157,1
DA:159,5
DA:160,5
DA:162,1
DA:163,4
DA:164,0
DA:166,4
DA:167,1
DA:169,5
DA:171,1
DA:172,4
DA:173,0
DA:174,2
DA:177,1
DA:179,2
DA:180,1
DA:187,5
DA:190,3
DA:191,0
DA:193,3
DA:195,2
DA:197,2
DA:198,1
DA:199,1
DA:200,1
DA:201,1
DA:205,3
DA:207,2
DA:208,2
DA:209,3
DA:210,1
DA:212,1
DA:214,1
DA:215,2
DA:216,2
DA:217,2
DA:222,5
DA:223,4
DA:225,3
DA:226,0
DA:229,1
DA:230,1
DA:233,4
DA:238,4
DA:239,1
DA:240,3
LF:109
LH:92
end_of_record
TN:
SF:/app/kukuri-tauri/src-tauri/src/application/services/p2p_service/metrics.rs
FN:14,GossipMetricsSummary::from_snapshot
FNF:1
FNDA:2,GossipMetricsSummary::from_snapshot
DA:14,2
DA:16,2
DA:17,2
DA:18,2
DA:19,2
LF:5
LH:5
end_of_record
TN:
SF:/app/kukuri-tauri/src-tauri/src/application/services/post_service.rs
FN:37,PostService::normalize_scope
FN:56,PostService::conversation_key_from_b64
FN:64,PostService::encrypt_with_group_key
FN:71,PostService::decrypt_with_group_key
FN:82,PostService::encrypt_post_content
FN:110,PostService::prepare_post
FN:143,PostService::prepare_posts
FN:151,PostService::new
FN:167,PostService::create_post
FN:218,PostService::get_post
FN:237,PostService::get_posts_by_topic
FN:272,PostService::like_post
FN:276,PostService::boost_post
FN:288,PostService::delete_post
FN:297,PostService::get_posts_by_author
FN:309,PostService::get_recent_posts
FN:314,PostService::list_following_feed
FN:336,PostService::react_to_post
FN:350,PostService::bookmark_post
FN:364,PostService::unbookmark_post
FN:378,PostService::get_bookmarked_post_ids
FN:393,PostService::sync_pending_posts
FN:429,<impl SyncParticipant for PostService>::sync_pending
FNF:23
FNDA:3,PostService::normalize_scope
FNDA:1,PostService::conversation_key_from_b64
FNDA:1,PostService::encrypt_with_group_key
FNDA:1,PostService::decrypt_with_group_key
FNDA:1,PostService::encrypt_post_content
FNDA:4,PostService::prepare_post
FNDA:4,PostService::prepare_posts
FNDA:4,PostService::new
FNDA:2,PostService::create_post
FNDA:0,PostService::get_post
FNDA:1,PostService::get_posts_by_topic
FNDA:0,PostService::like_post
FNDA:0,PostService::boost_post
FNDA:4,PostService::delete_post
FNDA:0,PostService::get_posts_by_author
FNDA:0,PostService::get_recent_posts
FNDA:1,PostService::list_following_feed
FNDA:0,PostService::react_to_post
FNDA:4,PostService::bookmark_post
FNDA:4,PostService::unbookmark_post
FNDA:1,PostService::get_bookmarked_post_ids
FNDA:0,PostService::sync_pending_posts
FNDA:0,<impl SyncParticipant for PostService>::sync_pending
DA:37,3
DA:38,3
DA:39,2
DA:40,2
DA:41,4
DA:42,2
DA:44,2
DA:45,0
DA:47,2
DA:48,2
DA:50,0
DA:51,0
DA:52,0
DA:56,1
DA:57,1
DA:59,0
DA:60,2
DA:61,0
DA:64,1
DA:65,1
DA:66,2
DA:67,0
DA:68,2
DA:71,1
DA:72,1
DA:73,2
DA:75,0
DA:76,2
DA:77,0
DA:78,2
DA:79,0
DA:82,1
DA:88,6
DA:90,1
DA:91,3
DA:92,1
DA:93,0
DA:94,0
DA:95,0
DA:98,2
DA:100,2
DA:101,1
DA:102,1
DA:103,1
DA:105,2
DA:106,0
DA:107,1
DA:110,4
DA:111,2
DA:112,1
DA:114,1
DA:115,2
DA:116,0
DA:118,2
DA:119,0
DA:122,5
DA:124,1
DA:125,3
DA:126,2
DA:127,0
DA:128,0
DA:131,2
DA:132,1
DA:133,1
DA:135,0
DA:136,0
DA:140,1
DA:143,4
DA:144,2
DA:145,4
DA:146,4
DA:148,1
DA:151,4
DA:167,2
DA:174,4
DA:175,2
DA:177,2
DA:178,5
DA:179,2
DA:180,3
DA:181,1
DA:182,2
DA:183,1
DA:184,1
DA:187,5
DA:189,5
DA:192,1
DA:193,1
DA:194,1
DA:195,1
DA:196,1
DA:198,3
DA:200,1
DA:201,1
DA:202,2
DA:203,6
DA:204,1
DA:205,5
DA:207,1
DA:208,2
DA:209,1
DA:213,1
DA:214,2
DA:215,1
DA:218,0
DA:220,0
DA:221,0
DA:225,0
DA:228,0
DA:229,0
DA:230,0
DA:231,0
DA:234,0
DA:237,1
DA:242,1
DA:243,0
DA:246,2
DA:247,2
DA:248,2
DA:251,3
DA:253,2
DA:254,4
DA:255,5
DA:256,2
DA:257,1
DA:262,4
DA:264,2
DA:267,2
DA:269,1
DA:272,0
DA:273,0
DA:276,0
DA:277,0
DA:279,0
DA:280,0
DA:281,0
DA:282,0
DA:285,0
DA:288,4
DA:289,5
DA:290,2
DA:291,4
DA:292,2
DA:293,2
DA:294,1
DA:297,0
DA:302,0
DA:305,0
DA:306,0
DA:309,0
DA:310,0
DA:311,0
DA:314,1
DA:320,2
DA:321,2
DA:322,5
DA:324,1
DA:325,4
DA:326,2
DA:328,1
DA:329,1
DA:330,1
DA:331,1
DA:332,2
DA:336,0
DA:337,0
DA:339,0
DA:340,0
DA:341,0
DA:342,0
DA:343,0
DA:347,0
DA:350,4
DA:351,2
DA:352,0
DA:353,2
DA:354,0
DA:356,5
DA:357,1
DA:358,5
DA:360,1
DA:361,1
DA:364,4
DA:365,2
DA:366,0
DA:367,2
DA:368,0
DA:370,5
DA:371,1
DA:372,4
DA:374,2
DA:375,1
DA:378,1
DA:382,2
DA:383,0
DA:385,3
DA:387,2
DA:389,2
DA:393,0
DA:394,0
DA:395,0
DA:397,0
DA:398,0
DA:401,0
DA:402,0
DA:403,0
DA:404,0
DA:405,0
DA:407,0
DA:409,0
DA:410,0
DA:411,0
DA:412,0
DA:413,0
DA:414,0
DA:415,0
DA:417,0
DA:418,0
DA:423,0
DA:429,0
DA:430,0
LF:221
LH:139
end_of_record
TN:
SF:/app/kukuri-tauri/src-tauri/src/application/services/profile_avatar_service.rs
FN:48,ProfileAvatarService::new
FN:53,ProfileAvatarService::upload_avatar
FN:101,ProfileAvatarService::fetch_avatar
FN:164,ProfileAvatarService::export_sync_package
FN:171,ProfileAvatarService::import_sync_package
FN:178,ProfileAvatarService::entries_snapshot
FN:183,validate_format
FN:193,validate_size
FN:209,compute_blob_hash
FN:215,compute_content_sha256
FN:221,encode_share_ticket
FN:241,decode_share_ticket
FNF:12
FNDA:8,ProfileAvatarService::new
FNDA:2,ProfileAvatarService::upload_avatar
FNDA:8,ProfileAvatarService::fetch_avatar
FNDA:1,ProfileAvatarService::export_sync_package
FNDA:1,ProfileAvatarService::import_sync_package
FNDA:0,ProfileAvatarService::entries_snapshot
FNDA:2,validate_format
FNDA:2,validate_size
FNDA:2,compute_blob_hash
FNDA:2,compute_content_sha256
FNDA:2,encode_share_ticket
FNDA:2,decode_share_ticket
DA:48,8
DA:49,6
DA:50,2
DA:53,2
DA:57,4
DA:58,4
DA:60,4
DA:61,4
DA:62,4
DA:64,10
DA:65,4
DA:66,10
DA:68,2
DA:69,2
DA:70,2
DA:71,0
DA:72,0
DA:75,4
DA:78,4
DA:79,4
DA:80,4
DA:81,4
DA:84,2
DA:86,2
DA:87,2
DA:88,2
DA:94,2
DA:98,5
DA:101,8
DA:102,4
DA:104,0
DA:107,4
DA:108,4
DA:109,0
DA:110,0
DA:111,0
DA:113,0
DA:114,0
DA:118,2
DA:119,2
DA:120,2
DA:121,0
DA:122,0
DA:124,2
DA:125,2
DA:126,2
DA:127,0
DA:128,4
DA:129,0
DA:130,0
DA:133,4
DA:139,4
DA:142,2
DA:143,2
DA:144,2
DA:145,0
DA:146,0
DA:148,4
DA:149,0
DA:150,0
DA:153,4
DA:155,4
DA:156,4
DA:158,2
DA:160,2
DA:164,1
DA:168,3
DA:171,1
DA:175,3
DA:178,0
DA:179,0
DA:183,2
DA:184,2
DA:185,0
DA:186,0
DA:190,2
DA:193,2
DA:194,2
DA:195,0
DA:196,0
DA:200,2
DA:201,0
DA:202,0
DA:203,0
DA:206,2
DA:209,2
DA:210,2
DA:211,2
DA:212,2
DA:215,2
DA:216,2
DA:217,2
DA:218,2
DA:221,2
DA:227,2
DA:228,2
DA:230,4
DA:231,0
DA:233,4
DA:241,2
DA:242,2
DA:243,2
DA:244,0
DA:245,4
DA:246,0
DA:248,4
DA:249,0
DA:251,2
DA:252,2
DA:253,0
DA:254,0
DA:256,4
DA:257,0
DA:258,0
DA:261,2
DA:262,4
DA:263,2
DA:265,2
LF:118
LH:84
end_of_record
TN:
SF:/app/kukuri-tauri/src-tauri/src/application/services/subscription_state.rs
FN:36,SubscriptionStateMachine::new
FN:40,SubscriptionStateMachine::load_or_initialize
FN:53,<impl SubscriptionStateStore for SubscriptionStateMachine>::record_request
FN:69,<impl SubscriptionStateStore for SubscriptionStateMachine>::mark_subscribed
FN:80,<impl SubscriptionStateStore for SubscriptionStateMachine>::mark_failure
FN:88,<impl SubscriptionStateStore for SubscriptionStateMachine>::mark_all_need_resync
FN:93,<impl SubscriptionStateStore for SubscriptionStateMachine>::list_for_restore
FN:97,<impl SubscriptionStateStore for SubscriptionStateMachine>::list_all
FNF:8
FNDA:1,SubscriptionStateMachine::new
FNDA:2,SubscriptionStateMachine::load_or_initialize
FNDA:5,<impl SubscriptionStateStore for SubscriptionStateMachine>::record_request
FNDA:7,<impl SubscriptionStateStore for SubscriptionStateMachine>::mark_subscribed
FNDA:5,<impl SubscriptionStateStore for SubscriptionStateMachine>::mark_failure
FNDA:10,<impl SubscriptionStateStore for SubscriptionStateMachine>::mark_all_need_resync
FNDA:5,<impl SubscriptionStateStore for SubscriptionStateMachine>::list_for_restore
FNDA:5,<impl SubscriptionStateStore for SubscriptionStateMachine>::list_all
DA:36,1
DA:40,2
DA:44,5
DA:45,2
DA:46,0
DA:53,5
DA:57,2
DA:58,7
DA:60,1
DA:61,5
DA:62,3
DA:64,1
DA:66,3
DA:69,7
DA:74,3
DA:75,2
DA:76,4
DA:77,2
DA:80,5
DA:81,1
DA:82,2
DA:83,1
DA:84,2
DA:85,1
DA:88,10
DA:89,2
DA:90,4
DA:93,5
DA:94,2
DA:97,5
DA:98,2
LF:31
LH:30
end_of_record
TN:
SF:/app/kukuri-tauri/src-tauri/src/application/services/sync_service.rs
FN:38,SyncService::new
FN:57,SyncService::start_sync
FN:83,SyncService::stop_sync
FN:89,SyncService::get_status
FN:93,SyncService::reset_sync
FN:101,SyncService::schedule_sync
FN:121,<impl Clone for SyncService>::clone
FN:133,<impl SyncServiceTrait for SyncService>::start_sync
FN:137,<impl SyncServiceTrait for SyncService>::stop_sync
FN:141,<impl SyncServiceTrait for SyncService>::get_status
FN:145,<impl SyncServiceTrait for SyncService>::reset_sync
FN:149,<impl SyncServiceTrait for SyncService>::schedule_sync
FNF:12
FNDA:0,SyncService::new
FNDA:0,SyncService::start_sync
FNDA:0,SyncService::stop_sync
FNDA:0,SyncService::get_status
FNDA:0,SyncService::reset_sync
FNDA:0,SyncService::schedule_sync
FNDA:0,<impl Clone for SyncService>::clone
FNDA:0,<impl SyncServiceTrait for SyncService>::start_sync
FNDA:0,<impl SyncServiceTrait for SyncService>::stop_sync
FNDA:0,<impl SyncServiceTrait for SyncService>::get_status
FNDA:0,<impl SyncServiceTrait for SyncService>::reset_sync
FNDA:0,<impl SyncServiceTrait for SyncService>::schedule_sync
DA:38,0
DA:47,0
DA:57,0
DA:58,0
DA:60,0
DA:61,0
DA:64,0
DA:65,0
DA:67,0
DA:68,0
DA:71,0
DA:72,0
DA:74,0
DA:75,0
DA:76,0
DA:77,0
DA:78,0
DA:80,0
DA:83,0
DA:84,0
DA:85,0
DA:86,0
DA:89,0
DA:90,0
DA:93,0
DA:94,0
DA:95,0
DA:96,0
DA:97,0
DA:98,0
DA:101,0
DA:102,0
DA:103,0
DA:105,0
DA:108,0
DA:110,0
DA:111,0
DA:112,0
DA:113,0
DA:121,0
DA:123,0
DA:124,0
DA:125,0
DA:126,0
DA:133,0
DA:134,0
DA:137,0
DA:138,0
DA:141,0
DA:142,0
DA:145,0
DA:146,0
DA:149,0
DA:150,0
LF:54
LH:0
end_of_record
TN:
SF:/app/kukuri-tauri/src-tauri/src/application/services/topic_service.rs
FN:55,TopicService::new
FN:73,TopicService::create_topic
FN:95,TopicService::get_topic
FN:99,TopicService::get_all_topics
FN:103,TopicService::list_topics_with_membership
FN:123,TopicService::get_joined_topics
FN:127,TopicService::join_topic
FN:133,TopicService::leave_topic
FN:139,TopicService::update_topic
FN:143,TopicService::delete_topic
FN:153,TopicService::get_topic_stats
FN:161,TopicService::ensure_public_topic
FN:174,TopicService::enqueue_topic_creation
FN:238,TopicService::list_pending_topics
FN:247,TopicService::get_pending_topic
FN:254,TopicService::mark_pending_topic_synced
FN:269,TopicService::mark_pending_topic_failed
FN:284,TopicService::list_trending_topics
FN:339,TopicService::latest_metrics_generated_at
FN:346,TopicService::build_entries_from_metrics
FN:369,TopicService::calculate_trending_score
FNF:21
FNDA:1,TopicService::new
FNDA:1,TopicService::create_topic
FNDA:4,TopicService::get_topic
FNDA:0,TopicService::get_all_topics
FNDA:1,TopicService::list_topics_with_membership
FNDA:4,TopicService::get_joined_topics
FNDA:4,TopicService::join_topic
FNDA:4,TopicService::leave_topic
FNDA:0,TopicService::update_topic
FNDA:0,TopicService::delete_topic
FNDA:0,TopicService::get_topic_stats
FNDA:0,TopicService::ensure_public_topic
FNDA:0,TopicService::enqueue_topic_creation
FNDA:0,TopicService::list_pending_topics
FNDA:0,TopicService::get_pending_topic
FNDA:0,TopicService::mark_pending_topic_synced
FNDA:0,TopicService::mark_pending_topic_failed
FNDA:1,TopicService::list_trending_topics
FNDA:4,TopicService::latest_metrics_generated_at
FNDA:1,TopicService::build_entries_from_metrics
FNDA:1,TopicService::calculate_trending_score
DA:55,1
DA:73,1
DA:80,1
DA:81,1
DA:82,2
DA:83,2
DA:85,2
DA:86,1
DA:87,1
DA:90,0
DA:91,0
DA:92,0
DA:95,4
DA:96,2
DA:99,0
DA:100,0
DA:103,1
DA:107,2
DA:109,3
DA:110,2
DA:111,4
DA:113,3
DA:114,3
DA:115,1
DA:120,1
DA:123,4
DA:124,2
DA:127,4
DA:128,2
DA:129,2
DA:130,1
DA:133,4
DA:134,2
DA:135,2
DA:136,1
DA:139,0
DA:140,0
DA:143,0
DA:145,0
DA:146,0
DA:149,0
DA:150,0
DA:153,0
DA:154,0
DA:155,0
DA:157,0
DA:161,0
DA:162,0
DA:165,0
DA:168,0
DA:169,0
DA:171,0
DA:174,0
DA:181,0
DA:182,0
DA:183,0
DA:184,0
DA:188,0
DA:189,0
DA:193,0
DA:195,0
DA:196,0
DA:197,0
DA:198,0
DA:199,0
DA:200,0
DA:201,0
DA:203,0
DA:205,0
DA:206,0
DA:207,0
DA:208,0
DA:209,0
DA:210,0
DA:212,0
DA:214,0
DA:216,0
DA:217,0
DA:218,0
DA:219,0
DA:220,0
DA:221,0
DA:222,0
DA:223,0
DA:228,0
DA:229,0
DA:230,0
DA:232,0
DA:233,0
DA:234,0
DA:238,0
DA:242,0
DA:244,0
DA:247,0
DA:251,0
DA:254,0
DA:259,0
DA:262,0
DA:263,0
DA:264,0
DA:266,0
DA:269,0
DA:274,0
DA:277,0
DA:278,0
DA:279,0
DA:281,0
DA:284,1
DA:288,1
DA:289,0
DA:290,0
DA:291,0
DA:292,0
DA:296,1
DA:297,1
DA:298,5
DA:299,2
DA:300,3
DA:302,2
DA:303,1
DA:304,1
DA:305,1
DA:306,1
DA:312,5
DA:315,3
DA:317,2
DA:318,1
DA:319,1
DA:323,3
DA:324,3
DA:325,1
DA:326,1
DA:327,0
DA:328,0
DA:331,1
DA:332,1
DA:333,1
DA:334,1
DA:335,1
DA:339,4
DA:340,1
DA:341,1
DA:343,2
DA:346,1
DA:351,1
DA:352,0
DA:354,1
DA:355,4
DA:356,1
DA:359,2
DA:360,3
DA:361,1
DA:366,1
DA:369,1
DA:370,2
DA:371,0
DA:373,1
LF:157
LH:72
end_of_record
TN:
SF:/app/kukuri-tauri/src-tauri/src/application/services/user_search_service.rs
FN:24,SearchSort::try_from_str
FN:60,UserSearchService::new
FN:67,UserSearchService::search
FN:157,cursor_start_index
FN:190,compute_rank
FN:202,compute_text_score
FN:224,compute_mutual_score
FN:239,compute_recency_score
FN:254,encode_cursor
FN:265,parse_cursor
FNF:10
FNDA:0,SearchSort::try_from_str
FNDA:1,UserSearchService::new
FNDA:7,UserSearchService::search
FNDA:2,cursor_start_index
FNDA:1,compute_rank
FNDA:1,compute_text_score
FNDA:2,compute_mutual_score
FNDA:3,compute_recency_score
FNDA:1,encode_cursor
FNDA:1,parse_cursor
DA:24,0
DA:25,0
DA:26,0
DA:27,0
DA:28,0
DA:29,0
DA:30,0
DA:60,1
DA:63,1
DA:67,7
DA:68,3
DA:69,3
DA:70,0
DA:71,0
DA:76,2
DA:79,5
DA:80,11
DA:81,1
DA:82,4
DA:84,3
DA:85,1
DA:86,9
DA:88,1
DA:89,9
DA:91,5
DA:92,3
DA:93,3
DA:95,2
DA:96,2
DA:99,2
DA:102,1
DA:103,2
DA:105,2
DA:106,2
DA:107,3
DA:111,3
DA:112,4
DA:113,3
DA:114,1
DA:115,1
DA:116,0
DA:118,0
DA:119,0
DA:121,0
DA:122,0
DA:126,4
DA:127,2
DA:128,3
DA:129,2
DA:131,3
DA:133,3
DA:136,4
DA:137,1
DA:139,2
DA:142,1
DA:143,2
DA:144,2
DA:147,4
DA:157,2
DA:161,2
DA:162,2
DA:163,1
DA:164,1
DA:165,3
DA:166,1
DA:168,0
DA:170,4
DA:171,1
DA:175,0
DA:176,0
DA:177,0
DA:178,0
DA:179,0
DA:181,0
DA:187,2
DA:190,1
DA:196,1
DA:197,1
DA:198,3
DA:199,3
DA:202,1
DA:203,1
DA:204,1
DA:206,2
DA:207,3
DA:208,2
DA:209,2
DA:210,0
DA:213,4
DA:214,3
DA:217,4
DA:218,1
DA:221,2
DA:224,2
DA:229,1
DA:230,3
DA:231,1
DA:233,4
DA:234,1
DA:236,3
DA:239,3
DA:240,3
DA:241,3
DA:242,3
DA:245,3
DA:246,3
DA:254,1
DA:255,1
DA:256,1
DA:257,0
DA:259,0
DA:265,1
DA:266,1
DA:267,1
DA:268,1
DA:269,2
DA:271,0
DA:273,0
DA:274,2
DA:276,0
DA:277,1
DA:279,1
DA:282,0
DA:283,0
DA:285,0
DA:287,0
DA:288,0
DA:290,0
DA:291,0
DA:293,0
DA:296,0
LF:131
LH:95
end_of_record
TN:
SF:/app/kukuri-tauri/src-tauri/src/application/services/user_service.rs
FN:12,UserService::new
FN:16,UserService::create_user
FN:22,UserService::get_user
FN:26,UserService::get_user_by_pubkey
FN:30,UserService::search_users
FN:37,UserService::update_profile
FN:45,UserService::update_privacy_settings
FN:64,UserService::update_user
FN:68,UserService::follow_user
FN:90,UserService::unfollow_user
FN:112,UserService::get_followers_paginated
FN:127,UserService::get_following_paginated
FN:142,UserService::get_followers
FN:175,UserService::get_following
FN:208,UserService::delete_user
FN:212,UserService::resolve_user_by_npub
FN:219,UserService::ensure_profile_visibility
FNF:17
FNDA:1,UserService::new
FNDA:4,UserService::create_user
FNDA:4,UserService::get_user
FNDA:0,UserService::get_user_by_pubkey
FNDA:4,UserService::search_users
FNDA:4,UserService::update_profile
FNDA:1,UserService::update_privacy_settings
FNDA:0,UserService::update_user
FNDA:1,UserService::follow_user
FNDA:1,UserService::unfollow_user
FNDA:1,UserService::get_followers_paginated
FNDA:1,UserService::get_following_paginated
FNDA:4,UserService::get_followers
FNDA:4,UserService::get_following
FNDA:0,UserService::delete_user
FNDA:4,UserService::resolve_user_by_npub
FNDA:1,UserService::ensure_profile_visibility
DA:12,1
DA:16,4
DA:17,1
DA:18,2
DA:19,1
DA:22,4
DA:23,2
DA:26,0
DA:27,0
DA:30,4
DA:31,2
DA:32,0
DA:34,2
DA:37,4
DA:38,2
DA:39,1
DA:40,1
DA:42,1
DA:45,1
DA:51,8
DA:53,1
DA:54,3
DA:55,4
DA:57,1
DA:58,1
DA:59,2
DA:61,1
DA:64,0
DA:65,0
DA:68,1
DA:73,2
DA:74,2
DA:75,1
DA:80,2
DA:81,4
DA:83,6
DA:84,1
DA:85,3
DA:87,2
DA:90,1
DA:95,2
DA:96,2
DA:98,5
DA:100,1
DA:101,3
DA:103,2
DA:104,1
DA:106,0
DA:112,1
DA:121,4
DA:122,4
DA:123,1
DA:124,3
DA:127,1
DA:136,2
DA:137,4
DA:138,1
DA:139,3
DA:142,4
DA:143,1
DA:144,1
DA:146,0
DA:147,5
DA:148,1
DA:149,1
DA:150,1
DA:154,1
DA:155,1
DA:157,1
DA:158,1
DA:159,1
DA:161,4
DA:163,2
DA:165,1
DA:169,0
DA:172,1
DA:175,4
DA:176,1
DA:177,1
DA:179,0
DA:180,5
DA:181,1
DA:182,1
DA:183,1
DA:187,1
DA:188,1
DA:190,1
DA:191,1
DA:192,1
DA:194,4
DA:196,2
DA:198,1
DA:202,0
DA:205,1
DA:208,0
DA:209,0
DA:212,4
DA:213,6
DA:214,1
DA:215,3
DA:216,3
DA:219,1
DA:224,6
DA:226,1
DA:227,3
DA:228,1
DA:230,1
DA:231,2
DA:232,2
DA:234,1
DA:235,1
DA:239,1
LF:112
LH:100
end_of_record
TN:
SF:/app/kukuri-tauri/src-tauri/src/application/shared/default_topics.rs
FN:10,DefaultTopicsRegistry::with_topics
FN:26,DefaultTopicsRegistry::replace_with_single
FN:34,DefaultTopicsRegistry::replace_all
FN:48,DefaultTopicsRegistry::add
FN:57,DefaultTopicsRegistry::remove
FN:62,DefaultTopicsRegistry::list
FN:67,DefaultTopicsRegistry::snapshot
FNF:7
FNDA:4,DefaultTopicsRegistry::with_topics
FNDA:0,DefaultTopicsRegistry::replace_with_single
FNDA:4,DefaultTopicsRegistry::replace_all
FNDA:4,DefaultTopicsRegistry::add
FNDA:4,DefaultTopicsRegistry::remove
FNDA:4,DefaultTopicsRegistry::list
FNDA:0,DefaultTopicsRegistry::snapshot
DA:10,4
DA:14,4
DA:15,16
DA:16,8
DA:17,8
DA:18,9
DA:22,5
DA:26,0
DA:27,0
DA:28,0
DA:29,0
DA:30,0
DA:34,4
DA:38,4
DA:39,4
DA:40,6
DA:41,4
DA:42,4
DA:43,4
DA:48,4
DA:49,2
DA:50,1
DA:53,2
DA:54,2
DA:57,4
DA:58,2
DA:59,2
DA:62,4
DA:63,2
DA:64,2
DA:67,0
DA:68,0
DA:69,0
LF:33
LH:25
end_of_record
TN:
SF:/app/kukuri-tauri/src-tauri/src/application/shared/mappers/event/event_id_mapper.rs
FN:4,parse_event_id
FN:13,parse_optional_event_id
FN:20,parse_event_ids
FNF:3
FNDA:0,parse_event_id
FNDA:0,parse_optional_event_id
FNDA:0,parse_event_ids
DA:4,0
DA:5,0
DA:6,0
DA:7,0
DA:8,0
DA:13,0
DA:14,0
DA:15,0
DA:16,0
DA:20,0
DA:21,0
LF:11
LH:0
end_of_record
TN:
SF:/app/kukuri-tauri/src-tauri/src/application/shared/mappers/event/metadata_mapper.rs
FN:8,dto_to_profile_metadata
FN:35,profile_metadata_to_nostr
FN:100,convert_relays
FNF:3
FNDA:1,dto_to_profile_metadata
FNDA:1,profile_metadata_to_nostr
FNDA:1,convert_relays
DA:8,1
DA:9,2
DA:10,2
DA:11,0
DA:12,0
DA:16,1
DA:17,1
DA:18,1
DA:19,1
DA:20,1
DA:21,1
DA:22,1
DA:23,1
DA:24,1
DA:27,0
DA:28,0
DA:29,0
DA:30,0
DA:35,1
DA:36,1
DA:37,0
DA:38,0
DA:42,1
DA:43,2
DA:44,2
DA:46,2
DA:47,0
DA:48,0
DA:49,0
DA:52,2
DA:53,0
DA:55,2
DA:56,0
DA:58,2
DA:59,0
DA:61,2
DA:62,0
DA:64,2
DA:65,0
DA:67,2
DA:68,0
DA:70,3
DA:71,2
DA:73,1
DA:74,1
DA:75,2
DA:76,1
DA:77,1
DA:78,1
DA:81,2
DA:83,3
DA:84,1
DA:85,2
DA:86,1
DA:87,1
DA:89,1
DA:90,1
DA:91,1
DA:93,1
DA:96,2
DA:97,1
DA:100,1
DA:101,1
DA:103,1
DA:104,1
DA:105,0
LF:66
LH:48
end_of_record
TN:
SF:/app/kukuri-tauri/src-tauri/src/application/shared/mappers/event/nostr_to_domain.rs
FN:9,domain_event_from_event
FN:18,domain_event_to_nostr_event
FN:24,nostr_event_to_domain_event
FNF:3
FNDA:0,domain_event_from_event
FNDA:1,domain_event_to_nostr_event
FNDA:2,nostr_event_to_domain_event
DA:9,0
DA:10,0
DA:11,0
DA:12,0
DA:13,0
DA:18,1
DA:21,1
DA:24,2
DA:25,4
DA:26,0
DA:27,0
DA:28,0
DA:32,2
DA:33,0
DA:34,0
DA:37,6
DA:40,2
DA:41,4
DA:42,4
DA:43,4
DA:44,2
DA:46,2
DA:48,4
DA:50,0
DA:51,2
LF:25
LH:14
end_of_record
TN:
SF:/app/kukuri-tauri/src-tauri/src/application/shared/mappers/events.rs
FN:7,map_event_row
FN:27,parse_event_tags
FNF:2
FNDA:0,map_event_row
FNDA:0,parse_event_tags
DA:7,0
DA:8,0
DA:9,0
DA:10,0
DA:11,0
DA:13,0
DA:14,0
DA:16,0
DA:17,0
DA:18,0
DA:19,0
DA:21,0
DA:23,0
DA:27,0
DA:28,0
LF:15
LH:0
end_of_record
TN:
SF:/app/kukuri-tauri/src-tauri/src/application/shared/mappers/posts.rs
FN:6,map_post_row
FN:33,extract_topic_from_tags
FN:41,extract_tag_value
FN:49,extract_scope_from_tags
FN:53,extract_epoch_from_tags
FNF:5
FNDA:1,map_post_row
FNDA:1,extract_topic_from_tags
FNDA:1,extract_tag_value
FNDA:1,extract_scope_from_tags
FNDA:2,extract_epoch_from_tags
DA:6,1
DA:10,1
DA:11,2
DA:12,2
DA:13,4
DA:14,3
DA:16,2
DA:17,2
DA:18,2
DA:21,2
DA:22,2
DA:24,2
DA:25,2
DA:27,1
DA:28,3
DA:29,1
DA:30,2
DA:33,1
DA:34,1
DA:35,8
DA:36,6
DA:37,0
DA:41,1
DA:42,2
DA:43,6
DA:44,4
DA:45,1
DA:49,1
DA:50,2
DA:53,2
DA:54,3
LF:31
LH:30
end_of_record
TN:
SF:/app/kukuri-tauri/src-tauri/src/application/shared/mappers/topics.rs
FN:6,map_topic_row
FN:10,map_joined_topic_row
FN:16,base_topic_from_row
FNF:3
FNDA:0,map_topic_row
FNDA:0,map_joined_topic_row
FNDA:0,base_topic_from_row
DA:6,0
DA:7,0
DA:10,0
DA:11,0
DA:12,0
DA:13,0
DA:16,0
DA:17,0
DA:19,0
DA:23,0
DA:24,0
DA:25,0
DA:28,0
DA:29,0
DA:30,0
DA:31,0
DA:32,0
DA:33,0
DA:34,0
DA:36,0
LF:20
LH:0
end_of_record
TN:
SF:/app/kukuri-tauri/src-tauri/src/application/shared/mappers/users.rs
FN:6,map_user_row
FNF:1
FNDA:2,map_user_row
DA:6,2
DA:8,1
DA:9,3
DA:10,3
DA:13,3
DA:14,3
DA:15,1
DA:16,2
DA:18,1
DA:19,3
DA:20,2
DA:23,3
DA:24,3
DA:25,1
DA:29,2
LF:15
LH:15
end_of_record
TN:
SF:/app/kukuri-tauri/src-tauri/src/application/shared/nostr/factory.rs
FN:6,build_deletion_event
FN:12,to_nostr_event
FNF:2
FNDA:0,build_deletion_event
FNDA:3,to_nostr_event
DA:6,0
DA:7,0
DA:8,0
DA:9,0
DA:12,3
DA:13,6
DA:16,6
DA:23,6
DA:24,0
LF:9
LH:4
end_of_record
TN:
SF:/app/kukuri-tauri/src-tauri/src/application/shared/nostr/publisher.rs
FN:13,EventPublisher::new
FN:18,EventPublisher::set_keys
FN:23,EventPublisher::create_text_note
FN:38,EventPublisher::create_metadata
FN:51,EventPublisher::create_reaction
FN:67,EventPublisher::create_repost
FN:82,EventPublisher::create_deletion
FN:102,EventPublisher::create_topic_post
FN:145,EventPublisher::get_public_key
FNF:9
FNDA:2,EventPublisher::new
FNDA:3,EventPublisher::set_keys
FNDA:1,EventPublisher::create_text_note
FNDA:1,EventPublisher::create_metadata
FNDA:1,EventPublisher::create_reaction
FNDA:1,EventPublisher::create_repost
FNDA:1,EventPublisher::create_deletion
FNDA:2,EventPublisher::create_topic_post
FNDA:1,EventPublisher::get_public_key
DA:13,2
DA:14,2
DA:18,3
DA:19,6
DA:23,1
DA:24,4
DA:27,3
DA:29,2
DA:30,1
DA:31,0
DA:33,3
DA:34,1
DA:38,1
DA:39,4
DA:42,3
DA:44,2
DA:46,3
DA:47,1
DA:51,1
DA:52,2
DA:55,3
DA:58,1
DA:60,2
DA:61,1
DA:62,0
DA:64,3
DA:65,1
DA:67,1
DA:68,1
DA:71,0
DA:73,3
DA:74,2
DA:75,0
DA:77,3
DA:78,1
DA:82,1
DA:83,4
DA:86,3
DA:89,4
DA:91,2
DA:93,2
DA:94,1
DA:95,0
DA:97,3
DA:98,1
DA:102,2
DA:110,3
DA:113,3
DA:115,4
DA:116,2
DA:117,5
DA:120,3
DA:121,2
DA:122,2
DA:123,1
DA:124,2
DA:128,2
DA:129,0
DA:131,2
DA:132,0
DA:133,0
DA:136,4
DA:137,2
DA:138,0
DA:140,8
DA:141,2
DA:145,1
DA:146,3
LF:68
LH:59
end_of_record
TN:
SF:/app/kukuri-tauri/src-tauri/src/application/shared/tests/event/fixtures.rs
FN:3,sample_signed_event
FNF:1
FNDA:0,sample_signed_event
DA:3,0
DA:4,0
DA:5,0
DA:6,0
LF:4
LH:0
end_of_record
TN:
SF:/app/kukuri-tauri/src-tauri/src/application/shared/tests/event/mocks.rs
FN:18,TestGossipService::new
FN:25,TestGossipService::joined_topics
FN:29,TestGossipService::broadcasted_topics
FN:40,<impl Default for TestGossipService>::default
FN:47,<impl GossipService for TestGossipService>::local_peer_hint
FN:51,<impl GossipService for TestGossipService>::join_topic
FN:57,<impl GossipService for TestGossipService>::leave_topic
FN:61,<impl GossipService for TestGossipService>::broadcast
FN:67,<impl GossipService for TestGossipService>::subscribe
FN:75,<impl GossipService for TestGossipService>::get_joined_topics
FN:79,<impl GossipService for TestGossipService>::get_topic_peers
FN:83,<impl GossipService for TestGossipService>::get_topic_stats
FN:87,<impl GossipService for TestGossipService>::broadcast_message
FNF:13
FNDA:1,TestGossipService::new
FNDA:4,TestGossipService::joined_topics
FNDA:4,TestGossipService::broadcasted_topics
FNDA:0,<impl Default for TestGossipService>::default
FNDA:0,<impl GossipService for TestGossipService>::local_peer_hint
FNDA:4,<impl GossipService for TestGossipService>::join_topic
FNDA:0,<impl GossipService for TestGossipService>::leave_topic
FNDA:5,<impl GossipService for TestGossipService>::broadcast
FNDA:0,<impl GossipService for TestGossipService>::subscribe
FNDA:0,<impl GossipService for TestGossipService>::get_joined_topics
FNDA:0,<impl GossipService for TestGossipService>::get_topic_peers
FNDA:0,<impl GossipService for TestGossipService>::get_topic_stats
FNDA:0,<impl GossipService for TestGossipService>::broadcast_message
DA:18,1
DA:20,1
DA:21,2
DA:25,4
DA:26,2
DA:29,4
DA:30,6
DA:32,3
DA:34,2
DA:40,0
DA:41,0
DA:47,0
DA:48,0
DA:51,4
DA:52,2
DA:53,2
DA:54,1
DA:57,0
DA:58,0
DA:61,5
DA:62,1
DA:63,2
DA:64,1
DA:67,0
DA:71,0
DA:72,0
DA:75,0
DA:76,0
DA:79,0
DA:80,0
DA:83,0
DA:84,0
DA:87,0
DA:88,0
LF:34
LH:17
end_of_record
TN:
SF:/app/kukuri-tauri/src-tauri/src/application/shared/tests/p2p/bootstrap.rs
FN:21,create_service
FN:48,build_peer_hints
FN:67,wait_for_topic_membership
FN:92,wait_for_peer_join_event
FNF:4
FNDA:0,create_service
FNDA:0,build_peer_hints
FNDA:0,wait_for_topic_membership
FNDA:0,wait_for_peer_join_event
DA:21,0
DA:22,0
DA:23,0
DA:28,0
DA:29,0
DA:30,0
DA:31,0
DA:32,0
DA:33,0
DA:34,0
DA:35,0
DA:37,0
DA:38,0
DA:40,0
DA:44,0
DA:45,0
DA:48,0
DA:53,0
DA:54,0
DA:55,0
DA:58,0
DA:59,0
DA:60,0
DA:64,0
DA:67,0
DA:72,0
DA:73,0
DA:74,0
DA:75,0
DA:81,0
DA:83,0
DA:84,0
DA:87,0
DA:89,0
DA:92,0
DA:96,0
DA:101,0
DA:102,0
DA:103,0
DA:104,0
DA:107,0
DA:109,0
DA:110,0
DA:113,0
DA:124,0
LF:45
LH:0
end_of_record
TN:
SF:/app/kukuri-tauri/src-tauri/src/application/shared/tests/p2p/config.rs
FN:6,load_bootstrap_context
FNF:1
FNDA:4,load_bootstrap_context
DA:6,4
DA:7,7
DA:9,4
DA:12,0
DA:13,0
DA:15,0
DA:18,0
DA:19,0
DA:21,0
DA:22,0
DA:23,0
DA:26,0
DA:27,0
DA:28,0
DA:29,0
DA:30,0
DA:35,0
DA:37,0
DA:42,0
DA:47,0
DA:50,0
DA:56,0
DA:57,0
DA:58,0
LF:24
LH:3
end_of_record
TN:
SF:/app/kukuri-tauri/src-tauri/src/application/shared/tests/p2p/fixtures.rs
FN:3,nostr_to_domain
FNF:1
FNDA:0,nostr_to_domain
DA:3,0
DA:4,0
DA:8,0
DA:9,0
DA:11,0
DA:12,0
DA:13,0
DA:14,0
LF:8
LH:0
end_of_record
TN:
SF:/app/kukuri-tauri/src-tauri/src/application/shared/tests/p2p/logging.rs
FN:6,init_tracing
FNF:1
FNDA:4,init_tracing
DA:6,4
DA:7,4
DA:8,1
DA:9,1
DA:10,2
DA:11,1
DA:15,1
DA:21,12
LF:8
LH:8
end_of_record
TN:
SF:/app/kukuri-tauri/src-tauri/src/bin/p2p_metrics_export.rs
FNF:0
DA:56,0
DA:57,0
DA:58,0
DA:59,0
DA:60,0
DA:63,0
DA:66,0
DA:67,0
DA:68,0
DA:69,0
DA:71,0
DA:73,0
DA:76,0
DA:77,0
DA:78,0
DA:80,0
DA:81,0
DA:82,0
DA:86,0
DA:87,0
DA:88,0
DA:89,0
DA:92,0
DA:93,0
DA:94,0
DA:95,0
DA:96,0
DA:97,0
DA:98,0
DA:99,0
DA:102,0
DA:103,0
DA:106,0
DA:107,0
DA:108,0
DA:110,0
DA:114,4
DA:118,4
DA:119,4
DA:120,4
DA:121,4
DA:122,4
DA:124,8
DA:125,8
DA:126,6
DA:127,6
DA:128,2
DA:130,0
DA:131,2
DA:133,4
DA:134,1
DA:136,6
DA:137,4
DA:139,0
DA:140,5
DA:142,2
DA:143,2
DA:145,0
DA:146,3
DA:148,2
DA:149,2
DA:150,0
DA:152,2
DA:154,0
DA:155,0
DA:156,0
DA:158,0
DA:159,0
DA:164,2
DA:165,2
DA:166,2
DA:167,2
DA:168,2
DA:169,2
DA:173,2
DA:174,4
DA:175,2
DA:176,5
DA:177,2
DA:181,1
DA:182,1
DA:184,0
DA:185,1
DA:186,1
DA:188,1
DA:191,0
DA:192,0
DA:193,0
DA:195,0
DA:196,0
DA:197,0
DA:200,0
DA:203,0
DA:204,0
DA:206,0
DA:207,0
DA:208,0
DA:212,0
DA:217,0
DA:218,0
DA:219,0
DA:220,0
DA:221,0
DA:222,0
DA:223,0
DA:226,0
DA:229,1
DA:234,2
DA:236,1
DA:237,2
DA:239,1
DA:241,1
DA:242,1
DA:245,1
DA:248,1
DA:250,1
DA:251,1
DA:252,1
DA:253,1
DA:268,0
DA:273,1
DA:274,1
LF:122
LH:54
end_of_record
TN:
SF:/app/kukuri-tauri/src-tauri/src/contract_testing.rs
FN:3,validate_nip10_tags
FNF:1
FNDA:1,validate_nip10_tags
DA:3,1
DA:4,2
DA:5,2
DA:6,1
DA:7,1
DA:8,1
DA:9,3
LF:7
LH:7
end_of_record
TN:
SF:/app/kukuri-tauri/src-tauri/src/domain/entities/account/mod.rs
FN:17,AccountMetadata::mark_used
FN:41,AccountRegistration::into_metadata
FNF:2
FNDA:0,AccountMetadata::mark_used
FNDA:0,AccountRegistration::into_metadata
DA:17,0
DA:18,0
DA:41,0
DA:42,0
DA:43,0
DA:44,0
DA:45,0
DA:46,0
DA:47,0
DA:48,0
DA:52,0
DA:57,0
DA:60,0
LF:13
LH:0
end_of_record
TN:
SF:/app/kukuri-tauri/src-tauri/src/domain/entities/bookmark.rs
FN:16,Bookmark::new
FN:26,Bookmark::from_parts
FN:40,Bookmark::id
FN:44,Bookmark::user_pubkey
FN:48,Bookmark::post_id
FN:52,Bookmark::created_at
FNF:6
FNDA:1,Bookmark::new
FNDA:1,Bookmark::from_parts
FNDA:1,Bookmark::id
FNDA:1,Bookmark::user_pubkey
FNDA:1,Bookmark::post_id
FNDA:1,Bookmark::created_at
DA:16,1
DA:18,1
DA:21,1
DA:26,1
DA:40,1
DA:44,1
DA:45,1
DA:48,1
DA:49,1
DA:52,1
DA:53,1
LF:11
LH:11
end_of_record
TN:
SF:/app/kukuri-tauri/src-tauri/src/domain/entities/direct_message.rs
FN:13,MessageDirection::as_str
FN:24,<impl FromStr for MessageDirection>::from_str
FN:65,DirectMessage::new
FN:102,DirectMessage::with_decrypted_content
FN:107,DirectMessage::mark_delivered
FN:112,DirectMessage::cursor
FN:117,DirectMessage::created_at_millis
FN:121,DirectMessage::counterparty_npub
FNF:8
FNDA:1,MessageDirection::as_str
FNDA:1,<impl FromStr for MessageDirection>::from_str
FNDA:2,DirectMessage::new
FNDA:1,DirectMessage::with_decrypted_content
FNDA:0,DirectMessage::mark_delivered
FNDA:0,DirectMessage::cursor
FNDA:1,DirectMessage::created_at_millis
FNDA:1,DirectMessage::counterparty_npub
DA:13,1
DA:14,1
DA:15,0
DA:16,1
DA:24,1
DA:26,1
DA:27,2
DA:28,0
DA:65,2
DA:78,4
DA:79,2
DA:80,0
DA:102,1
DA:103,2
DA:104,1
DA:107,0
DA:108,0
DA:109,0
DA:112,0
DA:113,0
DA:114,0
DA:117,1
DA:118,1
DA:121,1
DA:122,1
LF:25
LH:16
end_of_record
TN:
SF:/app/kukuri-tauri/src-tauri/src/domain/entities/event/kind.rs
FN:24,<impl From for EventKind>::from
FN:46,<impl From for u32>::from
FN:68,EventKind::from_u32
FN:72,EventKind::as_u32
FNF:4
FNDA:0,<impl From for EventKind>::from
FNDA:1,<impl From for u32>::from
FNDA:0,EventKind::from_u32
FNDA:0,EventKind::as_u32
DA:24,0
DA:25,0
DA:26,0
DA:27,0
DA:28,0
DA:29,0
DA:30,0
DA:31,0
DA:32,0
DA:33,0
DA:34,0
DA:35,0
DA:36,0
DA:37,0
DA:38,0
DA:39,0
DA:40,0
DA:46,1
DA:47,1
DA:48,0
DA:49,1
DA:50,0
DA:51,0
DA:52,0
DA:53,0
DA:54,0
DA:55,0
DA:56,0
DA:57,0
DA:58,0
DA:59,0
DA:60,0
DA:61,0
DA:62,0
DA:68,0
DA:69,0
DA:72,0
DA:73,0
LF:38
LH:3
end_of_record
TN:
SF:/app/kukuri-tauri/src-tauri/src/domain/entities/event/model.rs
FN:17,Event::new
FN:29,Event::with_tags
FN:34,Event::add_tag
FN:38,Event::add_p_tag
FN:42,Event::add_e_tag
FN:46,Event::add_t_tag
FN:50,Event::get_referenced_event_ids
FN:58,Event::get_referenced_pubkeys
FN:66,Event::get_hashtags
FN:74,Event::new_with_id
FNF:10
FNDA:2,Event::new
FNDA:1,Event::with_tags
FNDA:0,Event::add_tag
FNDA:0,Event::add_p_tag
FNDA:0,Event::add_e_tag
FNDA:0,Event::add_t_tag
FNDA:0,Event::get_referenced_event_ids
FNDA:0,Event::get_referenced_pubkeys
FNDA:0,Event::get_hashtags
FNDA:2,Event::new_with_id
DA:17,2
DA:19,2
DA:21,2
DA:23,2
DA:25,2
DA:29,1
DA:30,2
DA:31,1
DA:34,0
DA:35,0
DA:38,0
DA:39,0
DA:42,0
DA:43,0
DA:46,0
DA:47,0
DA:50,0
DA:51,0
DA:53,0
DA:54,0
DA:58,0
DA:59,0
DA:61,0
DA:62,0
DA:66,0
DA:67,0
DA:69,0
DA:70,0
DA:74,2
DA:84,2
LF:30
LH:10
end_of_record
TN:
SF:/app/kukuri-tauri/src-tauri/src/domain/entities/event/validation/errors.rs
FN:17,EventValidationError::new
FN:26,<impl Display for EventValidationError>::fmt
FNF:2
FNDA:4,EventValidationError::new
FNDA:0,<impl Display for EventValidationError>::fmt
DA:17,4
DA:20,4
DA:26,0
DA:27,0
LF:4
LH:2
end_of_record
TN:
SF:/app/kukuri-tauri/src-tauri/src/domain/entities/event/validation/kind30078.rs
FN:26,Event::validate_kind30078
FN:163,Event::validate_kind30078_content
FN:227,parse_kind30078_identifier
FN:243,ensure_slug_valid
FN:262,ensure_revision_valid
FN:275,is_crockford_base32
FNF:6
FNDA:1,Event::validate_kind30078
FNDA:1,Event::validate_kind30078_content
FNDA:1,parse_kind30078_identifier
FNDA:1,ensure_slug_valid
FNDA:2,ensure_revision_valid
FNDA:2,is_crockford_base32
DA:26,1
DA:27,1
DA:28,0
DA:29,0
DA:30,0
DA:37,1
DA:38,1
DA:39,1
DA:40,1
DA:42,3
DA:43,2
DA:46,1
DA:47,1
DA:48,2
DA:49,0
DA:50,0
DA:54,2
DA:55,0
DA:56,0
DA:57,0
DA:60,2
DA:61,2
DA:62,3
DA:63,2
DA:65,4
DA:66,1
DA:67,0
DA:68,0
DA:72,3
DA:73,0
DA:74,0
DA:75,0
DA:78,3
DA:79,0
DA:80,0
DA:81,0
DA:84,2
DA:86,5
DA:87,3
DA:88,0
DA:89,0
DA:90,0
DA:92,0
DA:96,3
DA:98,5
DA:99,1
DA:100,0
DA:101,0
DA:102,0
DA:105,3
DA:111,6
DA:112,1
DA:113,1
DA:118,1
DA:119,0
DA:120,0
DA:125,3
DA:126,0
DA:127,0
DA:132,3
DA:133,3
DA:134,1
DA:135,1
DA:136,2
DA:140,6
DA:141,1
DA:142,1
DA:147,3
DA:151,3
DA:152,0
DA:153,0
DA:154,0
DA:158,5
DA:160,1
DA:163,1
DA:164,2
DA:165,0
DA:166,0
DA:167,0
DA:171,3
DA:172,0
DA:173,0
DA:174,0
DA:178,3
DA:179,1
DA:180,1
DA:181,2
DA:185,5
DA:186,2
DA:187,0
DA:188,0
DA:189,0
DA:192,2
DA:193,0
DA:194,0
DA:195,0
DA:198,2
DA:199,3
DA:200,1
DA:201,1
DA:202,1
DA:209,5
DA:210,1
DA:211,1
DA:212,1
DA:216,1
DA:217,0
DA:218,0
DA:219,0
DA:223,1
DA:227,1
DA:228,1
DA:229,0
DA:230,0
DA:231,0
DA:234,2
DA:235,0
DA:236,0
DA:237,0
DA:240,1
DA:243,1
DA:244,1
DA:245,0
DA:246,0
DA:247,0
DA:250,1
DA:252,2
DA:254,0
DA:255,0
DA:256,0
DA:259,1
DA:262,2
DA:263,1
DA:264,1
DA:266,0
DA:267,0
DA:269,0
DA:270,0
DA:271,0
DA:275,2
DA:276,3
DA:277,3
DA:278,2
DA:280,3
DA:281,3
DA:282,0
DA:283,0
DA:284,0
DA:285,0
LF:149
LH:83
end_of_record
TN:
SF:/app/kukuri-tauri/src-tauri/src/domain/entities/event/validation/mod.rs
FN:14,Event::validate_for_gateway
FN:23,Event::validate_nprofile_tlv
FN:27,Event::validate_nevent_tlv
FNF:3
FNDA:2,Event::validate_for_gateway
FNDA:1,Event::validate_nprofile_tlv
FNDA:1,Event::validate_nevent_tlv
DA:14,2
DA:15,2
DA:16,2
DA:17,2
DA:18,0
DA:20,2
DA:23,1
DA:24,1
DA:27,1
DA:28,2
LF:10
LH:9
end_of_record
TN:
SF:/app/kukuri-tauri/src-tauri/src/domain/entities/event/validation/nip01.rs
FN:16,Event::validate_nip01
FNF:1
FNDA:2,Event::validate_nip01
DA:16,2
DA:17,2
DA:18,0
DA:19,0
DA:23,2
DA:24,0
DA:25,0
DA:29,2
DA:30,0
DA:31,0
DA:36,2
DA:37,2
DA:45,4
DA:46,0
DA:47,0
DA:48,0
DA:51,2
DA:52,2
DA:53,4
DA:54,2
DA:55,1
DA:60,4
DA:62,2
DA:65,2
DA:66,1
DA:67,1
DA:68,2
DA:72,4
DA:73,0
DA:74,0
DA:75,0
DA:79,4
DA:80,0
DA:81,0
DA:82,0
DA:84,0
DA:89,2
LF:37
LH:21
end_of_record
TN:
SF:/app/kukuri-tauri/src-tauri/src/domain/entities/event/validation/nip10_19.rs
FN:10,Event::validate_nip10_19
FN:95,ensure_event_ref
FN:114,ensure_pubkey_ref
FNF:3
FNDA:3,Event::validate_nip10_19
FNDA:2,ensure_event_ref
FNDA:2,ensure_pubkey_ref
DA:10,3
DA:11,3
DA:12,3
DA:14,6
DA:15,4
DA:18,4
DA:19,4
DA:20,4
DA:21,0
DA:22,0
DA:26,4
DA:27,4
DA:28,3
DA:30,3
DA:31,3
DA:32,3
DA:33,1
DA:34,1
DA:35,1
DA:39,3
DA:40,3
DA:42,7
DA:43,7
DA:44,2
DA:46,2
DA:47,2
DA:48,2
DA:54,3
DA:55,2
DA:56,0
DA:57,0
DA:61,2
DA:62,2
DA:63,3
DA:65,2
DA:66,1
DA:67,1
DA:68,1
DA:69,1
DA:70,1
DA:79,3
DA:80,0
DA:81,0
DA:85,3
DA:86,1
DA:87,1
DA:91,3
DA:95,2
DA:96,4
DA:97,6
DA:98,1
DA:99,1
DA:103,2
DA:104,1
DA:105,1
DA:107,0
DA:108,0
DA:109,0
DA:114,2
DA:115,4
DA:116,6
DA:117,1
DA:118,1
DA:122,2
DA:123,1
DA:124,1
DA:126,0
DA:127,0
DA:128,0
LF:69
LH:57
end_of_record
TN:
SF:/app/kukuri-tauri/src-tauri/src/domain/entities/event/validation/nip19.rs
FN:9,validate_nprofile_tlv
FN:58,validate_nevent_tlv
FN:131,parse_tlv
FN:160,validate_tlv_relay
FNF:4
FNDA:2,validate_nprofile_tlv
FNDA:3,validate_nevent_tlv
FNDA:5,parse_tlv
FNDA:2,validate_tlv_relay
DA:9,2
DA:10,2
DA:11,0
DA:12,0
DA:16,4
DA:17,0
DA:18,0
DA:19,0
DA:22,2
DA:23,2
DA:24,2
DA:25,12
DA:27,4
DA:28,0
DA:29,0
DA:33,2
DA:34,2
DA:38,4
DA:39,2
DA:40,0
DA:41,0
DA:42,0
DA:45,2
DA:47,0
DA:49,2
DA:50,2
DA:51,1
DA:55,2
DA:58,3
DA:59,5
DA:60,1
DA:61,1
DA:65,6
DA:66,0
DA:67,0
DA:68,0
DA:71,3
DA:72,3
DA:73,3
DA:74,3
DA:75,3
DA:76,14
DA:78,6
DA:79,0
DA:80,0
DA:84,3
DA:85,3
DA:89,4
DA:90,2
DA:91,0
DA:92,0
DA:93,0
DA:96,2
DA:99,7
DA:100,1
DA:101,1
DA:105,2
DA:106,2
DA:110,6
DA:111,0
DA:112,0
DA:116,2
DA:117,2
DA:120,0
DA:122,2
DA:123,2
DA:124,1
DA:128,2
DA:131,5
DA:135,5
DA:136,10
DA:137,10
DA:138,10
DA:139,10
DA:140,10
DA:141,0
DA:142,0
DA:143,0
DA:146,10
DA:147,11
DA:148,10
DA:150,8
DA:151,4
DA:153,0
DA:154,0
DA:155,0
DA:160,2
DA:161,3
DA:162,0
DA:163,0
DA:164,0
DA:167,3
DA:168,0
DA:170,3
DA:171,3
DA:172,4
DA:173,3
DA:175,1
DA:176,1
DA:177,1
DA:181,1
DA:182,1
LF:102
LH:70
end_of_record
TN:
SF:/app/kukuri-tauri/src-tauri/src/domain/entities/event/validation/utils.rs
FN:1,is_hex_n
FN:5,is_ws_url
FNF:2
FNDA:3,is_hex_n
FNDA:4,is_ws_url
DA:1,3
DA:2,9
DA:5,4
DA:6,4
DA:7,11
LF:5
LH:5
end_of_record
TN:
SF:/app/kukuri-tauri/src-tauri/src/domain/entities/event_gateway/domain_event.rs
FN:15,EventTag::new
FN:23,EventTag::name
FN:27,EventTag::values
FN:31,EventTag::to_raw
FN:37,EventTag::into_raw
FN:45,<impl TryFrom for EventTag>::try_from
FN:56,<impl From for Vec<String>>::from
FN:77,DomainEvent::new
FN:98,DomainEvent::with_tags
FN:103,DomainEvent::signature
FN:107,DomainEvent::kind
FN:111,DomainEvent::to_event
FN:123,DomainEvent::validate_signature
FN:161,<impl TryFrom for DomainEvent>::try_from
FN:184,<impl From for Event>::from
FNF:15
FNDA:1,EventTag::new
FNDA:0,EventTag::name
FNDA:0,EventTag::values
FNDA:1,EventTag::to_raw
FNDA:0,EventTag::into_raw
FNDA:0,<impl TryFrom for EventTag>::try_from
FNDA:0,<impl From for Vec<String>>::from
FNDA:1,DomainEvent::new
FNDA:0,DomainEvent::with_tags
FNDA:0,DomainEvent::signature
FNDA:0,DomainEvent::kind
FNDA:1,DomainEvent::to_event
FNDA:1,DomainEvent::validate_signature
FNDA:0,<impl TryFrom for DomainEvent>::try_from
FNDA:0,<impl From for Event>::from
DA:15,1
DA:16,1
DA:17,2
DA:18,0
DA:20,1
DA:23,0
DA:24,0
DA:27,0
DA:28,0
DA:31,1
DA:32,3
DA:33,2
DA:37,0
DA:38,0
DA:45,0
DA:46,0
DA:47,0
DA:49,0
DA:50,0
DA:51,0
DA:56,0
DA:57,0
DA:77,1
DA:86,2
DA:87,1
DA:88,1
DA:89,1
DA:92,1
DA:93,1
DA:94,1
DA:98,0
DA:99,0
DA:100,0
DA:103,0
DA:104,0
DA:107,0
DA:108,0
DA:111,1
DA:113,1
DA:114,2
DA:115,1
DA:116,1
DA:117,1
DA:118,1
DA:119,1
DA:123,1
DA:124,1
DA:125,0
DA:127,3
DA:128,0
DA:130,1
DA:137,0
DA:138,0
DA:139,0
DA:140,0
DA:141,0
DA:147,0
DA:148,0
DA:150,0
DA:151,0
DA:152,0
DA:153,0
DA:161,0
DA:162,0
DA:163,0
DA:164,0
DA:165,0
DA:172,0
DA:173,0
DA:175,0
DA:176,0
DA:177,0
DA:178,0
DA:184,0
DA:185,0
LF:75
LH:27
end_of_record
TN:
SF:/app/kukuri-tauri/src-tauri/src/domain/entities/event_gateway/profile_metadata.rs
FN:13,RelayEndpoint::new
FN:18,RelayEndpoint::validate
FN:22,RelayEndpoint::validate_url
FN:64,ProfileMetadata::new
FN:92,ProfileMetadata::validate
FN:147,ProfileMetadata::validate_url_length
FN:158,ProfileMetadata::is_empty
FNF:7
FNDA:1,RelayEndpoint::new
FNDA:1,RelayEndpoint::validate
FNDA:1,RelayEndpoint::validate_url
FNDA:1,ProfileMetadata::new
FNDA:1,ProfileMetadata::validate
FNDA:0,ProfileMetadata::validate_url_length
FNDA:0,ProfileMetadata::is_empty
DA:13,1
DA:14,2
DA:15,2
DA:18,1
DA:19,1
DA:22,1
DA:23,1
DA:24,0
DA:26,4
DA:28,4
DA:29,2
DA:30,0
DA:64,1
DA:88,2
DA:89,1
DA:92,1
DA:93,1
DA:94,1
DA:95,0
DA:102,1
DA:103,0
DA:104,0
DA:111,1
DA:112,0
DA:113,0
DA:120,1
DA:121,0
DA:124,1
DA:125,0
DA:128,1
DA:129,0
DA:132,2
DA:133,1
DA:134,0
DA:139,2
DA:140,1
DA:144,1
DA:147,0
DA:148,0
DA:149,0
DA:155,0
DA:158,0
DA:159,0
DA:160,0
DA:161,0
DA:162,0
DA:163,0
DA:164,0
DA:165,0
DA:166,0
DA:167,0
DA:168,0
LF:52
LH:26
end_of_record
TN:
SF:/app/kukuri-tauri/src-tauri/src/domain/entities/offline/cache_status.rs
FN:26,CacheStatusSnapshot::new
FNF:1
FNDA:2,CacheStatusSnapshot::new
DA:26,2
LF:1
LH:1
end_of_record
TN:
SF:/app/kukuri-tauri/src-tauri/src/domain/entities/offline/commands.rs
FN:18,OfflineActionDraft::new
FN:42,OfflineActionFilter::new
FN:64,SyncQueueItemDraft::new
FN:87,OptimisticUpdateDraft::new
FN:113,SyncStatusUpdate::new
FNF:5
FNDA:2,OfflineActionDraft::new
FNDA:2,OfflineActionFilter::new
FNDA:2,SyncQueueItemDraft::new
FNDA:1,OptimisticUpdateDraft::new
FNDA:2,SyncStatusUpdate::new
DA:18,2
DA:42,2
DA:64,2
DA:87,1
DA:113,2
LF:5
LH:5
end_of_record
TN:
SF:/app/kukuri-tauri/src-tauri/src/domain/entities/offline/offline_action.rs
FN:25,OfflineActionRecord::new
FN:52,OfflineActionRecord::with_error_message
FN:57,OfflineActionRecord::mark_synced
FNF:3
FNDA:3,OfflineActionRecord::new
FNDA:0,OfflineActionRecord::with_error_message
FNDA:0,OfflineActionRecord::mark_synced
DA:25,3
DA:52,0
DA:53,0
DA:54,0
DA:57,0
DA:63,0
DA:64,0
DA:65,0
LF:8
LH:1
end_of_record
TN:
SF:/app/kukuri-tauri/src-tauri/src/domain/entities/offline/saved_action.rs
FN:12,SavedOfflineAction::new
FNF:1
FNDA:3,SavedOfflineAction::new
DA:12,3
LF:1
LH:1
end_of_record
TN:
SF:/app/kukuri-tauri/src-tauri/src/domain/entities/offline/sync_queue_item.rs
FN:23,SyncQueueItem::new
FNF:1
FNDA:3,SyncQueueItem::new
DA:23,3
LF:1
LH:1
end_of_record
TN:
SF:/app/kukuri-tauri/src-tauri/src/domain/entities/offline/sync_result.rs
FN:11,SyncResult::new
FNF:1
FNDA:1,SyncResult::new
DA:11,1
LF:1
LH:1
end_of_record
TN:
SF:/app/kukuri-tauri/src-tauri/src/domain/entities/pending_topic.rs
FN:15,PendingTopicStatus::as_str
FN:23,PendingTopicStatus::from_value
FN:48,PendingTopic::new
FN:74,PendingTopic::with_status
FNF:4
FNDA:0,PendingTopicStatus::as_str
FNDA:0,PendingTopicStatus::from_value
FNDA:0,PendingTopic::new
FNDA:0,PendingTopic::with_status
DA:15,0
DA:16,0
DA:17,0
DA:18,0
DA:19,0
DA:23,0
DA:25,0
DA:26,0
DA:27,0
DA:48,0
DA:74,0
DA:75,0
DA:76,0
DA:77,0
LF:14
LH:0
end_of_record
TN:
SF:/app/kukuri-tauri/src-tauri/src/domain/entities/post.rs
FN:27,Post::new
FN:52,Post::with_tags
FN:57,Post::mark_as_synced
FN:62,Post::add_reply
FN:66,Post::increment_likes
FN:70,Post::decrement_likes
FN:76,Post::increment_boosts
FN:81,Post::toggle_bookmark
FN:85,Post::new_with_id
FN:113,Post::mark_as_unsynced
FN:129,PostDraft::new
FN:141,PostDraft::update_content
FN:146,PostDraft::into_post
FNF:13
FNDA:2,Post::new
FNDA:0,Post::with_tags
FNDA:1,Post::mark_as_synced
FNDA:0,Post::add_reply
FNDA:0,Post::increment_likes
FNDA:0,Post::decrement_likes
FNDA:0,Post::increment_boosts
FNDA:0,Post::toggle_bookmark
FNDA:1,Post::new_with_id
FNDA:1,Post::mark_as_unsynced
FNDA:0,PostDraft::new
FNDA:0,PostDraft::update_content
FNDA:0,PostDraft::into_post
DA:27,2
DA:28,4
DA:29,2
DA:36,2
DA:37,2
DA:40,1
DA:47,2
DA:52,0
DA:53,0
DA:54,0
DA:57,1
DA:58,1
DA:59,2
DA:62,0
DA:63,0
DA:66,0
DA:67,0
DA:70,0
DA:71,0
DA:72,0
DA:76,0
DA:77,0
DA:78,0
DA:81,0
DA:82,0
DA:85,1
DA:98,2
DA:101,2
DA:113,1
DA:114,1
DA:129,0
DA:130,0
DA:132,0
DA:135,0
DA:141,0
DA:142,0
DA:143,0
DA:146,0
DA:147,0
LF:39
LH:15
end_of_record
TN:
SF:/app/kukuri-tauri/src-tauri/src/domain/entities/profile_avatar.rs
FN:17,ProfileAvatarAccessLevel::as_str
FN:29,<impl FromStr for ProfileAvatarAccessLevel>::from_str
FNF:2
FNDA:2,ProfileAvatarAccessLevel::as_str
FNDA:2,<impl FromStr for ProfileAvatarAccessLevel>::from_str
DA:17,2
DA:18,2
DA:19,1
DA:20,1
DA:21,0
DA:29,2
DA:31,3
DA:32,2
DA:33,0
DA:34,0
LF:10
LH:7
end_of_record
TN:
SF:/app/kukuri-tauri/src-tauri/src/domain/entities/topic.rs
FN:13,TopicVisibility::as_str
FN:37,Topic::new
FN:54,Topic::public_topic
FN:71,Topic::join
FN:77,Topic::leave
FN:85,Topic::increment_post_count
FN:90,Topic::decrement_post_count
FN:97,Topic::update_description
FN:102,Topic::set_owner
FN:107,Topic::new_with_id
FN:140,TopicStats::new
FNF:11
FNDA:0,TopicVisibility::as_str
FNDA:1,Topic::new
FNDA:0,Topic::public_topic
FNDA:0,Topic::join
FNDA:0,Topic::leave
FNDA:0,Topic::increment_post_count
FNDA:0,Topic::decrement_post_count
FNDA:0,Topic::update_description
FNDA:0,Topic::set_owner
FNDA:0,Topic::new_with_id
FNDA:0,TopicStats::new
DA:13,0
DA:14,0
DA:15,0
DA:16,0
DA:37,1
DA:38,1
DA:40,1
DA:54,0
DA:55,0
DA:57,0
DA:58,0
DA:59,0
DA:71,0
DA:72,0
DA:73,0
DA:74,0
DA:77,0
DA:78,0
DA:79,0
DA:80,0
DA:82,0
DA:85,0
DA:86,0
DA:87,0
DA:90,0
DA:91,0
DA:92,0
DA:93,0
DA:97,0
DA:98,0
DA:99,0
DA:102,0
DA:103,0
DA:104,0
DA:107,0
DA:116,0
DA:140,0
LF:37
LH:3
end_of_record
TN:
SF:/app/kukuri-tauri/src-tauri/src/domain/entities/topic_metrics.rs
FN:10,MetricsWindow::new
FN:14,MetricsWindow::duration_millis
FN:27,<impl Default for ScoreWeights>::default
FN:37,ScoreWeights::score
FN:56,TopicActivityRow::empty
FNF:5
FNDA:0,MetricsWindow::new
FNDA:0,MetricsWindow::duration_millis
FNDA:1,<impl Default for ScoreWeights>::default
FNDA:0,ScoreWeights::score
FNDA:0,TopicActivityRow::empty
DA:10,0
DA:14,0
DA:15,0
DA:27,1
DA:37,0
DA:38,0
DA:39,0
DA:40,0
DA:56,0
DA:58,0
LF:10
LH:1
end_of_record
TN:
SF:/app/kukuri-tauri/src-tauri/src/domain/entities/user.rs
FN:27,User::new
FN:47,User::with_profile
FN:60,User::update_metadata
FN:88,User::pubkey
FN:92,User::npub
FN:96,User::from_pubkey
FN:107,User::new_with_profile
FNF:7
FNDA:2,User::new
FNDA:0,User::with_profile
FNDA:1,User::update_metadata
FNDA:2,User::pubkey
FNDA:2,User::npub
FNDA:1,User::from_pubkey
FNDA:2,User::new_with_profile
DA:27,2
DA:28,2
DA:32,2
DA:47,0
DA:53,0
DA:54,0
DA:55,0
DA:56,0
DA:57,0
DA:60,1
DA:61,2
DA:62,1
DA:64,3
DA:65,1
DA:67,3
DA:68,1
DA:70,1
DA:71,0
DA:73,1
DA:74,0
DA:76,1
DA:77,0
DA:79,1
DA:80,0
DA:82,1
DA:83,0
DA:85,1
DA:88,2
DA:89,2
DA:92,2
DA:93,2
DA:96,1
DA:99,1
DA:101,0
DA:102,2
DA:104,1
DA:107,2
DA:108,2
DA:109,3
DA:110,2
LF:40
LH:28
end_of_record
TN:
SF:/app/kukuri-tauri/src-tauri/src/domain/p2p/distribution.rs
FN:16,DistributionMetrics::record_attempt
FNF:1
FNDA:4,DistributionMetrics::record_attempt
DA:16,4
LF:1
LH:1
end_of_record
TN:
SF:/app/kukuri-tauri/src-tauri/src/domain/p2p/message.rs
FN:51,GossipMessage::new
FN:66,GossipMessage::to_signing_bytes
FN:77,GossipMessage::from_bytes
FN:84,GossipMessage::to_bytes
FN:90,GossipMessage::sign
FN:113,GossipMessage::verify_signature
FN:147,generate_topic_id
FN:151,generate_topic_id_with_visibility
FN:171,topic_id_bytes
FN:187,is_hashed_topic_id
FN:193,hash_topic_id
FN:206,user_topic_id
FN:210,generate_message_id
FNF:13
FNDA:1,GossipMessage::new
FNDA:1,GossipMessage::to_signing_bytes
FNDA:1,GossipMessage::from_bytes
FNDA:1,GossipMessage::to_bytes
FNDA:1,GossipMessage::sign
FNDA:1,GossipMessage::verify_signature
FNDA:1,generate_topic_id
FNDA:1,generate_topic_id_with_visibility
FNDA:1,topic_id_bytes
FNDA:1,is_hashed_topic_id
FNDA:1,hash_topic_id
FNDA:1,user_topic_id
FNDA:1,generate_message_id
DA:51,1
DA:52,1
DA:53,1
DA:61,1
DA:66,1
DA:67,1
DA:68,1
DA:69,1
DA:70,1
DA:71,1
DA:73,1
DA:77,1
DA:78,1
DA:79,2
DA:80,0
DA:84,1
DA:85,1
DA:86,0
DA:90,1
DA:91,1
DA:94,1
DA:95,1
DA:96,1
DA:99,1
DA:102,1
DA:103,1
DA:106,1
DA:107,1
DA:109,1
DA:113,1
DA:114,1
DA:115,0
DA:119,1
DA:123,2
DA:124,0
DA:127,1
DA:128,2
DA:129,1
DA:132,1
DA:133,1
DA:134,1
DA:137,1
DA:140,1
DA:147,1
DA:148,1
DA:151,1
DA:152,1
DA:153,2
DA:154,1
DA:156,1
DA:157,3
DA:158,1
DA:160,2
DA:164,2
DA:165,0
DA:168,2
DA:171,1
DA:172,1
DA:173,4
DA:174,1
DA:175,2
DA:176,1
DA:177,1
DA:178,1
DA:184,0
DA:187,1
DA:188,1
DA:190,2
DA:193,1
DA:194,1
DA:195,2
DA:196,1
DA:198,1
DA:206,1
DA:207,1
DA:210,1
DA:211,1
DA:212,1
DA:213,1
DA:214,1
DA:215,1
DA:216,1
DA:217,1
DA:218,1
LF:84
LH:78
end_of_record
TN:
SF:/app/kukuri-tauri/src-tauri/src/domain/p2p/topic_mesh.rs
FN:30,TopicMesh::new
FN:42,TopicMesh::handle_message
FN:63,TopicMesh::update_peer_status
FN:73,TopicMesh::is_duplicate
FN:79,TopicMesh::get_stats
FN:97,TopicMesh::subscribe
FN:132,TopicMesh::unsubscribe
FN:137,TopicMesh::notify_subscribers
FN:170,TopicMesh::replay_recent_messages
FN:205,TopicMesh::subscriber_count
FNF:10
FNDA:1,TopicMesh::new
FNDA:8,TopicMesh::handle_message
FNDA:4,TopicMesh::update_peer_status
FNDA:6,TopicMesh::is_duplicate
FNDA:4,TopicMesh::get_stats
FNDA:4,TopicMesh::subscribe
FNDA:4,TopicMesh::unsubscribe
FNDA:12,TopicMesh::notify_subscribers
FNDA:1,TopicMesh::replay_recent_messages
FNDA:4,TopicMesh::subscriber_count
DA:30,1
DA:31,2
DA:34,1
DA:35,4
DA:36,4
DA:37,4
DA:42,8
DA:44,5
DA:45,1
DA:49,6
DA:50,6
DA:53,6
DA:54,6
DA:55,3
DA:57,3
DA:59,1
DA:63,4
DA:64,2
DA:65,3
DA:66,2
DA:68,2
DA:73,6
DA:74,5
DA:75,3
DA:79,4
DA:80,2
DA:81,2
DA:83,2
DA:85,2
DA:90,1
DA:91,1
DA:97,4
DA:98,2
DA:99,2
DA:102,1
DA:103,3
DA:108,3
DA:109,2
DA:110,3
DA:111,2
DA:112,1
DA:117,7
DA:118,1
DA:119,5
DA:122,0
DA:132,4
DA:133,2
DA:134,2
DA:137,12
DA:138,4
DA:139,4
DA:143,2
DA:145,2
DA:147,1
DA:149,1
DA:150,4
DA:151,4
DA:152,1
DA:153,0
DA:154,0
DA:155,0
DA:158,2
DA:162,2
DA:163,2
DA:164,4
DA:165,2
DA:170,1
DA:175,1
DA:176,0
DA:180,3
DA:181,5
DA:182,2
DA:183,1
DA:186,4
DA:187,1
DA:188,1
DA:189,1
DA:192,3
DA:193,4
DA:195,0
DA:201,1
DA:205,4
DA:206,2
DA:207,2
LF:84
LH:78
end_of_record
TN:
SF:/app/kukuri-tauri/src-tauri/src/domain/value_objects/bookmark/bookmark_id.rs
FN:10,BookmarkId::new
FN:19,BookmarkId::random
FN:24,BookmarkId::as_str
FN:30,<impl Display for BookmarkId>::fmt
FN:36,<impl From for String>::from
FNF:5
FNDA:1,BookmarkId::new
FNDA:1,BookmarkId::random
FNDA:1,BookmarkId::as_str
FNDA:0,<impl Display for BookmarkId>::fmt
FNDA:0,<impl From for String>::from
DA:10,1
DA:11,2
DA:12,0
DA:14,2
DA:15,1
DA:19,1
DA:20,1
DA:24,1
DA:25,1
DA:30,0
DA:31,0
DA:36,0
DA:37,0
LF:13
LH:8
end_of_record
TN:
SF:/app/kukuri-tauri/src-tauri/src/domain/value_objects/encrypted_post.rs
FN:15,EncryptedPostPayload::new
FNF:1
FNDA:1,EncryptedPostPayload::new
DA:15,1
DA:17,1
DA:29,1
DA:30,2
DA:31,2
DA:32,1
DA:34,0
LF:7
LH:6
end_of_record
TN:
SF:/app/kukuri-tauri/src-tauri/src/domain/value_objects/event_gateway/public_key.rs
FN:10,PublicKey::new
FN:16,PublicKey::from_hex_str
FN:22,PublicKey::as_hex
FN:26,PublicKey::validate
FN:38,<impl Display for PublicKey>::fmt
FN:44,<impl From for String>::from
FN:52,<impl TryFrom for PublicKey>::try_from
FNF:7
FNDA:0,PublicKey::new
FNDA:2,PublicKey::from_hex_str
FNDA:2,PublicKey::as_hex
FNDA:2,PublicKey::validate
FNDA:0,<impl Display for PublicKey>::fmt
FNDA:0,<impl From for String>::from
FNDA:0,<impl TryFrom for PublicKey>::try_from
DA:10,0
DA:11,0
DA:12,0
DA:16,2
DA:17,2
DA:18,2
DA:22,2
DA:23,2
DA:26,2
DA:27,2
DA:28,0
DA:30,6
DA:31,0
DA:33,2
DA:38,0
DA:39,0
DA:44,0
DA:45,0
DA:52,0
DA:53,0
LF:20
LH:9
end_of_record
TN:
SF:/app/kukuri-tauri/src-tauri/src/domain/value_objects/event_gateway/reaction_value.rs
FN:11,ReactionValue::new
FN:16,ReactionValue::parse
FN:21,ReactionValue::as_str
FN:25,ReactionValue::validate
FN:40,<impl Display for ReactionValue>::fmt
FN:46,<impl From for String>::from
FN:54,<impl TryFrom for ReactionValue>::try_from
FN:62,<impl FromStr for ReactionValue>::from_str
FNF:8
FNDA:0,ReactionValue::new
FNDA:0,ReactionValue::parse
FNDA:0,ReactionValue::as_str
FNDA:0,ReactionValue::validate
FNDA:0,<impl Display for ReactionValue>::fmt
FNDA:0,<impl From for String>::from
FNDA:0,<impl TryFrom for ReactionValue>::try_from
FNDA:0,<impl FromStr for ReactionValue>::from_str
DA:11,0
DA:12,0
DA:13,0
DA:16,0
DA:17,0
DA:18,0
DA:21,0
DA:22,0
DA:25,0
DA:26,0
DA:27,0
DA:29,0
DA:30,0
DA:35,0
DA:40,0
DA:41,0
DA:46,0
DA:47,0
DA:54,0
DA:55,0
DA:62,0
DA:63,0
LF:22
LH:0
end_of_record
TN:
SF:/app/kukuri-tauri/src-tauri/src/domain/value_objects/event_gateway/topic_content.rs
FN:11,TopicContent::new
FN:16,TopicContent::parse
FN:21,TopicContent::as_str
FN:25,TopicContent::into_string
FN:29,TopicContent::validate
FN:44,<impl Display for TopicContent>::fmt
FN:50,<impl From for String>::from
FN:58,<impl TryFrom for TopicContent>::try_from
FN:66,<impl FromStr for TopicContent>::from_str
FNF:9
FNDA:0,TopicContent::new
FNDA:0,TopicContent::parse
FNDA:0,TopicContent::as_str
FNDA:0,TopicContent::into_string
FNDA:0,TopicContent::validate
FNDA:0,<impl Display for TopicContent>::fmt
FNDA:0,<impl From for String>::from
FNDA:0,<impl TryFrom for TopicContent>::try_from
FNDA:0,<impl FromStr for TopicContent>::from_str
DA:11,0
DA:12,0
DA:13,0
DA:16,0
DA:17,0
DA:18,0
DA:21,0
DA:22,0
DA:25,0
DA:26,0
DA:29,0
DA:30,0
DA:31,0
DA:33,0
DA:34,0
DA:39,0
DA:44,0
DA:45,0
DA:50,0
DA:51,0
DA:58,0
DA:59,0
DA:66,0
DA:67,0
LF:24
LH:0
end_of_record
TN:
SF:/app/kukuri-tauri/src-tauri/src/domain/value_objects/event_id.rs
FN:8,EventId::new
FN:19,EventId::generate
FN:26,EventId::as_str
FN:30,EventId::from_hex
FN:34,EventId::to_hex
FN:40,<impl Display for EventId>::fmt
FN:46,<impl From for String>::from
FNF:7
FNDA:2,EventId::new
FNDA:1,EventId::generate
FNDA:1,EventId::as_str
FNDA:2,EventId::from_hex
FNDA:2,EventId::to_hex
FNDA:1,<impl Display for EventId>::fmt
FNDA:0,<impl From for String>::from
DA:8,2
DA:9,4
DA:10,0
DA:13,10
DA:14,0
DA:16,2
DA:19,1
DA:21,1
DA:22,1
DA:23,1
DA:26,1
DA:27,1
DA:30,2
DA:31,2
DA:34,2
DA:35,2
DA:40,1
DA:41,1
DA:46,0
DA:47,0
LF:20
LH:16
end_of_record
TN:
SF:/app/kukuri-tauri/src-tauri/src/domain/value_objects/keychain.rs
FN:17,KeyMaterialRecord::new
FN:27,KeyMaterialRecord::touch
FN:41,<impl Default for KeyMaterialLedger>::default
FN:51,KeyMaterialLedger::upsert
FN:56,KeyMaterialLedger::remove
FN:64,KeyMaterialLedger::touch_current
FNF:6
FNDA:0,KeyMaterialRecord::new
FNDA:0,KeyMaterialRecord::touch
FNDA:0,<impl Default for KeyMaterialLedger>::default
FNDA:0,KeyMaterialLedger::upsert
FNDA:0,KeyMaterialLedger::remove
FNDA:0,KeyMaterialLedger::touch_current
DA:17,0
DA:18,0
DA:27,0
DA:28,0
DA:41,0
DA:44,0
DA:51,0
DA:52,0
DA:53,0
DA:56,0
DA:57,0
DA:58,0
DA:59,0
DA:64,0
DA:65,0
DA:66,0
DA:67,0
LF:17
LH:0
end_of_record
TN:
SF:/app/kukuri-tauri/src-tauri/src/domain/value_objects/npub.rs
FN:8,Npub::new
FN:18,Npub::as_str
FN:22,Npub::to_pubkey
FN:30,<impl Display for Npub>::fmt
FN:36,<impl From for String>::from
FNF:5
FNDA:0,Npub::new
FNDA:0,Npub::as_str
FNDA:0,Npub::to_pubkey
FNDA:0,<impl Display for Npub>::fmt
FNDA:0,<impl From for String>::from
DA:8,0
DA:9,0
DA:10,0
DA:12,0
DA:13,0
DA:15,0
DA:18,0
DA:19,0
DA:22,0
DA:25,0
DA:30,0
DA:31,0
DA:36,0
DA:37,0
LF:14
LH:0
end_of_record
TN:
SF:/app/kukuri-tauri/src-tauri/src/domain/value_objects/offline/action_id.rs
FN:9,OfflineActionId::new
FN:14,OfflineActionId::parse
FN:19,OfflineActionId::as_str
FN:23,OfflineActionId::validate
FN:32,<impl Display for OfflineActionId>::fmt
FN:38,<impl From for String>::from
FN:46,<impl FromStr for OfflineActionId>::from_str
FNF:7
FNDA:0,OfflineActionId::new
FNDA:3,OfflineActionId::parse
FNDA:1,OfflineActionId::as_str
FNDA:3,OfflineActionId::validate
FNDA:4,<impl Display for OfflineActionId>::fmt
FNDA:0,<impl From for String>::from
FNDA:0,<impl FromStr for OfflineActionId>::from_str
DA:9,0
DA:10,0
DA:11,0
DA:14,3
DA:15,3
DA:16,3
DA:19,1
DA:20,1
DA:23,3
DA:24,3
DA:25,0
DA:27,3
DA:32,4
DA:33,4
DA:38,0
DA:39,0
DA:46,0
DA:47,0
LF:18
LH:10
end_of_record
TN:
SF:/app/kukuri-tauri/src-tauri/src/domain/value_objects/offline/action_type.rs
FN:9,OfflineActionType::new
FN:14,OfflineActionType::as_str
FN:18,OfflineActionType::validate
FN:27,<impl Display for OfflineActionType>::fmt
FN:33,<impl From for String>::from
FNF:5
FNDA:2,OfflineActionType::new
FNDA:2,OfflineActionType::as_str
FNDA:2,OfflineActionType::validate
FNDA:0,<impl Display for OfflineActionType>::fmt
FNDA:0,<impl From for String>::from
DA:9,2
DA:10,4
DA:11,2
DA:14,2
DA:15,2
DA:18,2
DA:19,2
DA:20,0
DA:22,2
DA:27,0
DA:28,0
DA:33,0
DA:34,0
LF:13
LH:8
end_of_record
TN:
SF:/app/kukuri-tauri/src-tauri/src/domain/value_objects/offline/cache_key.rs
FN:8,CacheKey::new
[...]
FNDA:0,EventHandler::initialize_nostr
FNDA:0,EventHandler::publish_text_note
FNDA:0,EventHandler::publish_topic_post
FNDA:0,EventHandler::send_reaction
FNDA:0,EventHandler::update_metadata
FNDA:0,EventHandler::subscribe_to_topic
FNDA:0,EventHandler::subscribe_to_user
FNDA:0,EventHandler::disconnect_nostr
FNDA:0,EventHandler::list_subscriptions
DA:20,0
DA:33,0
DA:34,0
DA:37,0
DA:38,0
DA:40,0
DA:42,0
DA:45,0
DA:46,0
DA:47,0
DA:48,0
DA:50,0
DA:51,0
DA:55,0
DA:59,0
DA:61,0
DA:63,0
DA:64,0
DA:66,0
DA:67,0
DA:69,0
DA:74,0
DA:78,0
DA:80,0
DA:83,0
DA:84,0
DA:85,0
DA:86,0
DA:87,0
DA:89,0
DA:91,0
DA:92,0
DA:94,0
DA:99,0
DA:103,0
DA:105,0
DA:107,0
DA:108,0
DA:110,0
DA:111,0
DA:113,0
DA:118,0
DA:122,0
DA:125,0
DA:126,0
DA:127,0
DA:128,0
DA:129,0
DA:130,0
DA:131,0
DA:132,0
DA:133,0
DA:134,0
DA:137,0
DA:139,0
DA:140,0
DA:142,0
DA:147,0
DA:151,0
DA:153,0
DA:154,0
DA:155,0
DA:157,0
DA:161,0
DA:162,0
DA:163,0
DA:164,0
DA:165,0
DA:169,0
DA:171,0
DA:175,0
DA:176,0
DA:178,0
DA:182,0
DA:183,0
DA:184,0
DA:186,0
LF:77
LH:0
end_of_record
TN:
SF:/app/kukuri-tauri/src-tauri/src/presentation/handlers/offline_handler.rs
FN:31,OfflineHandler::new
FN:34,OfflineHandler::save_offline_action
FN:57,OfflineHandler::get_offline_actions
FN:79,OfflineHandler::sync_offline_actions
FN:98,OfflineHandler::get_cache_status
FN:103,OfflineHandler::add_to_sync_queue
FN:143,OfflineHandler::list_sync_queue_items
FN:168,OfflineHandler::update_cache_metadata
FN:202,OfflineHandler::save_optimistic_update
FN:222,OfflineHandler::confirm_optimistic_update
FN:237,OfflineHandler::rollback_optimistic_update
FN:260,OfflineHandler::cleanup_expired_cache
FN:267,OfflineHandler::update_sync_status
FN:286,parse_public_key
FN:291,parse_action_type
FN:296,parse_entity_type
FN:301,parse_entity_id
FN:306,parse_payload
FN:311,parse_optional_payload
FN:325,OfflineHandler::record_sync_queue_metadata
FN:382,map_action_record
FN:399,map_sync_queue_item
FN:416,map_cache_status
FN:449,map_sync_status
FNF:24
FNDA:1,OfflineHandler::new
FNDA:0,OfflineHandler::save_offline_action
FNDA:0,OfflineHandler::get_offline_actions
FNDA:0,OfflineHandler::sync_offline_actions
FNDA:4,OfflineHandler::get_cache_status
FNDA:4,OfflineHandler::add_to_sync_queue
FNDA:1,OfflineHandler::list_sync_queue_items
FNDA:1,OfflineHandler::update_cache_metadata
FNDA:0,OfflineHandler::save_optimistic_update
FNDA:0,OfflineHandler::confirm_optimistic_update
FNDA:0,OfflineHandler::rollback_optimistic_update
FNDA:0,OfflineHandler::cleanup_expired_cache
FNDA:0,OfflineHandler::update_sync_status
FNDA:0,parse_public_key
FNDA:1,parse_action_type
FNDA:0,parse_entity_type
FNDA:0,parse_entity_id
FNDA:0,parse_payload
FNDA:0,parse_optional_payload
FNDA:1,OfflineHandler::record_sync_queue_metadata
FNDA:0,map_action_record
FNDA:1,map_sync_queue_item
FNDA:1,map_cache_status
FNDA:0,map_sync_status
DA:31,1
DA:34,0
DA:38,0
DA:41,0
DA:42,0
DA:43,0
DA:44,0
DA:45,0
DA:48,0
DA:49,0
DA:51,0
DA:52,0
DA:53,0
DA:57,0
DA:61,0
DA:64,0
DA:68,0
DA:69,0
DA:72,0
DA:73,0
DA:79,0
DA:83,0
DA:85,0
DA:86,0
DA:88,0
DA:89,0
DA:90,0
DA:91,0
DA:92,0
DA:93,0
DA:94,0
DA:98,4
DA:99,3
DA:100,1
DA:103,4
DA:104,2
DA:107,2
DA:108,5
DA:109,2
DA:110,4
DA:112,1
DA:113,1
DA:114,0
DA:115,0
DA:120,0
DA:122,3
DA:124,2
DA:127,2
DA:129,6
DA:130,2
DA:131,4
DA:133,0
DA:140,2
DA:143,1
DA:147,2
DA:148,2
DA:150,1
DA:151,1
DA:152,0
DA:153,0
DA:154,0
DA:160,3
DA:162,2
DA:168,1
DA:172,2
DA:175,5
DA:177,5
DA:179,1
DA:180,1
DA:181,2
DA:193,1
DA:194,1
DA:195,1
DA:198,3
DA:199,2
DA:202,0
DA:206,0
DA:209,0
DA:210,0
DA:211,0
DA:212,0
DA:213,0
DA:215,0
DA:218,0
DA:219,0
DA:222,0
DA:223,0
DA:224,0
DA:225,0
DA:226,0
DA:230,0
DA:231,0
DA:232,0
DA:234,0
DA:237,0
DA:241,0
DA:242,0
DA:243,0
DA:244,0
DA:248,0
DA:249,0
DA:250,0
DA:252,0
DA:253,0
DA:255,0
DA:257,0
DA:260,0
DA:261,0
DA:262,0
DA:264,0
DA:267,0
DA:271,0
DA:274,0
DA:275,0
DA:276,0
DA:277,0
DA:278,0
DA:281,0
DA:282,0
DA:286,0
DA:287,0
DA:288,0
DA:291,1
DA:292,2
DA:293,2
DA:296,0
DA:297,0
DA:298,0
DA:301,0
DA:302,0
DA:303,0
DA:306,0
DA:307,0
DA:308,0
DA:311,0
DA:312,0
DA:313,0
DA:314,0
DA:316,0
DA:317,0
DA:318,0
DA:320,0
DA:325,1
DA:331,5
DA:332,2
DA:333,5
DA:334,2
DA:338,2
DA:340,2
DA:341,2
DA:342,2
DA:344,5
DA:347,4
DA:348,5
DA:349,2
DA:352,2
DA:354,2
DA:355,2
DA:356,2
DA:358,2
DA:359,2
DA:360,3
DA:361,2
DA:363,2
DA:364,2
DA:365,2
DA:370,1
DA:371,2
DA:372,1
DA:378,3
DA:382,0
DA:383,0
DA:384,0
DA:385,0
DA:386,0
DA:387,0
DA:388,0
DA:389,0
DA:390,0
DA:391,0
DA:392,0
DA:393,0
DA:394,0
DA:395,0
DA:399,1
DA:400,1
DA:401,1
DA:402,1
DA:403,2
DA:404,2
DA:405,0
DA:406,2
DA:407,0
DA:408,1
DA:409,1
DA:410,1
DA:411,1
DA:412,2
DA:416,1
DA:417,1
DA:420,1
DA:421,2
DA:422,1
DA:423,2
DA:424,0
DA:426,3
DA:427,1
DA:428,1
DA:429,1
DA:430,1
DA:431,1
DA:436,1
DA:437,2
DA:440,0
DA:441,2
DA:444,0
DA:445,1
DA:449,0
DA:451,0
DA:452,0
DA:453,0
DA:454,0
DA:455,0
DA:456,0
LF:224
LH:97
end_of_record
TN:
SF:/app/kukuri-tauri/src-tauri/src/presentation/handlers/p2p_handler.rs
FN:15,P2PHandler::new
FN:20,P2PHandler::initialize_p2p
FN:25,P2PHandler::join_topic
FN:34,P2PHandler::leave_topic
FN:41,P2PHandler::broadcast_to_topic
FN:50,P2PHandler::get_p2p_status
FN:90,P2PHandler::get_node_address
FN:96,P2PHandler::apply_bootstrap_nodes
FNF:8
FNDA:0,P2PHandler::new
FNDA:0,P2PHandler::initialize_p2p
FNDA:0,P2PHandler::join_topic
FNDA:0,P2PHandler::leave_topic
FNDA:0,P2PHandler::broadcast_to_topic
FNDA:0,P2PHandler::get_p2p_status
FNDA:0,P2PHandler::get_node_address
FNDA:0,P2PHandler::apply_bootstrap_nodes
DA:15,0
DA:20,0
DA:21,0
DA:25,0
DA:26,0
DA:28,0
DA:29,0
DA:30,0
DA:34,0
DA:35,0
DA:37,0
DA:41,0
DA:42,0
DA:44,0
DA:45,0
DA:46,0
DA:50,0
DA:51,0
DA:53,0
DA:54,0
DA:55,0
DA:56,0
DA:57,0
DA:58,0
DA:59,0
DA:63,0
DA:65,0
DA:66,0
DA:67,0
DA:68,0
DA:69,0
DA:73,0
DA:75,0
DA:76,0
DA:77,0
DA:79,0
DA:80,0
DA:81,0
DA:82,0
DA:83,0
DA:84,0
DA:90,0
DA:91,0
DA:93,0
DA:96,0
DA:101,0
LF:46
LH:0
end_of_record
TN:
SF:/app/kukuri-tauri/src-tauri/src/presentation/handlers/post_handler.rs
FN:26,PostHandler::map_post
FN:58,PostHandler::map_posts
FN:63,PostHandler::new
FN:75,PostHandler::create_post
FN:100,PostHandler::get_posts
FN:121,PostHandler::delete_post
FN:128,PostHandler::react_to_post
FN:137,PostHandler::bookmark_post
FN:150,PostHandler::unbookmark_post
FN:164,PostHandler::get_bookmarked_post_ids
FN:175,PostHandler::list_trending_posts
FN:212,PostHandler::list_following_feed
FNF:12
FNDA:0,PostHandler::map_post
FNDA:0,PostHandler::map_posts
FNDA:0,PostHandler::new
FNDA:0,PostHandler::create_post
FNDA:0,PostHandler::get_posts
FNDA:0,PostHandler::delete_post
FNDA:0,PostHandler::react_to_post
FNDA:0,PostHandler::bookmark_post
FNDA:0,PostHandler::unbookmark_post
FNDA:0,PostHandler::get_bookmarked_post_ids
FNDA:0,PostHandler::list_trending_posts
FNDA:0,PostHandler::list_following_feed
DA:26,0
DA:27,0
DA:28,0
DA:29,0
DA:30,0
DA:32,0
DA:34,0
DA:35,0
DA:38,0
DA:39,0
DA:42,0
DA:43,0
DA:44,0
DA:46,0
DA:47,0
DA:48,0
DA:49,0
DA:50,0
DA:51,0
DA:52,0
DA:53,0
DA:54,0
DA:58,0
DA:59,0
DA:60,0
DA:63,0
DA:75,0
DA:77,0
DA:80,0
DA:82,0
DA:86,0
DA:89,0
DA:90,0
DA:91,0
DA:92,0
DA:94,0
DA:97,0
DA:100,0
DA:101,0
DA:103,0
DA:104,0
DA:105,0
DA:106,0
DA:107,0
DA:108,0
DA:109,0
DA:110,0
DA:112,0
DA:113,0
DA:114,0
DA:117,0
DA:118,0
DA:121,0
DA:122,0
DA:124,0
DA:125,0
DA:128,0
DA:129,0
DA:131,0
DA:132,0
DA:133,0
DA:134,0
DA:137,0
DA:142,0
DA:144,0
DA:145,0
DA:146,0
DA:147,0
DA:150,0
DA:155,0
DA:157,0
DA:158,0
DA:159,0
DA:160,0
DA:164,0
DA:168,0
DA:171,0
DA:172,0
DA:175,0
DA:179,0
DA:181,0
DA:182,0
DA:184,0
DA:185,0
DA:186,0
DA:188,0
DA:189,0
DA:190,0
DA:191,0
DA:192,0
DA:193,0
DA:194,0
DA:195,0
DA:200,0
DA:203,0
DA:204,0
DA:206,0
DA:208,0
DA:212,0
DA:217,0
DA:219,0
DA:220,0
DA:221,0
DA:223,0
DA:224,0
DA:225,0
DA:227,0
DA:229,0
DA:230,0
DA:231,0
LF:110
LH:0
end_of_record
TN:
SF:/app/kukuri-tauri/src-tauri/src/presentation/handlers/secure_storage_handler.rs
FN:20,<impl Validate for AddAccountRequest>::validate
FN:60,SecureStorageHandler::new
FN:67,SecureStorageHandler::add_account
FN:99,SecureStorageHandler::list_accounts
FN:103,SecureStorageHandler::switch_account
FN:122,SecureStorageHandler::remove_account
FN:126,SecureStorageHandler::get_current_account
FN:141,SecureStorageHandler::secure_login
FNF:8
FNDA:0,<impl Validate for AddAccountRequest>::validate
FNDA:0,SecureStorageHandler::new
FNDA:0,SecureStorageHandler::add_account
FNDA:0,SecureStorageHandler::list_accounts
FNDA:0,SecureStorageHandler::switch_account
FNDA:0,SecureStorageHandler::remove_account
FNDA:0,SecureStorageHandler::get_current_account
FNDA:0,SecureStorageHandler::secure_login
DA:20,0
DA:21,0
DA:22,0
DA:24,0
DA:25,0
DA:27,0
DA:28,0
DA:30,0
DA:60,0
DA:67,0
DA:71,0
DA:73,0
DA:74,0
DA:75,0
DA:76,0
DA:80,0
DA:84,0
DA:86,0
DA:91,0
DA:93,0
DA:94,0
DA:95,0
DA:99,0
DA:100,0
DA:103,0
DA:105,0
DA:108,0
DA:110,0
DA:111,0
DA:112,0
DA:114,0
DA:116,0
DA:117,0
DA:118,0
DA:122,0
DA:123,0
DA:126,0
DA:127,0
DA:128,0
DA:130,0
DA:131,0
DA:132,0
DA:133,0
DA:134,0
DA:137,0
DA:141,0
DA:143,0
DA:145,0
DA:146,0
DA:147,0
DA:150,0
DA:153,0
DA:155,0
DA:157,0
DA:158,0
LF:55
LH:0
end_of_record
TN:
SF:/app/kukuri-tauri/src-tauri/src/presentation/handlers/topic_handler.rs
FN:25,TopicHandler::new
FN:29,TopicHandler::create_topic
FN:64,TopicHandler::enqueue_topic_creation
FN:86,TopicHandler::list_pending_topics
FN:94,TopicHandler::mark_pending_topic_synced
FN:126,TopicHandler::mark_pending_topic_failed
FN:158,TopicHandler::update_topic
FN:201,TopicHandler::delete_topic
FN:208,TopicHandler::get_all_topics
FN:234,TopicHandler::join_topic
FN:247,TopicHandler::leave_topic
FN:260,TopicHandler::get_topic_stats
FN:287,TopicHandler::list_trending_topics
FN:319,map_pending_topic
FNF:14
FNDA:0,TopicHandler::new
FNDA:0,TopicHandler::create_topic
FNDA:0,TopicHandler::enqueue_topic_creation
FNDA:0,TopicHandler::list_pending_topics
FNDA:0,TopicHandler::mark_pending_topic_synced
FNDA:0,TopicHandler::mark_pending_topic_failed
FNDA:0,TopicHandler::update_topic
FNDA:0,TopicHandler::delete_topic
FNDA:0,TopicHandler::get_all_topics
FNDA:0,TopicHandler::join_topic
FNDA:0,TopicHandler::leave_topic
FNDA:0,TopicHandler::get_topic_stats
FNDA:0,TopicHandler::list_trending_topics
FNDA:0,map_pending_topic
DA:25,0
DA:29,0
DA:34,0
DA:36,0
DA:37,0
DA:38,0
DA:40,0
DA:43,0
DA:44,0
DA:48,0
DA:50,0
DA:51,0
DA:52,0
DA:53,0
DA:54,0
DA:55,0
DA:56,0
DA:57,0
DA:58,0
DA:59,0
DA:60,0
DA:64,0
DA:69,0
DA:71,0
DA:72,0
DA:73,0
DA:75,0
DA:77,0
DA:78,0
DA:80,0
DA:81,0
DA:82,0
DA:86,0
DA:90,0
DA:91,0
DA:94,0
DA:99,0
DA:101,0
DA:103,0
DA:104,0
DA:105,0
DA:107,0
DA:108,0
DA:109,0
DA:113,0
DA:114,0
DA:115,0
DA:117,0
DA:119,0
DA:120,0
DA:121,0
DA:123,0
DA:126,0
DA:131,0
DA:133,0
DA:135,0
DA:136,0
DA:137,0
DA:139,0
DA:140,0
DA:141,0
DA:145,0
DA:146,0
DA:147,0
DA:149,0
DA:151,0
DA:152,0
DA:153,0
DA:155,0
DA:158,0
DA:162,0
DA:164,0
DA:166,0
DA:167,0
DA:168,0
DA:170,0
DA:171,0
DA:173,0
DA:174,0
DA:176,0
DA:177,0
DA:178,0
DA:180,0
DA:183,0
DA:185,0
DA:187,0
DA:188,0
DA:189,0
DA:190,0
DA:191,0
DA:192,0
DA:193,0
DA:194,0
DA:195,0
DA:196,0
DA:197,0
DA:201,0
DA:202,0
DA:204,0
DA:205,0
DA:208,0
DA:212,0
DA:215,0
DA:217,0
DA:219,0
DA:220,0
DA:221,0
DA:222,0
DA:223,0
DA:224,0
DA:225,0
DA:226,0
DA:227,0
DA:228,0
DA:229,0
DA:234,0
DA:239,0
DA:241,0
DA:242,0
DA:243,0
DA:244,0
DA:247,0
DA:252,0
DA:254,0
DA:255,0
DA:256,0
DA:257,0
DA:260,0
DA:264,0
DA:266,0
DA:268,0
DA:269,0
DA:271,0
DA:272,0
DA:273,0
DA:275,0
DA:278,0
DA:279,0
DA:283,0
DA:287,0
DA:291,0
DA:293,0
DA:294,0
DA:296,0
DA:300,0
DA:301,0
DA:302,0
DA:303,0
DA:304,0
DA:305,0
DA:306,0
DA:307,0
DA:308,0
DA:312,0
DA:313,0
DA:319,0
DA:321,0
DA:322,0
DA:323,0
DA:324,0
DA:325,0
DA:326,0
DA:327,0
DA:328,0
DA:329,0
LF:165
LH:0
end_of_record
TN:
SF:/app/kukuri-tauri/src-tauri/src/presentation/ipc/direct_message_notifier.rs
FN:14,IpcDirectMessageNotifier::new
FN:43,<impl DirectMessageNotifier for IpcDirectMessageNotifier>::notify
FNF:2
FNDA:0,IpcDirectMessageNotifier::new
FNDA:0,<impl DirectMessageNotifier for IpcDirectMessageNotifier>::notify
DA:14,0
DA:16,0
DA:43,0
DA:45,0
DA:46,0
DA:47,0
DA:66,0
DA:68,0
DA:69,0
LF:9
LH:0
end_of_record
TN:
SF:/app/kukuri-tauri/src-tauri/src/shared/config.rs
FN:80,<impl Default for AppConfig>::default
FN:114,<impl Default for MetricsConfig>::default
FN:127,<impl Default for MetricsScoreWeightsConfig>::default
FN:137,AppConfig::from_env
FN:207,AppConfig::validate
FN:231,parse_bool
FN:239,parse_u64
FN:243,parse_f64
FN:247,parse_u16
FNF:9
FNDA:1,<impl Default for AppConfig>::default
FNDA:1,<impl Default for MetricsConfig>::default
FNDA:1,<impl Default for MetricsScoreWeightsConfig>::default
FNDA:0,AppConfig::from_env
FNDA:0,AppConfig::validate
FNDA:0,parse_bool
FNDA:0,parse_u64
FNDA:0,parse_f64
FNDA:0,parse_u16
DA:80,1
DA:82,1
DA:87,1
DA:97,1
DA:103,1
DA:108,1
DA:114,1
DA:119,1
DA:127,1
DA:137,0
DA:139,0
DA:140,0
DA:143,0
DA:144,0
DA:146,0
DA:147,0
DA:149,0
DA:150,0
DA:153,0
DA:154,0
DA:156,0
DA:157,0
DA:159,0
DA:160,0
DA:161,0
DA:165,0
DA:167,0
DA:168,0
DA:170,0
DA:171,0
DA:172,0
DA:175,0
DA:176,0
DA:177,0
DA:180,0
DA:181,0
DA:182,0
DA:185,0
DA:186,0
DA:187,0
DA:190,0
DA:191,0
DA:192,0
DA:195,0
DA:196,0
DA:197,0
DA:200,0
DA:201,0
DA:204,0
DA:207,0
DA:208,0
DA:209,0
DA:211,0
DA:212,0
DA:214,0
DA:215,0
DA:216,0
DA:218,0
DA:219,0
DA:222,0
DA:223,0
DA:224,0
DA:227,0
DA:231,0
DA:232,0
DA:233,0
DA:234,0
DA:235,0
DA:239,0
DA:240,0
DA:243,0
DA:244,0
DA:247,0
DA:248,0
LF:74
LH:9
end_of_record
TN:
SF:/app/kukuri-tauri/src-tauri/src/shared/error.rs
FN:50,AppError::validation
FN:57,AppError::validation_kind
FN:64,AppError::validation_message
FN:71,AppError::validation_mapper
FN:75,AppError::rate_limited
FN:82,AppError::code
FN:104,AppError::user_message
FN:210,<impl From for AppError>::from
FNF:8
FNDA:1,AppError::validation
FNDA:1,AppError::validation_kind
FNDA:1,AppError::validation_message
FNDA:3,AppError::validation_mapper
FNDA:1,AppError::rate_limited
FNDA:0,AppError::code
FNDA:0,AppError::user_message
FNDA:0,<impl From for AppError>::from
DA:50,1
DA:53,1
DA:57,1
DA:58,1
DA:59,1
DA:60,1
DA:64,1
DA:65,1
DA:66,1
DA:67,0
DA:71,3
DA:72,0
DA:75,1
DA:77,1
DA:82,0
DA:83,0
DA:84,0
DA:85,0
DA:86,0
DA:87,0
DA:88,0
DA:89,0
DA:90,0
DA:91,0
DA:92,0
DA:93,0
DA:94,0
DA:95,0
DA:96,0
DA:97,0
DA:98,0
DA:99,0
DA:100,0
DA:104,0
DA:105,0
DA:106,0
DA:107,0
DA:108,0
DA:109,0
DA:110,0
DA:112,0
DA:114,0
DA:115,0
DA:116,0
DA:117,0
DA:119,0
DA:120,0
DA:121,0
DA:122,0
DA:123,0
DA:124,0
DA:125,0
DA:126,0
DA:132,1
DA:133,2
DA:138,0
DA:139,0
DA:144,0
DA:145,0
DA:150,0
DA:151,0
DA:156,0
DA:157,0
DA:162,0
DA:163,0
DA:168,0
DA:169,0
DA:174,0
DA:175,0
DA:180,0
DA:181,0
DA:186,0
DA:187,0
DA:192,0
DA:193,0
DA:198,0
DA:199,0
DA:204,0
DA:205,0
DA:210,0
DA:211,0
LF:81
LH:14
end_of_record
TN:
SF:/app/kukuri-tauri/src-tauri/src/shared/metrics.rs
FN:23,AtomicMetric::new
FN:32,AtomicMetric::record_success
FN:38,AtomicMetric::record_failure
FN:44,AtomicMetric::snapshot
FN:53,AtomicMetric::reset
FN:62,current_unix_ms
FN:70,timestamp_to_option
FNF:7
FNDA:0,AtomicMetric::new
FNDA:1,AtomicMetric::record_success
FNDA:1,AtomicMetric::record_failure
FNDA:1,AtomicMetric::snapshot
FNDA:1,AtomicMetric::reset
FNDA:1,current_unix_ms
FNDA:2,timestamp_to_option
DA:23,0
DA:25,0
DA:26,0
DA:27,0
DA:28,0
DA:32,1
DA:33,1
DA:34,2
DA:35,1
DA:38,1
DA:39,1
DA:40,2
DA:41,1
DA:44,1
DA:46,1
DA:47,2
DA:48,2
DA:49,2
DA:53,1
DA:54,1
DA:55,1
DA:56,1
DA:57,1
DA:62,1
DA:63,1
DA:64,0
DA:65,2
DA:66,0
DA:70,2
DA:71,2
LF:30
LH:23
end_of_record
TN:
SF:/app/kukuri-tauri/src-tauri/src/shared/rate_limiter.rs
FN:13,RateLimiter::new
FN:21,RateLimiter::check_and_record
FNF:2
FNDA:2,RateLimiter::new
FNDA:4,RateLimiter::check_and_record
DA:13,2
DA:15,2
DA:21,4
DA:22,2
DA:23,2
DA:24,1
DA:25,3
DA:26,1
DA:27,2
DA:29,2
DA:31,1
DA:32,1
DA:33,1
DA:36,1
DA:37,1
LF:15
LH:15
end_of_record
TN:
SF:/app/kukuri-tauri/src-tauri/src/shared/validation.rs
FN:40,ValidationFailureKind::as_str
FN:62,<impl Display for ValidationFailureKind>::fmt
FN:69,<impl FromStr for ValidationFailureKind>::from_str
FNF:3
FNDA:0,ValidationFailureKind::as_str
FNDA:0,<impl Display for ValidationFailureKind>::fmt
FNDA:0,<impl FromStr for ValidationFailureKind>::from_str
DA:40,0
DA:41,0
DA:42,0
DA:43,0
DA:44,0
DA:45,0
DA:46,0
DA:47,0
DA:48,0
DA:49,0
DA:50,0
DA:51,0
DA:52,0
DA:53,0
DA:54,0
DA:55,0
DA:56,0
DA:62,0
DA:63,0
DA:69,0
DA:71,0
DA:72,0
DA:73,0
DA:74,0
DA:75,0
DA:76,0
DA:77,0
DA:78,0
DA:79,0
DA:80,0
DA:81,0
DA:82,0
DA:83,0
DA:84,0
DA:85,0
DA:86,0
LF:36
LH:0
end_of_record
TN:
SF:/app/kukuri-tauri/src-tauri/src/state.rs
FN:124,AppState::new
FN:599,AppState::initialize_p2p
FN:608,AppState::ensure_ui_subscription
FN:772,AppState::ensure_default_and_user_subscriptions
FN:786,AppState::stop_ui_subscription
FN:798,spawn_trending_metrics_job
FNF:6
FNDA:0,AppState::new
FNDA:0,AppState::initialize_p2p
FNDA:0,AppState::ensure_ui_subscription
FNDA:0,AppState::ensure_default_and_user_subscriptions
FNDA:0,AppState::stop_ui_subscription
FNDA:0,spawn_trending_metrics_job
DA:123,0
DA:124,0
DA:125,0
DA:126,0
DA:127,0
DA:128,0
DA:131,0
DA:134,0
DA:137,0
DA:139,0
DA:145,0
DA:148,0
DA:151,0
DA:154,0
DA:155,0
DA:156,0
DA:158,0
DA:159,0
DA:162,0
DA:166,0
DA:168,0
DA:171,0
DA:173,0
DA:175,0
DA:176,0
DA:178,0
DA:179,0
DA:182,0
DA:183,0
DA:184,0
DA:185,0
DA:187,0
DA:188,0
DA:189,0
DA:191,0
DA:193,0
DA:194,0
DA:195,0
DA:199,0
DA:200,0
DA:202,0
DA:203,0
DA:204,0
DA:206,0
DA:207,0
DA:208,0
DA:209,0
DA:210,0
DA:211,0
DA:212,0
DA:215,0
DA:216,0
DA:217,0
DA:218,0
DA:219,0
DA:220,0
DA:222,0
DA:223,0
DA:224,0
DA:226,0
DA:227,0
DA:228,0
DA:231,0
DA:232,0
DA:234,0
DA:235,0
DA:239,0
DA:240,0
DA:241,0
DA:242,0
DA:243,0
DA:244,0
DA:245,0
DA:248,0
DA:250,0
DA:251,0
DA:252,0
DA:254,0
DA:255,0
DA:256,0
DA:257,0
DA:258,0
DA:260,0
DA:262,0
DA:263,0
DA:264,0
DA:267,0
DA:269,0
DA:271,0
DA:272,0
DA:275,0
DA:276,0
DA:277,0
DA:278,0
DA:279,0
DA:282,0
DA:283,0
DA:288,0
DA:289,0
DA:290,0
DA:293,0
DA:294,0
DA:295,0
DA:296,0
DA:299,0
DA:300,0
DA:304,0
DA:306,0
DA:309,0
DA:310,0
DA:311,0
DA:312,0
DA:313,0
DA:314,0
DA:316,0
DA:317,0
DA:319,0
DA:320,0
DA:321,0
DA:322,0
DA:324,0
DA:325,0
DA:326,0
DA:329,0
DA:330,0
DA:331,0
DA:332,0
DA:336,0
DA:337,0
DA:338,0
DA:340,0
DA:341,0
DA:342,0
DA:347,0
DA:350,0
DA:351,0
DA:352,0
DA:355,0
DA:359,0
DA:360,0
DA:361,0
DA:362,0
DA:364,0
DA:365,0
DA:366,0
DA:367,0
DA:368,0
DA:376,0
DA:380,0
DA:381,0
DA:383,0
DA:391,0
DA:392,0
DA:393,0
DA:394,0
DA:395,0
DA:396,0
DA:397,0
DA:398,0
DA:401,0
DA:403,0
DA:412,0
DA:415,0
DA:417,0
DA:418,0
DA:419,0
DA:420,0
DA:421,0
DA:422,0
DA:425,0
DA:426,0
DA:428,0
DA:429,0
DA:430,0
DA:431,0
DA:435,0
DA:436,0
DA:437,0
DA:441,0
DA:442,0
DA:443,0
DA:445,0
DA:446,0
DA:447,0
DA:448,0
DA:449,0
DA:451,0
DA:452,0
DA:453,0
DA:454,0
DA:455,0
DA:456,0
DA:457,0
DA:462,0
DA:463,0
DA:464,0
DA:465,0
DA:466,0
DA:467,0
DA:474,0
DA:475,0
DA:476,0
DA:477,0
DA:478,0
DA:480,0
DA:482,0
DA:486,0
DA:487,0
DA:500,0
DA:503,0
DA:504,0
DA:505,0
DA:506,0
DA:507,0
DA:508,0
DA:513,0
DA:542,0
DA:543,0
DA:544,0
DA:545,0
DA:551,0
DA:552,0
DA:553,0
DA:558,0
DA:559,0
DA:560,0
DA:561,0
DA:562,0
DA:563,0
DA:564,0
DA:565,0
DA:567,0
DA:571,0
DA:572,0
DA:573,0
DA:574,0
DA:587,0
DA:588,0
DA:589,0
DA:590,0
DA:595,0
DA:599,0
DA:602,0
DA:608,0
DA:611,0
DA:612,0
DA:613,0
DA:614,0
DA:620,0
DA:621,0
DA:622,0
DA:623,0
DA:624,0
DA:625,0
DA:626,0
DA:628,0
DA:630,0
DA:631,0
DA:632,0
DA:633,0
DA:634,0
DA:635,0
DA:636,0
DA:643,0
DA:644,0
DA:646,0
DA:647,0
DA:650,0
DA:651,0
DA:652,0
DA:653,0
DA:654,0
DA:656,0
DA:657,0
DA:658,0
DA:660,0
DA:661,0
DA:665,0
DA:666,0
DA:669,0
DA:672,0
DA:673,0
DA:674,0
DA:675,0
DA:676,0
DA:677,0
DA:683,0
DA:685,0
DA:686,0
DA:687,0
DA:688,0
DA:689,0
DA:691,0
DA:693,0
DA:694,0
DA:697,0
DA:698,0
DA:699,0
DA:700,0
DA:701,0
DA:702,0
DA:703,0
DA:704,0
DA:707,0
DA:708,0
DA:711,0
DA:712,0
DA:713,0
DA:714,0
DA:715,0
DA:716,0
DA:718,0
DA:727,0
DA:728,0
DA:729,0
DA:730,0
DA:731,0
DA:733,0
DA:749,0
DA:750,0
DA:752,0
DA:753,0
DA:754,0
DA:756,0
DA:757,0
DA:759,0
DA:760,0
DA:762,0
DA:763,0
DA:768,0
DA:772,0
DA:773,0
DA:774,0
DA:775,0
DA:777,0
DA:778,0
DA:779,0
DA:782,0
DA:786,0
DA:789,0
DA:790,0
DA:792,0
DA:793,0
DA:794,0
DA:798,0
DA:799,0
DA:804,0
DA:805,0
DA:806,0
DA:807,0
DA:813,0
LF:351
LH:0
end_of_record
